#
# There is insufficient memory for the Java Runtime Environment to continue.
# Native memory allocation (mmap) failed to map 136314880 bytes for Failed to commit area from 0x0000000095400000 to 0x000000009d600000 of length 136314880.
# Possible reasons:
#   The system is out of physical RAM or swap space
#   The process is running with CompressedOops enabled, and the Java Heap may be blocking the growth of the native heap
# Possible solutions:
#   Reduce memory load on the system
#   Increase physical memory or swap space
#   Check if swap backing store is full
#   Decrease Java heap size (-Xmx/-Xms)
#   Decrease number of Java threads
#   Decrease Java thread stack sizes (-Xss)
#   Set larger code cache with -XX:ReservedCodeCacheSize=
#   JVM is running with Unscaled Compressed Oops mode in which the Java heap is
#     placed in the first 4GB address space. The Java Heap base address is the
#     maximum limit for the native heap growth. Please use -XX:HeapBaseMinAddress
#     to set the Java Heap base and to place the Java Heap above 4GB virtual address.
# This output file may be truncated or incomplete.
#
#  Out of Memory Error (./src/hotspot/os/windows/os_windows.cpp:3301), pid=15348, tid=6292
#
# JRE version: OpenJDK Runtime Environment (11.0.10) (build 11.0.10+0-b96-7249189)
# Java VM: OpenJDK 64-Bit Server VM (11.0.10+0-b96-7249189, mixed mode, tiered, compressed oops, g1 gc, windows-amd64)
# No core dump will be written. Minidumps are not enabled by default on client versions of Windows
#

---------------  S U M M A R Y ------------

Command Line: --add-opens=java.base/java.util=ALL-UNNAMED --add-opens=java.base/java.lang=ALL-UNNAMED --add-opens=java.base/java.lang.invoke=ALL-UNNAMED --add-opens=java.base/java.util=ALL-UNNAMED --add-opens=java.prefs/java.util.prefs=ALL-UNNAMED --add-opens=java.prefs/java.util.prefs=ALL-UNNAMED --add-opens=java.base/java.nio.charset=ALL-UNNAMED --add-opens=java.base/java.net=ALL-UNNAMED --add-opens=java.base/java.util.concurrent.atomic=ALL-UNNAMED -Xmx2048m -Dfile.encoding=UTF-8 -Duser.country=ID -Duser.language=en -Duser.variant org.gradle.launcher.daemon.bootstrap.GradleDaemon 7.0.2

Host: Intel(R) Core(TM) i3-7100T CPU @ 3.40GHz, 4 cores, 11G,  Windows 10 , 64 bit Build 19041 (10.0.19041.1348)
Time: Wed Jan  5 23:42:00 2022 SE Asia Standard Time elapsed time: 36.168628 seconds (0d 0h 0m 36s)

---------------  T H R E A D  ---------------

Current thread (0x000001d5b28dd000):  VMThread "VM Thread" [stack: 0x00000060dca00000,0x00000060dcb00000] [id=6292]

Stack: [0x00000060dca00000,0x00000060dcb00000]
[error occurred during error reporting (printing stack bounds), id 0xc0000005, EXCEPTION_ACCESS_VIOLATION (0xc0000005) at pc=0x000001d59c040f2d]

Native frames: (J=compiled Java code, j=interpreted, Vv=VM code, C=native code)
V  [jvm.dll+0x5ecfaa]
V  [jvm.dll+0x722bd5]
V  [jvm.dll+0x72412d]
V  [jvm.dll+0x724745]
V  [jvm.dll+0x7246fb]
V  [jvm.dll+0x5ec348]
V  [jvm.dll+0x5ecad8]
C  [ntdll.dll+0xa20cf]
C  [ntdll.dll+0x51454]
C  [ntdll.dll+0xa0bfe]
C  0x000001d59c040f2d

VM_Operation (0x00000060e09fddf0): G1CollectForAllocation, mode: safepoint, requested by thread 0x000001d5b8650800


---------------  P R O C E S S  ---------------

Threads class SMR info:
_java_thread_list=0x000001d5b3459f30, length=58, elements={
0x000001d59852c800, 0x000001d5b3101800, 0x000001d5b3105000, 0x000001d5b3157800,
0x000001d5b3159000, 0x000001d5b315b000, 0x000001d5b315c000, 0x000001d5b28fd000,
0x000001d5b28fe000, 0x000001d5b32c0000, 0x000001d5b5e3e800, 0x000001d5b4873000,
0x000001d5b559d800, 0x000001d5b569a800, 0x000001d5b5c16000, 0x000001d5b5cdb000,
0x000001d5b5d26800, 0x000001d5b5cda000, 0x000001d5b5590000, 0x000001d5b6290000,
0x000001d5b628d800, 0x000001d5b628f000, 0x000001d5b628e000, 0x000001d5b6924800,
0x000001d5b6926800, 0x000001d5b6923000, 0x000001d5b6922000, 0x000001d5b6924000,
0x000001d5b6925800, 0x000001d5b6920800, 0x000001d5b6921800, 0x000001d5b692d000,
0x000001d5b6929000, 0x000001d5b6929800, 0x000001d5b692c000, 0x000001d5b692d800,
0x000001d5b692a800, 0x000001d5b6928000, 0x000001d5b692e800, 0x000001d5b692f800,
0x000001d5b8643800, 0x000001d5b8647000, 0x000001d5b8645000, 0x000001d5b8646000,
0x000001d5b8642000, 0x000001d5b8648800, 0x000001d5b8642800, 0x000001d5b864b800,
0x000001d5b864c800, 0x000001d5b864f000, 0x000001d5b864b000, 0x000001d5b864e000,
0x000001d5b8649000, 0x000001d5b9959800, 0x000001d5b864a000, 0x000001d5b8650800,
0x000001d5b347b800, 0x000001d5b347b000
}

Java Threads: ( => current thread )
  0x000001d59852c800 JavaThread "main" [_thread_blocked, id=12764, stack(0x00000060dc400000,0x00000060dc500000)]
  0x000001d5b3101800 JavaThread "Reference Handler" daemon [_thread_blocked, id=14940, stack(0x00000060dcb00000,0x00000060dcc00000)]
  0x000001d5b3105000 JavaThread "Finalizer" daemon [_thread_blocked, id=13240, stack(0x00000060dcc00000,0x00000060dcd00000)]
  0x000001d5b3157800 JavaThread "Signal Dispatcher" daemon [_thread_blocked, id=3372, stack(0x00000060dcd00000,0x00000060dce00000)]
  0x000001d5b3159000 JavaThread "Attach Listener" daemon [_thread_blocked, id=11748, stack(0x00000060dce00000,0x00000060dcf00000)]
  0x000001d5b315b000 JavaThread "Service Thread" daemon [_thread_blocked, id=7592, stack(0x00000060dcf00000,0x00000060dd000000)]
  0x000001d5b315c000 JavaThread "C2 CompilerThread0" daemon [_thread_blocked, id=14836, stack(0x00000060dd000000,0x00000060dd100000)]
  0x000001d5b28fd000 JavaThread "C1 CompilerThread0" daemon [_thread_blocked, id=4684, stack(0x00000060dd100000,0x00000060dd200000)]
  0x000001d5b28fe000 JavaThread "Sweeper thread" daemon [_thread_blocked, id=14840, stack(0x00000060dd200000,0x00000060dd300000)]
  0x000001d5b32c0000 JavaThread "Common-Cleaner" daemon [_thread_blocked, id=14040, stack(0x00000060dd300000,0x00000060dd400000)]
  0x000001d5b5e3e800 JavaThread "Daemon health stats" [_thread_blocked, id=12544, stack(0x00000060dd900000,0x00000060dda00000)]
  0x000001d5b4873000 JavaThread "Incoming local TCP Connector on port 6173" [_thread_in_native, id=15288, stack(0x00000060dd500000,0x00000060dd600000)]
  0x000001d5b559d800 JavaThread "Daemon periodic checks" [_thread_blocked, id=2468, stack(0x00000060dda00000,0x00000060ddb00000)]
  0x000001d5b569a800 JavaThread "Daemon" [_thread_blocked, id=12376, stack(0x00000060ddb00000,0x00000060ddc00000)]
  0x000001d5b5c16000 JavaThread "Handler for socket connection from /127.0.0.1:6173 to /127.0.0.1:6174" [_thread_in_native, id=1512, stack(0x00000060ddc00000,0x00000060ddd00000)]
  0x000001d5b5cdb000 JavaThread "Cancel handler" [_thread_blocked, id=12576, stack(0x00000060dde00000,0x00000060ddf00000)]
  0x000001d5b5d26800 JavaThread "Daemon worker" [_thread_blocked, id=13400, stack(0x00000060ddf00000,0x00000060de000000)]
  0x000001d5b5cda000 JavaThread "Asynchronous log dispatcher for DefaultDaemonConnection: socket connection from /127.0.0.1:6173 to /127.0.0.1:6174" [_thread_blocked, id=2472, stack(0x00000060de000000,0x00000060de100000)]
  0x000001d5b5590000 JavaThread "Stdin handler" [_thread_blocked, id=14452, stack(0x00000060de100000,0x00000060de200000)]
  0x000001d5b6290000 JavaThread "Daemon client event forwarder" [_thread_blocked, id=12708, stack(0x00000060de200000,0x00000060de300000)]
  0x000001d5b628d800 JavaThread "Cache worker for file hash cache (C:\Users\Lenovo\.gradle\caches\7.0.2\fileHashes)" [_thread_blocked, id=12348, stack(0x00000060de300000,0x00000060de400000)]
  0x000001d5b628f000 JavaThread "File lock request listener" [_thread_in_native, id=14928, stack(0x00000060de400000,0x00000060de500000)]
  0x000001d5b628e000 JavaThread "Cache worker for journal cache (C:\Users\Lenovo\.gradle\caches\journal-1)" [_thread_blocked, id=12720, stack(0x00000060de500000,0x00000060de600000)]
  0x000001d5b6924800 JavaThread "Cache worker for file hash cache (C:\Users\Lenovo\AndroidStudioProjects\BotNav\.gradle\7.0.2\fileHashes)" [_thread_blocked, id=13404, stack(0x00000060de600000,0x00000060de700000)]
  0x000001d5b6926800 JavaThread "File watcher server" daemon [_thread_blocked, id=15024, stack(0x00000060de700000,0x00000060de800000)]
  0x000001d5b6923000 JavaThread "File watcher consumer" daemon [_thread_blocked, id=15036, stack(0x00000060de800000,0x00000060de900000)]
  0x000001d5b6922000 JavaThread "Cache worker for checksums cache (C:\Users\Lenovo\AndroidStudioProjects\BotNav\.gradle\checksums)" [_thread_blocked, id=14892, stack(0x00000060de900000,0x00000060dea00000)]
  0x000001d5b6924000 JavaThread "Cache worker for cache directory md-supplier (C:\Users\Lenovo\.gradle\caches\7.0.2\md-supplier)" [_thread_blocked, id=5680, stack(0x00000060dea00000,0x00000060deb00000)]
  0x000001d5b6925800 JavaThread "Cache worker for cache directory md-rule (C:\Users\Lenovo\.gradle\caches\7.0.2\md-rule)" [_thread_blocked, id=15264, stack(0x00000060deb00000,0x00000060dec00000)]
  0x000001d5b6920800 JavaThread "Cache worker for execution history cache (C:\Users\Lenovo\.gradle\caches\7.0.2\executionHistory)" [_thread_blocked, id=5188, stack(0x00000060dec00000,0x00000060ded00000)]
  0x000001d5b6921800 JavaThread "jar transforms" [_thread_blocked, id=8992, stack(0x00000060ded00000,0x00000060dee00000)]
  0x000001d5b692d000 JavaThread "jar transforms Thread 2" [_thread_blocked, id=7324, stack(0x00000060dee00000,0x00000060def00000)]
  0x000001d5b6929000 JavaThread "Cache worker for file content cache (C:\Users\Lenovo\.gradle\caches\7.0.2\fileContent)" [_thread_blocked, id=9876, stack(0x00000060def00000,0x00000060df000000)]
  0x000001d5b6929800 JavaThread "Cache worker for dependencies-accessors (C:\Users\Lenovo\AndroidStudioProjects\BotNav\.gradle\7.0.2\dependencies-accessors)" [_thread_blocked, id=13844, stack(0x00000060df000000,0x00000060df100000)]
  0x000001d5b692c000 JavaThread "jar transforms Thread 3" [_thread_blocked, id=14632, stack(0x00000060df100000,0x00000060df200000)]
  0x000001d5b692d800 JavaThread "Cache worker for Build Output Cleanup Cache (C:\Users\Lenovo\AndroidStudioProjects\BotNav\.gradle\buildOutputCleanup)" [_thread_blocked, id=13040, stack(0x00000060df200000,0x00000060df300000)]
  0x000001d5b692a800 JavaThread "Build operations" [_thread_blocked, id=10448, stack(0x00000060df300000,0x00000060df400000)]
  0x000001d5b6928000 JavaThread "Build operations Thread 2" [_thread_blocked, id=14420, stack(0x00000060df400000,0x00000060df500000)]
  0x000001d5b692e800 JavaThread "Build operations Thread 3" [_thread_blocked, id=15184, stack(0x00000060df500000,0x00000060df600000)]
  0x000001d5b692f800 JavaThread "Build operations Thread 4" [_thread_blocked, id=10388, stack(0x00000060df600000,0x00000060df700000)]
  0x000001d5b8643800 JavaThread "jar transforms Thread 4" [_thread_blocked, id=12616, stack(0x00000060df700000,0x00000060df800000)]
  0x000001d5b8647000 JavaThread "Memory manager" [_thread_blocked, id=10052, stack(0x00000060df800000,0x00000060df900000)]
  0x000001d5b8645000 JavaThread "build event listener" [_thread_blocked, id=13764, stack(0x00000060df900000,0x00000060dfa00000)]
  0x000001d5b8646000 JavaThread "pool-3-thread-1" [_thread_blocked, id=6800, stack(0x00000060dfa00000,0x00000060dfb00000)]
  0x000001d5b8642000 JavaThread "build event listener" [_thread_blocked, id=13648, stack(0x00000060dfb00000,0x00000060dfc00000)]
  0x000001d5b8648800 JavaThread "Execution worker for ':'" [_thread_blocked, id=6960, stack(0x00000060dfc00000,0x00000060dfd00000)]
  0x000001d5b8642800 JavaThread "Execution worker for ':' Thread 2" [_thread_blocked, id=14280, stack(0x00000060dfd00000,0x00000060dfe00000)]
  0x000001d5b864b800 JavaThread "Execution worker for ':' Thread 3" [_thread_blocked, id=12752, stack(0x00000060dfe00000,0x00000060dff00000)]
  0x000001d5b864c800 JavaThread "Cache worker for execution history cache (C:\Users\Lenovo\AndroidStudioProjects\BotNav\.gradle\7.0.2\executionHistory)" [_thread_blocked, id=9996, stack(0x00000060ddd00000,0x00000060dde00000)]
  0x000001d5b864f000 JavaThread "WorkerExecutor Queue" [_thread_blocked, id=14416, stack(0x00000060e0000000,0x00000060e0100000)]
  0x000001d5b864b000 JavaThread "WorkerExecutor Queue Thread 2" [_thread_blocked, id=7704, stack(0x00000060e0200000,0x00000060e0300000)]
  0x000001d5b864e000 JavaThread "WorkerExecutor Queue Thread 3" [_thread_blocked, id=9400, stack(0x00000060e0300000,0x00000060e0400000)]
  0x000001d5b8649000 JavaThread "WorkerExecutor Queue Thread 4" [_thread_blocked, id=5500, stack(0x00000060e0400000,0x00000060e0500000)]
  0x000001d5b9959800 JavaThread "C2 CompilerThread1" daemon [_thread_blocked, id=6052, stack(0x00000060dff00000,0x00000060e0000000)]
  0x000001d5b864a000 JavaThread "ForkJoinPool-1-worker-3" daemon [_thread_blocked, id=6860, stack(0x00000060e0800000,0x00000060e0900000)]
  0x000001d5b8650800 JavaThread "ForkJoinPool-1-worker-5" daemon [_thread_blocked, id=10720, stack(0x00000060e0900000,0x00000060e0a00000)]
  0x000001d5b347b800 JavaThread "ForkJoinPool-1-worker-7" daemon [_thread_blocked, id=412, stack(0x00000060e0a00000,0x00000060e0b00000)]
  0x000001d5b347b000 JavaThread "ForkJoinPool-1-worker-1" daemon [_thread_blocked, id=13196, stack(0x00000060e0b00000,0x00000060e0c00000)]

Other Threads:
=>0x000001d5b28dd000 VMThread "VM Thread" [stack: 0x00000060dca00000,0x00000060dcb00000] [id=6292]
  0x000001d5b32d6800 WatcherThread [stack: 0x00000060dd400000,0x00000060dd500000] [id=15304]
  0x000001d598545000 GCTaskThread "GC Thread#0" [stack: 0x00000060dc500000,0x00000060dc600000] [id=12800]
  0x000001d5b3fbe800 GCTaskThread "GC Thread#1" [stack: 0x00000060dd600000,0x00000060dd700000] [id=11984]
  0x000001d5b3c18000 GCTaskThread "GC Thread#2" [stack: 0x00000060dd700000,0x00000060dd800000] [id=1504]
  0x000001d5b3cc2000 GCTaskThread "GC Thread#3" [stack: 0x00000060dd800000,0x00000060dd900000] [id=5692]
  0x000001d598575800 ConcurrentGCThread "G1 Main Marker" [stack: 0x00000060dc600000,0x00000060dc700000] [id=2184]
  0x000001d598577000 ConcurrentGCThread "G1 Conc#0" [stack: 0x00000060dc700000,0x00000060dc800000] [id=11496]
  0x000001d59860e000 ConcurrentGCThread "G1 Refine#0" [stack: 0x00000060dc800000,0x00000060dc900000] [id=7684]
  0x000001d5b98d7000 ConcurrentGCThread "G1 Refine#1" [stack: 0x00000060e0100000,0x00000060e0200000] [id=9460]
  0x000001d5b2730800 ConcurrentGCThread "G1 Young RemSet Sampling" [stack: 0x00000060dc900000,0x00000060dca00000] [id=11196]

Threads with active compile tasks:
C2 CompilerThread0  36184 16872 %     4       com.android.tools.r8.internal.ek::a @ 183 (3950 bytes)
C2 CompilerThread1  36184 16868       4       com.android.tools.r8.dex.b$$Lambda$1735/0x0000000100affc40::accept (24 bytes)

VM state:at safepoint (normal execution)

VM Mutex/Monitor currently owned by a thread:  ([mutex/lock_event])
[0x000001d598529280] Threads_lock - owner thread: 0x000001d5b28dd000
[0x000001d598528d70] Heap_lock - owner thread: 0x000001d5b8650800

Heap address: 0x0000000080000000, size: 2048 MB, Compressed Oops mode: 32-bit
Narrow klass base: 0x0000000000000000, Narrow klass shift: 3
Compressed class space size: 1073741824 Address: 0x0000000100000000

Heap:
 garbage-first heap   total 481280K, used 202624K [0x0000000080000000, 0x0000000100000000)
  region size 1024K, 2 young (2048K), 2 survivors (2048K)
 Metaspace       used 100278K, capacity 103106K, committed 103288K, reserved 1138688K
  class space    used 12869K, capacity 13938K, committed 14028K, reserved 1048576K
Heap Regions: E=young(eden), S=young(survivor), O=old, HS=humongous(starts), HC=humongous(continues), CS=collection set, F=free, A=archive, TAMS=top-at-mark-start (previous, next)
|   0|0x0000000080000000, 0x0000000080100000, 0x0000000080100000|100%| O|  |TAMS 0x0000000080100000, 0x0000000080000000| Complete 
|   1|0x0000000080100000, 0x0000000080200000, 0x0000000080200000|100%| O|  |TAMS 0x0000000080200000, 0x0000000080100000| Untracked 
|   2|0x0000000080200000, 0x0000000080300000, 0x0000000080300000|100%| O|  |TAMS 0x0000000080300000, 0x0000000080200000| Untracked 
|   3|0x0000000080300000, 0x0000000080400000, 0x0000000080400000|100%|HS|  |TAMS 0x0000000080400000, 0x0000000080300000| Complete 
|   4|0x0000000080400000, 0x0000000080500000, 0x0000000080500000|100%|HC|  |TAMS 0x0000000080500000, 0x0000000080400000| Complete 
|   5|0x0000000080500000, 0x0000000080600000, 0x0000000080600000|100%|HC|  |TAMS 0x0000000080600000, 0x0000000080500000| Complete 
|   6|0x0000000080600000, 0x0000000080700000, 0x0000000080700000|100%| O|  |TAMS 0x0000000080700000, 0x0000000080600000| Untracked 
|   7|0x0000000080700000, 0x0000000080800000, 0x0000000080800000|100%| O|  |TAMS 0x0000000080800000, 0x0000000080700000| Untracked 
|   8|0x0000000080800000, 0x0000000080900000, 0x0000000080900000|100%| O|  |TAMS 0x0000000080900000, 0x0000000080800000| Untracked 
|   9|0x0000000080900000, 0x0000000080a00000, 0x0000000080a00000|100%| O|  |TAMS 0x0000000080a00000, 0x0000000080900000| Untracked 
|  10|0x0000000080a00000, 0x0000000080b00000, 0x0000000080b00000|100%| O|  |TAMS 0x0000000080b00000, 0x0000000080a00000| Untracked 
|  11|0x0000000080b00000, 0x0000000080b00000, 0x0000000080c00000|  0%| F|  |TAMS 0x0000000080b00000, 0x0000000080b00000| Untracked 
|  12|0x0000000080c00000, 0x0000000080d00000, 0x0000000080d00000|100%| O|  |TAMS 0x0000000080d00000, 0x0000000080c00000| Untracked 
|  13|0x0000000080d00000, 0x0000000080e00000, 0x0000000080e00000|100%| O|  |TAMS 0x0000000080e00000, 0x0000000080d00000| Untracked 
|  14|0x0000000080e00000, 0x0000000080f00000, 0x0000000080f00000|100%|HS|  |TAMS 0x0000000080f00000, 0x0000000080e00000| Complete 
|  15|0x0000000080f00000, 0x0000000081000000, 0x0000000081000000|100%|HS|  |TAMS 0x0000000081000000, 0x0000000080f00000| Complete 
|  16|0x0000000081000000, 0x0000000081100000, 0x0000000081100000|100%|HS|  |TAMS 0x0000000081100000, 0x0000000081000000| Complete 
|  17|0x0000000081100000, 0x0000000081200000, 0x0000000081200000|100%|HC|  |TAMS 0x0000000081200000, 0x0000000081100000| Complete 
|  18|0x0000000081200000, 0x0000000081300000, 0x0000000081300000|100%| O|  |TAMS 0x0000000081300000, 0x0000000081200000| Untracked 
|  19|0x0000000081300000, 0x0000000081400000, 0x0000000081400000|100%| O|  |TAMS 0x0000000081400000, 0x0000000081300000| Untracked 
|  20|0x0000000081400000, 0x0000000081500000, 0x0000000081500000|100%| O|  |TAMS 0x0000000081500000, 0x0000000081400000| Untracked 
|  21|0x0000000081500000, 0x0000000081600000, 0x0000000081600000|100%| O|  |TAMS 0x0000000081600000, 0x0000000081500000| Untracked 
|  22|0x0000000081600000, 0x0000000081700000, 0x0000000081700000|100%| O|  |TAMS 0x0000000081700000, 0x0000000081600000| Untracked 
|  23|0x0000000081700000, 0x0000000081800000, 0x0000000081800000|100%| O|  |TAMS 0x0000000081800000, 0x0000000081700000| Untracked 
|  24|0x0000000081800000, 0x0000000081900000, 0x0000000081900000|100%| O|  |TAMS 0x0000000081900000, 0x0000000081800000| Untracked 
|  25|0x0000000081900000, 0x0000000081a00000, 0x0000000081a00000|100%| O|  |TAMS 0x0000000081a00000, 0x0000000081900000| Complete 
|  26|0x0000000081a00000, 0x0000000081b00000, 0x0000000081b00000|100%| O|  |TAMS 0x0000000081b00000, 0x0000000081a00000| Untracked 
|  27|0x0000000081b00000, 0x0000000081c00000, 0x0000000081c00000|100%| O|  |TAMS 0x0000000081c00000, 0x0000000081b00000| Untracked 
|  28|0x0000000081c00000, 0x0000000081d00000, 0x0000000081d00000|100%| O|  |TAMS 0x0000000081d00000, 0x0000000081c00000| Untracked 
|  29|0x0000000081d00000, 0x0000000081e00000, 0x0000000081e00000|100%| O|  |TAMS 0x0000000081e00000, 0x0000000081d00000| Untracked 
|  30|0x0000000081e00000, 0x0000000081f00000, 0x0000000081f00000|100%| O|  |TAMS 0x0000000081f00000, 0x0000000081e00000| Complete 
|  31|0x0000000081f00000, 0x0000000082000000, 0x0000000082000000|100%| O|  |TAMS 0x0000000082000000, 0x0000000081f00000| Untracked 
|  32|0x0000000082000000, 0x0000000082100000, 0x0000000082100000|100%| O|  |TAMS 0x0000000082100000, 0x0000000082000000| Untracked 
|  33|0x0000000082100000, 0x0000000082200000, 0x0000000082200000|100%| O|  |TAMS 0x0000000082200000, 0x0000000082100000| Untracked 
|  34|0x0000000082200000, 0x0000000082300000, 0x0000000082300000|100%| O|  |TAMS 0x0000000082300000, 0x0000000082200000| Untracked 
|  35|0x0000000082300000, 0x0000000082400000, 0x0000000082400000|100%| O|  |TAMS 0x0000000082400000, 0x0000000082300000| Untracked 
|  36|0x0000000082400000, 0x0000000082500000, 0x0000000082500000|100%| O|  |TAMS 0x0000000082500000, 0x0000000082400000| Untracked 
|  37|0x0000000082500000, 0x0000000082600000, 0x0000000082600000|100%| O|  |TAMS 0x0000000082600000, 0x0000000082500000| Untracked 
|  38|0x0000000082600000, 0x0000000082700000, 0x0000000082700000|100%| O|  |TAMS 0x0000000082700000, 0x0000000082600000| Untracked 
|  39|0x0000000082700000, 0x0000000082800000, 0x0000000082800000|100%| O|  |TAMS 0x0000000082800000, 0x0000000082700000| Untracked 
|  40|0x0000000082800000, 0x0000000082900000, 0x0000000082900000|100%| O|  |TAMS 0x0000000082900000, 0x0000000082800000| Complete 
|  41|0x0000000082900000, 0x0000000082a00000, 0x0000000082a00000|100%| O|  |TAMS 0x0000000082a00000, 0x0000000082900000| Untracked 
|  42|0x0000000082a00000, 0x0000000082b00000, 0x0000000082b00000|100%| O|  |TAMS 0x0000000082b00000, 0x0000000082a00000| Untracked 
|  43|0x0000000082b00000, 0x0000000082c00000, 0x0000000082c00000|100%| O|  |TAMS 0x0000000082c00000, 0x0000000082b00000| Untracked 
|  44|0x0000000082c00000, 0x0000000082d00000, 0x0000000082d00000|100%| O|  |TAMS 0x0000000082d00000, 0x0000000082c00000| Untracked 
|  45|0x0000000082d00000, 0x0000000082e00000, 0x0000000082e00000|100%| O|  |TAMS 0x0000000082e00000, 0x0000000082d00000| Untracked 
|  46|0x0000000082e00000, 0x0000000082f00000, 0x0000000082f00000|100%| O|  |TAMS 0x0000000082f00000, 0x0000000082e00000| Untracked 
|  47|0x0000000082f00000, 0x0000000083000000, 0x0000000083000000|100%| O|  |TAMS 0x0000000083000000, 0x0000000082f00000| Untracked 
|  48|0x0000000083000000, 0x0000000083100000, 0x0000000083100000|100%| O|  |TAMS 0x0000000083100000, 0x0000000083000000| Untracked 
|  49|0x0000000083100000, 0x0000000083200000, 0x0000000083200000|100%| O|  |TAMS 0x0000000083200000, 0x0000000083100000| Untracked 
|  50|0x0000000083200000, 0x0000000083300000, 0x0000000083300000|100%| O|  |TAMS 0x0000000083300000, 0x0000000083200000| Untracked 
|  51|0x0000000083300000, 0x0000000083400000, 0x0000000083400000|100%| O|  |TAMS 0x0000000083400000, 0x0000000083300000| Complete 
|  52|0x0000000083400000, 0x0000000083500000, 0x0000000083500000|100%| O|  |TAMS 0x0000000083500000, 0x0000000083400000| Complete 
|  53|0x0000000083500000, 0x0000000083600000, 0x0000000083600000|100%| O|  |TAMS 0x0000000083600000, 0x0000000083500000| Untracked 
|  54|0x0000000083600000, 0x0000000083700000, 0x0000000083700000|100%| O|  |TAMS 0x0000000083700000, 0x0000000083600000| Untracked 
|  55|0x0000000083700000, 0x0000000083800000, 0x0000000083800000|100%| O|  |TAMS 0x0000000083800000, 0x0000000083700000| Untracked 
|  56|0x0000000083800000, 0x0000000083900000, 0x0000000083900000|100%| O|  |TAMS 0x0000000083900000, 0x0000000083800000| Untracked 
|  57|0x0000000083900000, 0x0000000083a00000, 0x0000000083a00000|100%| O|  |TAMS 0x0000000083a00000, 0x0000000083900000| Untracked 
|  58|0x0000000083a00000, 0x0000000083b00000, 0x0000000083b00000|100%| O|  |TAMS 0x0000000083b00000, 0x0000000083a00000| Untracked 
|  59|0x0000000083b00000, 0x0000000083c00000, 0x0000000083c00000|100%| O|  |TAMS 0x0000000083c00000, 0x0000000083b00000| Untracked 
|  60|0x0000000083c00000, 0x0000000083d00000, 0x0000000083d00000|100%| O|  |TAMS 0x0000000083d00000, 0x0000000083c00000| Untracked 
|  61|0x0000000083d00000, 0x0000000083e00000, 0x0000000083e00000|100%| O|  |TAMS 0x0000000083e00000, 0x0000000083d00000| Untracked 
|  62|0x0000000083e00000, 0x0000000083f00000, 0x0000000083f00000|100%| O|  |TAMS 0x0000000083f00000, 0x0000000083e00000| Complete 
|  63|0x0000000083f00000, 0x0000000084000000, 0x0000000084000000|100%| O|  |TAMS 0x0000000084000000, 0x0000000083f00000| Untracked 
|  64|0x0000000084000000, 0x0000000084100000, 0x0000000084100000|100%| O|  |TAMS 0x0000000084100000, 0x0000000084000000| Complete 
|  65|0x0000000084100000, 0x0000000084200000, 0x0000000084200000|100%| O|  |TAMS 0x0000000084200000, 0x0000000084100000| Untracked 
|  66|0x0000000084200000, 0x0000000084300000, 0x0000000084300000|100%| O|  |TAMS 0x0000000084300000, 0x0000000084200000| Complete 
|  67|0x0000000084300000, 0x0000000084300000, 0x0000000084400000|  0%| F|  |TAMS 0x0000000084300000, 0x0000000084300000| Untracked 
|  68|0x0000000084400000, 0x0000000084400000, 0x0000000084500000|  0%| F|  |TAMS 0x0000000084400000, 0x0000000084400000| Untracked 
|  69|0x0000000084500000, 0x0000000084500000, 0x0000000084600000|  0%| F|  |TAMS 0x0000000084500000, 0x0000000084500000| Untracked 
|  70|0x0000000084600000, 0x0000000084600000, 0x0000000084700000|  0%| F|  |TAMS 0x0000000084600000, 0x0000000084600000| Untracked 
|  71|0x0000000084700000, 0x0000000084800000, 0x0000000084800000|100%| O|  |TAMS 0x0000000084800000, 0x0000000084700000| Complete 
|  72|0x0000000084800000, 0x0000000084900000, 0x0000000084900000|100%| O|  |TAMS 0x0000000084900000, 0x0000000084800000| Complete 
|  73|0x0000000084900000, 0x0000000084a00000, 0x0000000084a00000|100%| O|  |TAMS 0x0000000084a00000, 0x0000000084900000| Complete 
|  74|0x0000000084a00000, 0x0000000084b00000, 0x0000000084b00000|100%| O|  |TAMS 0x0000000084b00000, 0x0000000084a00000| Complete 
|  75|0x0000000084b00000, 0x0000000084c00000, 0x0000000084c00000|100%| O|  |TAMS 0x0000000084c00000, 0x0000000084b00000| Complete 
|  76|0x0000000084c00000, 0x0000000084c00000, 0x0000000084d00000|  0%| F|  |TAMS 0x0000000084c00000, 0x0000000084c00000| Untracked 
|  77|0x0000000084d00000, 0x0000000084e00000, 0x0000000084e00000|100%| O|  |TAMS 0x0000000084e00000, 0x0000000084d00000| Complete 
|  78|0x0000000084e00000, 0x0000000084e00000, 0x0000000084f00000|  0%| F|  |TAMS 0x0000000084e00000, 0x0000000084e00000| Untracked 
|  79|0x0000000084f00000, 0x0000000085000000, 0x0000000085000000|100%| O|  |TAMS 0x0000000085000000, 0x0000000084f00000| Untracked 
|  80|0x0000000085000000, 0x0000000085100000, 0x0000000085100000|100%|HS|  |TAMS 0x0000000085000000, 0x0000000085000000| Complete 
|  81|0x0000000085100000, 0x0000000085100000, 0x0000000085200000|  0%| F|  |TAMS 0x0000000085100000, 0x0000000085100000| Untracked 
|  82|0x0000000085200000, 0x0000000085300000, 0x0000000085300000|100%| O|  |TAMS 0x0000000085300000, 0x0000000085200000| Untracked 
|  83|0x0000000085300000, 0x0000000085300000, 0x0000000085400000|  0%| F|  |TAMS 0x0000000085300000, 0x0000000085300000| Untracked 
|  84|0x0000000085400000, 0x0000000085500000, 0x0000000085500000|100%| O|  |TAMS 0x0000000085500000, 0x0000000085400000| Complete 
|  85|0x0000000085500000, 0x0000000085500000, 0x0000000085600000|  0%| F|  |TAMS 0x0000000085500000, 0x0000000085500000| Untracked 
|  86|0x0000000085600000, 0x0000000085700000, 0x0000000085700000|100%| O|  |TAMS 0x0000000085700000, 0x0000000085600000| Untracked 
|  87|0x0000000085700000, 0x0000000085800000, 0x0000000085800000|100%| O|  |TAMS 0x0000000085800000, 0x0000000085700000| Complete 
|  88|0x0000000085800000, 0x0000000085800000, 0x0000000085900000|  0%| F|  |TAMS 0x0000000085800000, 0x0000000085800000| Untracked 
|  89|0x0000000085900000, 0x0000000085a00000, 0x0000000085a00000|100%| O|  |TAMS 0x0000000085a00000, 0x0000000085900000| Complete 
|  90|0x0000000085a00000, 0x0000000085b00000, 0x0000000085b00000|100%| O|  |TAMS 0x0000000085b00000, 0x0000000085a00000| Untracked 
|  91|0x0000000085b00000, 0x0000000085c00000, 0x0000000085c00000|100%| O|  |TAMS 0x0000000085c00000, 0x0000000085b00000| Complete 
|  92|0x0000000085c00000, 0x0000000085d00000, 0x0000000085d00000|100%| O|  |TAMS 0x0000000085d00000, 0x0000000085c00000| Complete 
|  93|0x0000000085d00000, 0x0000000085e00000, 0x0000000085e00000|100%| O|  |TAMS 0x0000000085e00000, 0x0000000085d00000| Untracked 
|  94|0x0000000085e00000, 0x0000000085f00000, 0x0000000085f00000|100%| O|  |TAMS 0x0000000085f00000, 0x0000000085e00000| Untracked 
|  95|0x0000000085f00000, 0x0000000086000000, 0x0000000086000000|100%| O|  |TAMS 0x0000000086000000, 0x0000000085f00000| Untracked 
|  96|0x0000000086000000, 0x0000000086100000, 0x0000000086100000|100%| O|  |TAMS 0x0000000086100000, 0x0000000086000000| Untracked 
|  97|0x0000000086100000, 0x0000000086200000, 0x0000000086200000|100%|HS|  |TAMS 0x0000000086200000, 0x0000000086100000| Complete 
|  98|0x0000000086200000, 0x0000000086300000, 0x0000000086300000|100%| O|  |TAMS 0x0000000086300000, 0x0000000086200000| Untracked 
|  99|0x0000000086300000, 0x0000000086400000, 0x0000000086400000|100%| O|  |TAMS 0x0000000086400000, 0x0000000086300000| Untracked 
| 100|0x0000000086400000, 0x0000000086400000, 0x0000000086500000|  0%| F|  |TAMS 0x0000000086400000, 0x0000000086400000| Untracked 
| 101|0x0000000086500000, 0x0000000086500000, 0x0000000086600000|  0%| F|  |TAMS 0x0000000086500000, 0x0000000086500000| Untracked 
| 102|0x0000000086600000, 0x0000000086600000, 0x0000000086700000|  0%| F|  |TAMS 0x0000000086600000, 0x0000000086600000| Untracked 
| 103|0x0000000086700000, 0x0000000086800000, 0x0000000086800000|100%| O|  |TAMS 0x0000000086800000, 0x0000000086700000| Complete 
| 104|0x0000000086800000, 0x0000000086900000, 0x0000000086900000|100%|HS|  |TAMS 0x0000000086900000, 0x0000000086800000| Complete 
| 105|0x0000000086900000, 0x0000000086a00000, 0x0000000086a00000|100%|HC|  |TAMS 0x0000000086a00000, 0x0000000086900000| Complete 
| 106|0x0000000086a00000, 0x0000000086b00000, 0x0000000086b00000|100%|HS|  |TAMS 0x0000000086b00000, 0x0000000086a00000| Complete 
| 107|0x0000000086b00000, 0x0000000086c00000, 0x0000000086c00000|100%|HS|  |TAMS 0x0000000086c00000, 0x0000000086b00000| Complete 
| 108|0x0000000086c00000, 0x0000000086d00000, 0x0000000086d00000|100%|HS|  |TAMS 0x0000000086d00000, 0x0000000086c00000| Complete 
| 109|0x0000000086d00000, 0x0000000086e00000, 0x0000000086e00000|100%|HS|  |TAMS 0x0000000086e00000, 0x0000000086d00000| Complete 
| 110|0x0000000086e00000, 0x0000000086f00000, 0x0000000086f00000|100%|HC|  |TAMS 0x0000000086f00000, 0x0000000086e00000| Complete 
| 111|0x0000000086f00000, 0x0000000087000000, 0x0000000087000000|100%|HS|  |TAMS 0x0000000087000000, 0x0000000086f00000| Complete 
| 112|0x0000000087000000, 0x0000000087100000, 0x0000000087100000|100%|HC|  |TAMS 0x0000000087100000, 0x0000000087000000| Complete 
| 113|0x0000000087100000, 0x0000000087200000, 0x0000000087200000|100%|HC|  |TAMS 0x0000000087200000, 0x0000000087100000| Complete 
| 114|0x0000000087200000, 0x0000000087300000, 0x0000000087300000|100%| O|  |TAMS 0x0000000087300000, 0x0000000087200000| Untracked 
| 115|0x0000000087300000, 0x0000000087400000, 0x0000000087400000|100%| O|  |TAMS 0x0000000087400000, 0x0000000087300000| Untracked 
| 116|0x0000000087400000, 0x0000000087500000, 0x0000000087500000|100%|HS|  |TAMS 0x0000000087400000, 0x0000000087400000| Complete 
| 117|0x0000000087500000, 0x0000000087600000, 0x0000000087600000|100%|HC|  |TAMS 0x0000000087500000, 0x0000000087500000| Complete 
| 118|0x0000000087600000, 0x0000000087700000, 0x0000000087700000|100%| O|  |TAMS 0x0000000087700000, 0x0000000087600000| Complete 
| 119|0x0000000087700000, 0x0000000087800000, 0x0000000087800000|100%|HS|  |TAMS 0x0000000087700000, 0x0000000087700000| Complete 
| 120|0x0000000087800000, 0x0000000087900000, 0x0000000087900000|100%| O|  |TAMS 0x0000000087900000, 0x0000000087800000| Untracked 
| 121|0x0000000087900000, 0x0000000087a00000, 0x0000000087a00000|100%|HS|  |TAMS 0x0000000087900000, 0x0000000087900000| Complete 
| 122|0x0000000087a00000, 0x0000000087b00000, 0x0000000087b00000|100%| O|  |TAMS 0x0000000087b00000, 0x0000000087a00000| Complete 
| 123|0x0000000087b00000, 0x0000000087c00000, 0x0000000087c00000|100%| O|  |TAMS 0x0000000087b00000, 0x0000000087b00000| Untracked 
| 124|0x0000000087c00000, 0x0000000087d00000, 0x0000000087d00000|100%| O|  |TAMS 0x0000000087d00000, 0x0000000087c00000| Untracked 
| 125|0x0000000087d00000, 0x0000000087e00000, 0x0000000087e00000|100%| O|  |TAMS 0x0000000087d00000, 0x0000000087d00000| Untracked 
| 126|0x0000000087e00000, 0x0000000087f00000, 0x0000000087f00000|100%| O|  |TAMS 0x0000000087f00000, 0x0000000087e00000| Untracked 
| 127|0x0000000087f00000, 0x0000000088000000, 0x0000000088000000|100%| O|  |TAMS 0x0000000088000000, 0x0000000087f00000| Complete 
| 128|0x0000000088000000, 0x0000000088100000, 0x0000000088100000|100%|HS|  |TAMS 0x0000000088000000, 0x0000000088000000| Complete 
| 129|0x0000000088100000, 0x0000000088200000, 0x0000000088200000|100%|HC|  |TAMS 0x0000000088100000, 0x0000000088100000| Complete 
| 130|0x0000000088200000, 0x0000000088300000, 0x0000000088300000|100%| O|  |TAMS 0x0000000088300000, 0x0000000088200000| Untracked 
| 131|0x0000000088300000, 0x0000000088400000, 0x0000000088400000|100%| O|  |TAMS 0x0000000088400000, 0x0000000088300000| Untracked 
| 132|0x0000000088400000, 0x0000000088500000, 0x0000000088500000|100%| O|  |TAMS 0x0000000088500000, 0x0000000088400000| Untracked 
| 133|0x0000000088500000, 0x0000000088600000, 0x0000000088600000|100%| O|  |TAMS 0x0000000088500000, 0x0000000088500000| Untracked 
| 134|0x0000000088600000, 0x0000000088700000, 0x0000000088700000|100%| O|  |TAMS 0x0000000088600000, 0x0000000088600000| Untracked 
| 135|0x0000000088700000, 0x0000000088800000, 0x0000000088800000|100%| O|  |TAMS 0x0000000088700000, 0x0000000088700000| Untracked 
| 136|0x0000000088800000, 0x0000000088900000, 0x0000000088900000|100%|HS|  |TAMS 0x0000000088900000, 0x0000000088800000| Complete 
| 137|0x0000000088900000, 0x0000000088a00000, 0x0000000088a00000|100%|HS|  |TAMS 0x0000000088a00000, 0x0000000088900000| Complete 
| 138|0x0000000088a00000, 0x0000000088b00000, 0x0000000088b00000|100%| O|  |TAMS 0x0000000088b00000, 0x0000000088a00000| Untracked 
| 139|0x0000000088b00000, 0x0000000088c00000, 0x0000000088c00000|100%| O|  |TAMS 0x0000000088c00000, 0x0000000088b00000| Complete 
| 140|0x0000000088c00000, 0x0000000088d00000, 0x0000000088d00000|100%| O|  |TAMS 0x0000000088d00000, 0x0000000088c00000| Untracked 
| 141|0x0000000088d00000, 0x0000000088e00000, 0x0000000088e00000|100%| O|  |TAMS 0x0000000088e00000, 0x0000000088d00000| Untracked 
| 142|0x0000000088e00000, 0x0000000088f00000, 0x0000000088f00000|100%| O|  |TAMS 0x0000000088f00000, 0x0000000088e00000| Complete 
| 143|0x0000000088f00000, 0x0000000088f00000, 0x0000000089000000|  0%| F|  |TAMS 0x0000000088f00000, 0x0000000088f00000| Untracked 
| 144|0x0000000089000000, 0x0000000089000000, 0x0000000089100000|  0%| F|  |TAMS 0x0000000089000000, 0x0000000089000000| Untracked 
| 145|0x0000000089100000, 0x0000000089200000, 0x0000000089200000|100%| O|  |TAMS 0x0000000089200000, 0x0000000089100000| Untracked 
| 146|0x0000000089200000, 0x0000000089300000, 0x0000000089300000|100%| O|  |TAMS 0x0000000089300000, 0x0000000089200000| Complete 
| 147|0x0000000089300000, 0x0000000089400000, 0x0000000089400000|100%| O|  |TAMS 0x0000000089400000, 0x0000000089300000| Complete 
| 148|0x0000000089400000, 0x0000000089500000, 0x0000000089500000|100%| O|  |TAMS 0x0000000089500000, 0x0000000089400000| Complete 
| 149|0x0000000089500000, 0x0000000089600000, 0x0000000089600000|100%| O|  |TAMS 0x0000000089600000, 0x0000000089500000| Untracked 
| 150|0x0000000089600000, 0x0000000089700000, 0x0000000089700000|100%| O|  |TAMS 0x0000000089700000, 0x0000000089600000| Untracked 
| 151|0x0000000089700000, 0x0000000089800000, 0x0000000089800000|100%| O|  |TAMS 0x0000000089800000, 0x0000000089700000| Complete 
| 152|0x0000000089800000, 0x0000000089900000, 0x0000000089900000|100%| O|  |TAMS 0x0000000089900000, 0x0000000089800000| Untracked 
| 153|0x0000000089900000, 0x0000000089a00000, 0x0000000089a00000|100%| O|  |TAMS 0x0000000089a00000, 0x0000000089900000| Complete 
| 154|0x0000000089a00000, 0x0000000089a00000, 0x0000000089b00000|  0%| F|  |TAMS 0x0000000089a00000, 0x0000000089a00000| Untracked 
| 155|0x0000000089b00000, 0x0000000089c00000, 0x0000000089c00000|100%| O|  |TAMS 0x0000000089c00000, 0x0000000089b00000| Complete 
| 156|0x0000000089c00000, 0x0000000089c00000, 0x0000000089d00000|  0%| F|  |TAMS 0x0000000089c00000, 0x0000000089c00000| Untracked 
| 157|0x0000000089d00000, 0x0000000089d00000, 0x0000000089e00000|  0%| F|  |TAMS 0x0000000089d00000, 0x0000000089d00000| Untracked 
| 158|0x0000000089e00000, 0x0000000089f00000, 0x0000000089f00000|100%| O|  |TAMS 0x0000000089f00000, 0x0000000089e00000| Untracked 
| 159|0x0000000089f00000, 0x000000008a000000, 0x000000008a000000|100%| O|  |TAMS 0x000000008a000000, 0x0000000089f00000| Untracked 
| 160|0x000000008a000000, 0x000000008a100000, 0x000000008a100000|100%| O|  |TAMS 0x000000008a100000, 0x000000008a000000| Untracked 
| 161|0x000000008a100000, 0x000000008a200000, 0x000000008a200000|100%| O|  |TAMS 0x000000008a200000, 0x000000008a100000| Untracked 
| 162|0x000000008a200000, 0x000000008a300000, 0x000000008a300000|100%| O|  |TAMS 0x000000008a300000, 0x000000008a200000| Untracked 
| 163|0x000000008a300000, 0x000000008a400000, 0x000000008a400000|100%| O|  |TAMS 0x000000008a400000, 0x000000008a300000| Untracked 
| 164|0x000000008a400000, 0x000000008a500000, 0x000000008a500000|100%| O|  |TAMS 0x000000008a500000, 0x000000008a400000| Untracked 
| 165|0x000000008a500000, 0x000000008a600000, 0x000000008a600000|100%| O|  |TAMS 0x000000008a600000, 0x000000008a500000| Untracked 
| 166|0x000000008a600000, 0x000000008a700000, 0x000000008a700000|100%| O|  |TAMS 0x000000008a700000, 0x000000008a600000| Untracked 
| 167|0x000000008a700000, 0x000000008a800000, 0x000000008a800000|100%| O|  |TAMS 0x000000008a800000, 0x000000008a700000| Untracked 
| 168|0x000000008a800000, 0x000000008a900000, 0x000000008a900000|100%| O|  |TAMS 0x000000008a900000, 0x000000008a800000| Untracked 
| 169|0x000000008a900000, 0x000000008aa00000, 0x000000008aa00000|100%| O|  |TAMS 0x000000008aa00000, 0x000000008a900000| Untracked 
| 170|0x000000008aa00000, 0x000000008ab00000, 0x000000008ab00000|100%| O|  |TAMS 0x000000008ab00000, 0x000000008aa00000| Complete 
| 171|0x000000008ab00000, 0x000000008ab00000, 0x000000008ac00000|  0%| F|  |TAMS 0x000000008ab00000, 0x000000008ab00000| Untracked 
| 172|0x000000008ac00000, 0x000000008ad00000, 0x000000008ad00000|100%| O|  |TAMS 0x000000008ad00000, 0x000000008ac00000| Untracked 
| 173|0x000000008ad00000, 0x000000008ae00000, 0x000000008ae00000|100%|HS|  |TAMS 0x000000008ad00000, 0x000000008ad00000| Complete 
| 174|0x000000008ae00000, 0x000000008af00000, 0x000000008af00000|100%|HS|  |TAMS 0x000000008ae00000, 0x000000008ae00000| Complete 
| 175|0x000000008af00000, 0x000000008b000000, 0x000000008b000000|100%|HS|  |TAMS 0x000000008af00000, 0x000000008af00000| Complete 
| 176|0x000000008b000000, 0x000000008b100000, 0x000000008b100000|100%|HC|  |TAMS 0x000000008b000000, 0x000000008b000000| Complete 
| 177|0x000000008b100000, 0x000000008b200000, 0x000000008b200000|100%|HS|  |TAMS 0x000000008b100000, 0x000000008b100000| Complete 
| 178|0x000000008b200000, 0x000000008b300000, 0x000000008b300000|100%|HS|  |TAMS 0x000000008b200000, 0x000000008b200000| Complete 
| 179|0x000000008b300000, 0x000000008b400000, 0x000000008b400000|100%|HS|  |TAMS 0x000000008b300000, 0x000000008b300000| Complete 
| 180|0x000000008b400000, 0x000000008b500000, 0x000000008b500000|100%|HC|  |TAMS 0x000000008b400000, 0x000000008b400000| Complete 
| 181|0x000000008b500000, 0x000000008b600000, 0x000000008b600000|100%|HS|  |TAMS 0x000000008b500000, 0x000000008b500000| Complete 
| 182|0x000000008b600000, 0x000000008b700000, 0x000000008b700000|100%| O|  |TAMS 0x000000008b600000, 0x000000008b600000| Untracked 
| 183|0x000000008b700000, 0x000000008b800000, 0x000000008b800000|100%| O|  |TAMS 0x000000008b700000, 0x000000008b700000| Untracked 
| 184|0x000000008b800000, 0x000000008b900000, 0x000000008b900000|100%| O|  |TAMS 0x000000008b800000, 0x000000008b800000| Untracked 
| 185|0x000000008b900000, 0x000000008ba00000, 0x000000008ba00000|100%| O|  |TAMS 0x000000008b900000, 0x000000008b900000| Untracked 
| 186|0x000000008ba00000, 0x000000008bb00000, 0x000000008bb00000|100%| O|  |TAMS 0x000000008ba00000, 0x000000008ba00000| Untracked 
| 187|0x000000008bb00000, 0x000000008bc00000, 0x000000008bc00000|100%| O|  |TAMS 0x000000008bb00000, 0x000000008bb00000| Untracked 
| 188|0x000000008bc00000, 0x000000008bd00000, 0x000000008bd00000|100%| O|  |TAMS 0x000000008bc00000, 0x000000008bc00000| Untracked 
| 189|0x000000008bd00000, 0x000000008be00000, 0x000000008be00000|100%| O|  |TAMS 0x000000008bd00000, 0x000000008bd00000| Untracked 
| 190|0x000000008be00000, 0x000000008bf00000, 0x000000008bf00000|100%| O|  |TAMS 0x000000008be00000, 0x000000008be00000| Untracked 
| 191|0x000000008bf00000, 0x000000008c000000, 0x000000008c000000|100%| O|  |TAMS 0x000000008bf00000, 0x000000008bf00000| Untracked 
| 192|0x000000008c000000, 0x000000008c100000, 0x000000008c100000|100%| O|  |TAMS 0x000000008c000000, 0x000000008c000000| Untracked 
| 193|0x000000008c100000, 0x000000008c200000, 0x000000008c200000|100%| O|  |TAMS 0x000000008c100000, 0x000000008c100000| Untracked 
| 194|0x000000008c200000, 0x000000008c200000, 0x000000008c300000|  0%| F|  |TAMS 0x000000008c200000, 0x000000008c200000| Untracked 
| 195|0x000000008c300000, 0x000000008c300000, 0x000000008c400000|  0%| F|  |TAMS 0x000000008c300000, 0x000000008c300000| Untracked 
| 196|0x000000008c400000, 0x000000008c400000, 0x000000008c500000|  0%| F|  |TAMS 0x000000008c400000, 0x000000008c400000| Untracked 
| 197|0x000000008c500000, 0x000000008c500000, 0x000000008c600000|  0%| F|  |TAMS 0x000000008c500000, 0x000000008c500000| Untracked 
| 198|0x000000008c600000, 0x000000008c600000, 0x000000008c700000|  0%| F|  |TAMS 0x000000008c600000, 0x000000008c600000| Untracked 
| 199|0x000000008c700000, 0x000000008c700000, 0x000000008c800000|  0%| F|  |TAMS 0x000000008c700000, 0x000000008c700000| Untracked 
| 200|0x000000008c800000, 0x000000008c800000, 0x000000008c900000|  0%| F|  |TAMS 0x000000008c800000, 0x000000008c800000| Untracked 
| 201|0x000000008c900000, 0x000000008c900000, 0x000000008ca00000|  0%| F|  |TAMS 0x000000008c900000, 0x000000008c900000| Untracked 
| 202|0x000000008ca00000, 0x000000008ca00000, 0x000000008cb00000|  0%| F|  |TAMS 0x000000008ca00000, 0x000000008ca00000| Untracked 
| 203|0x000000008cb00000, 0x000000008cb00000, 0x000000008cc00000|  0%| F|  |TAMS 0x000000008cb00000, 0x000000008cb00000| Untracked 
| 204|0x000000008cc00000, 0x000000008cc00000, 0x000000008cd00000|  0%| F|  |TAMS 0x000000008cc00000, 0x000000008cc00000| Untracked 
| 205|0x000000008cd00000, 0x000000008cd00000, 0x000000008ce00000|  0%| F|  |TAMS 0x000000008cd00000, 0x000000008cd00000| Untracked 
| 206|0x000000008ce00000, 0x000000008ce00000, 0x000000008cf00000|  0%| F|  |TAMS 0x000000008ce00000, 0x000000008ce00000| Untracked 
| 207|0x000000008cf00000, 0x000000008cf00000, 0x000000008d000000|  0%| F|  |TAMS 0x000000008cf00000, 0x000000008cf00000| Untracked 
| 208|0x000000008d000000, 0x000000008d000000, 0x000000008d100000|  0%| F|  |TAMS 0x000000008d000000, 0x000000008d000000| Untracked 
| 209|0x000000008d100000, 0x000000008d100000, 0x000000008d200000|  0%| F|  |TAMS 0x000000008d100000, 0x000000008d100000| Untracked 
| 210|0x000000008d200000, 0x000000008d200000, 0x000000008d300000|  0%| F|  |TAMS 0x000000008d200000, 0x000000008d200000| Untracked 
| 211|0x000000008d300000, 0x000000008d300000, 0x000000008d400000|  0%| F|  |TAMS 0x000000008d300000, 0x000000008d300000| Untracked 
| 212|0x000000008d400000, 0x000000008d400000, 0x000000008d500000|  0%| F|  |TAMS 0x000000008d400000, 0x000000008d400000| Untracked 
| 213|0x000000008d500000, 0x000000008d500000, 0x000000008d600000|  0%| F|  |TAMS 0x000000008d500000, 0x000000008d500000| Untracked 
| 214|0x000000008d600000, 0x000000008d600000, 0x000000008d700000|  0%| F|  |TAMS 0x000000008d600000, 0x000000008d600000| Untracked 
| 215|0x000000008d700000, 0x000000008d700000, 0x000000008d800000|  0%| F|  |TAMS 0x000000008d700000, 0x000000008d700000| Untracked 
| 216|0x000000008d800000, 0x000000008d800000, 0x000000008d900000|  0%| F|  |TAMS 0x000000008d800000, 0x000000008d800000| Untracked 
| 217|0x000000008d900000, 0x000000008d900000, 0x000000008da00000|  0%| F|  |TAMS 0x000000008d900000, 0x000000008d900000| Untracked 
| 218|0x000000008da00000, 0x000000008da00000, 0x000000008db00000|  0%| F|  |TAMS 0x000000008da00000, 0x000000008da00000| Untracked 
| 219|0x000000008db00000, 0x000000008db00000, 0x000000008dc00000|  0%| F|  |TAMS 0x000000008db00000, 0x000000008db00000| Untracked 
| 220|0x000000008dc00000, 0x000000008dc00000, 0x000000008dd00000|  0%| F|  |TAMS 0x000000008dc00000, 0x000000008dc00000| Untracked 
| 221|0x000000008dd00000, 0x000000008dd00000, 0x000000008de00000|  0%| F|  |TAMS 0x000000008dd00000, 0x000000008dd00000| Untracked 
| 222|0x000000008de00000, 0x000000008de00000, 0x000000008df00000|  0%| F|  |TAMS 0x000000008de00000, 0x000000008de00000| Untracked 
| 223|0x000000008df00000, 0x000000008df00000, 0x000000008e000000|  0%| F|  |TAMS 0x000000008df00000, 0x000000008df00000| Untracked 
| 224|0x000000008e000000, 0x000000008e000000, 0x000000008e100000|  0%| F|  |TAMS 0x000000008e000000, 0x000000008e000000| Untracked 
| 225|0x000000008e100000, 0x000000008e100000, 0x000000008e200000|  0%| F|  |TAMS 0x000000008e100000, 0x000000008e100000| Untracked 
| 226|0x000000008e200000, 0x000000008e200000, 0x000000008e300000|  0%| F|  |TAMS 0x000000008e200000, 0x000000008e200000| Untracked 
| 227|0x000000008e300000, 0x000000008e300000, 0x000000008e400000|  0%| F|  |TAMS 0x000000008e300000, 0x000000008e300000| Untracked 
| 228|0x000000008e400000, 0x000000008e400000, 0x000000008e500000|  0%| F|  |TAMS 0x000000008e400000, 0x000000008e400000| Untracked 
| 229|0x000000008e500000, 0x000000008e500000, 0x000000008e600000|  0%| F|  |TAMS 0x000000008e500000, 0x000000008e500000| Untracked 
| 230|0x000000008e600000, 0x000000008e600000, 0x000000008e700000|  0%| F|  |TAMS 0x000000008e600000, 0x000000008e600000| Untracked 
| 231|0x000000008e700000, 0x000000008e700000, 0x000000008e800000|  0%| F|  |TAMS 0x000000008e700000, 0x000000008e700000| Untracked 
| 232|0x000000008e800000, 0x000000008e800000, 0x000000008e900000|  0%| F|  |TAMS 0x000000008e800000, 0x000000008e800000| Untracked 
| 233|0x000000008e900000, 0x000000008e900000, 0x000000008ea00000|  0%| F|  |TAMS 0x000000008e900000, 0x000000008e900000| Untracked 
| 234|0x000000008ea00000, 0x000000008ea00000, 0x000000008eb00000|  0%| F|  |TAMS 0x000000008ea00000, 0x000000008ea00000| Untracked 
| 235|0x000000008eb00000, 0x000000008eb00000, 0x000000008ec00000|  0%| F|  |TAMS 0x000000008eb00000, 0x000000008eb00000| Untracked 
| 236|0x000000008ec00000, 0x000000008ec00000, 0x000000008ed00000|  0%| F|  |TAMS 0x000000008ec00000, 0x000000008ec00000| Untracked 
| 237|0x000000008ed00000, 0x000000008ed00000, 0x000000008ee00000|  0%| F|  |TAMS 0x000000008ed00000, 0x000000008ed00000| Untracked 
| 238|0x000000008ee00000, 0x000000008ee00000, 0x000000008ef00000|  0%| F|  |TAMS 0x000000008ee00000, 0x000000008ee00000| Untracked 
| 239|0x000000008ef00000, 0x000000008f000000, 0x000000008f000000|100%| O|  |TAMS 0x000000008f000000, 0x000000008ef00000| Complete 
| 240|0x000000008f000000, 0x000000008f100000, 0x000000008f100000|100%| O|  |TAMS 0x000000008f100000, 0x000000008f000000| Complete 
| 241|0x000000008f100000, 0x000000008f200000, 0x000000008f200000|100%| O|  |TAMS 0x000000008f200000, 0x000000008f100000| Complete 
| 242|0x000000008f200000, 0x000000008f300000, 0x000000008f300000|100%| O|  |TAMS 0x000000008f300000, 0x000000008f200000| Untracked 
| 243|0x000000008f300000, 0x000000008f400000, 0x000000008f400000|100%| O|  |TAMS 0x000000008f400000, 0x000000008f300000| Complete 
| 244|0x000000008f400000, 0x000000008f500000, 0x000000008f500000|100%| O|  |TAMS 0x000000008f500000, 0x000000008f400000| Complete 
| 245|0x000000008f500000, 0x000000008f600000, 0x000000008f600000|100%| O|  |TAMS 0x000000008f600000, 0x000000008f500000| Complete 
| 246|0x000000008f600000, 0x000000008f700000, 0x000000008f700000|100%| O|  |TAMS 0x000000008f700000, 0x000000008f600000| Complete 
| 247|0x000000008f700000, 0x000000008f800000, 0x000000008f800000|100%| O|  |TAMS 0x000000008f800000, 0x000000008f700000| Untracked 
| 248|0x000000008f800000, 0x000000008f900000, 0x000000008f900000|100%| O|  |TAMS 0x000000008f900000, 0x000000008f800000| Complete 
| 249|0x000000008f900000, 0x000000008fa00000, 0x000000008fa00000|100%| O|  |TAMS 0x000000008fa00000, 0x000000008f900000| Complete 
| 250|0x000000008fa00000, 0x000000008fb00000, 0x000000008fb00000|100%| O|  |TAMS 0x000000008fb00000, 0x000000008fa00000| Complete 
| 251|0x000000008fb00000, 0x000000008fc00000, 0x000000008fc00000|100%| O|  |TAMS 0x000000008fc00000, 0x000000008fb00000| Complete 
| 252|0x000000008fc00000, 0x000000008fd00000, 0x000000008fd00000|100%| O|  |TAMS 0x000000008fd00000, 0x000000008fc00000| Complete 
| 253|0x000000008fd00000, 0x000000008fe00000, 0x000000008fe00000|100%| O|  |TAMS 0x000000008fe00000, 0x000000008fd00000| Untracked 
| 254|0x000000008fe00000, 0x000000008ff00000, 0x000000008ff00000|100%| O|  |TAMS 0x000000008ff00000, 0x000000008fe00000| Untracked 
| 255|0x000000008ff00000, 0x0000000090000000, 0x0000000090000000|100%| O|  |TAMS 0x0000000090000000, 0x000000008ff00000| Complete 
| 256|0x0000000090000000, 0x0000000090100000, 0x0000000090100000|100%| O|  |TAMS 0x0000000090100000, 0x0000000090000000| Untracked 
| 257|0x0000000090100000, 0x0000000090200000, 0x0000000090200000|100%| O|  |TAMS 0x0000000090200000, 0x0000000090100000| Complete 
| 258|0x0000000090200000, 0x0000000090300000, 0x0000000090300000|100%| O|  |TAMS 0x0000000090300000, 0x0000000090200000| Complete 
| 259|0x0000000090300000, 0x0000000090400000, 0x0000000090400000|100%| O|  |TAMS 0x0000000090400000, 0x0000000090300000| Untracked 
| 260|0x0000000090400000, 0x0000000090500000, 0x0000000090500000|100%| O|  |TAMS 0x0000000090500000, 0x0000000090400000| Complete 
| 261|0x0000000090500000, 0x0000000090500000, 0x0000000090600000|  0%| F|  |TAMS 0x0000000090500000, 0x0000000090500000| Untracked 
| 262|0x0000000090600000, 0x0000000090600000, 0x0000000090700000|  0%| F|  |TAMS 0x0000000090600000, 0x0000000090600000| Untracked 
| 263|0x0000000090700000, 0x0000000090700000, 0x0000000090800000|  0%| F|  |TAMS 0x0000000090700000, 0x0000000090700000| Untracked 
| 264|0x0000000090800000, 0x0000000090800000, 0x0000000090900000|  0%| F|  |TAMS 0x0000000090800000, 0x0000000090800000| Untracked 
| 265|0x0000000090900000, 0x0000000090900000, 0x0000000090a00000|  0%| F|  |TAMS 0x0000000090900000, 0x0000000090900000| Untracked 
| 266|0x0000000090a00000, 0x0000000090a00000, 0x0000000090b00000|  0%| F|  |TAMS 0x0000000090a00000, 0x0000000090a00000| Untracked 
| 267|0x0000000090b00000, 0x0000000090b00000, 0x0000000090c00000|  0%| F|  |TAMS 0x0000000090b00000, 0x0000000090b00000| Untracked 
| 268|0x0000000090c00000, 0x0000000090c00000, 0x0000000090d00000|  0%| F|  |TAMS 0x0000000090c00000, 0x0000000090c00000| Untracked 
| 269|0x0000000090d00000, 0x0000000090d00000, 0x0000000090e00000|  0%| F|  |TAMS 0x0000000090d00000, 0x0000000090d00000| Untracked 
| 270|0x0000000090e00000, 0x0000000090e00000, 0x0000000090f00000|  0%| F|  |TAMS 0x0000000090e00000, 0x0000000090e00000| Untracked 
| 271|0x0000000090f00000, 0x0000000090f00000, 0x0000000091000000|  0%| F|  |TAMS 0x0000000090f00000, 0x0000000090f00000| Untracked 
| 272|0x0000000091000000, 0x0000000091000000, 0x0000000091100000|  0%| F|  |TAMS 0x0000000091000000, 0x0000000091000000| Untracked 
| 273|0x0000000091100000, 0x0000000091100000, 0x0000000091200000|  0%| F|  |TAMS 0x0000000091100000, 0x0000000091100000| Untracked 
| 274|0x0000000091200000, 0x0000000091200000, 0x0000000091300000|  0%| F|  |TAMS 0x0000000091200000, 0x0000000091200000| Untracked 
| 275|0x0000000091300000, 0x0000000091300000, 0x0000000091400000|  0%| F|  |TAMS 0x0000000091300000, 0x0000000091300000| Untracked 
| 276|0x0000000091400000, 0x0000000091400000, 0x0000000091500000|  0%| F|  |TAMS 0x0000000091400000, 0x0000000091400000| Untracked 
| 277|0x0000000091500000, 0x0000000091500000, 0x0000000091600000|  0%| F|  |TAMS 0x0000000091500000, 0x0000000091500000| Untracked 
| 278|0x0000000091600000, 0x0000000091600000, 0x0000000091700000|  0%| F|  |TAMS 0x0000000091600000, 0x0000000091600000| Untracked 
| 279|0x0000000091700000, 0x0000000091700000, 0x0000000091800000|  0%| F|  |TAMS 0x0000000091700000, 0x0000000091700000| Untracked 
| 280|0x0000000091800000, 0x0000000091800000, 0x0000000091900000|  0%| F|  |TAMS 0x0000000091800000, 0x0000000091800000| Untracked 
| 281|0x0000000091900000, 0x0000000091900000, 0x0000000091a00000|  0%| F|  |TAMS 0x0000000091900000, 0x0000000091900000| Untracked 
| 282|0x0000000091a00000, 0x0000000091a00000, 0x0000000091b00000|  0%| F|  |TAMS 0x0000000091a00000, 0x0000000091a00000| Untracked 
| 283|0x0000000091b00000, 0x0000000091b00000, 0x0000000091c00000|  0%| F|  |TAMS 0x0000000091b00000, 0x0000000091b00000| Untracked 
| 284|0x0000000091c00000, 0x0000000091c00000, 0x0000000091d00000|  0%| F|  |TAMS 0x0000000091c00000, 0x0000000091c00000| Untracked 
| 285|0x0000000091d00000, 0x0000000091d00000, 0x0000000091e00000|  0%| F|  |TAMS 0x0000000091d00000, 0x0000000091d00000| Untracked 
| 286|0x0000000091e00000, 0x0000000091e00000, 0x0000000091f00000|  0%| F|  |TAMS 0x0000000091e00000, 0x0000000091e00000| Untracked 
| 287|0x0000000091f00000, 0x0000000091f00000, 0x0000000092000000|  0%| F|  |TAMS 0x0000000091f00000, 0x0000000091f00000| Untracked 
| 288|0x0000000092000000, 0x0000000092000000, 0x0000000092100000|  0%| F|  |TAMS 0x0000000092000000, 0x0000000092000000| Untracked 
| 289|0x0000000092100000, 0x0000000092100000, 0x0000000092200000|  0%| F|  |TAMS 0x0000000092100000, 0x0000000092100000| Untracked 
| 290|0x0000000092200000, 0x0000000092200000, 0x0000000092300000|  0%| F|  |TAMS 0x0000000092200000, 0x0000000092200000| Untracked 
| 291|0x0000000092300000, 0x0000000092300000, 0x0000000092400000|  0%| F|  |TAMS 0x0000000092300000, 0x0000000092300000| Untracked 
| 292|0x0000000092400000, 0x0000000092400000, 0x0000000092500000|  0%| F|  |TAMS 0x0000000092400000, 0x0000000092400000| Untracked 
| 293|0x0000000092500000, 0x0000000092500000, 0x0000000092600000|  0%| F|  |TAMS 0x0000000092500000, 0x0000000092500000| Untracked 
| 294|0x0000000092600000, 0x0000000092600000, 0x0000000092700000|  0%| F|  |TAMS 0x0000000092600000, 0x0000000092600000| Untracked 
| 295|0x0000000092700000, 0x0000000092700000, 0x0000000092800000|  0%| F|  |TAMS 0x0000000092700000, 0x0000000092700000| Untracked 
| 296|0x0000000092800000, 0x0000000092800000, 0x0000000092900000|  0%| F|  |TAMS 0x0000000092800000, 0x0000000092800000| Untracked 
| 297|0x0000000092900000, 0x0000000092900000, 0x0000000092a00000|  0%| F|  |TAMS 0x0000000092900000, 0x0000000092900000| Untracked 
| 298|0x0000000092a00000, 0x0000000092a00000, 0x0000000092b00000|  0%| F|  |TAMS 0x0000000092a00000, 0x0000000092a00000| Untracked 
| 299|0x0000000092b00000, 0x0000000092b00000, 0x0000000092c00000|  0%| F|  |TAMS 0x0000000092b00000, 0x0000000092b00000| Untracked 
| 300|0x0000000092c00000, 0x0000000092c00000, 0x0000000092d00000|  0%| F|  |TAMS 0x0000000092c00000, 0x0000000092c00000| Untracked 
| 301|0x0000000092d00000, 0x0000000092d00000, 0x0000000092e00000|  0%| F|  |TAMS 0x0000000092d00000, 0x0000000092d00000| Untracked 
| 302|0x0000000092e00000, 0x0000000092e00000, 0x0000000092f00000|  0%| F|  |TAMS 0x0000000092e00000, 0x0000000092e00000| Untracked 
| 303|0x0000000092f00000, 0x0000000092f00000, 0x0000000093000000|  0%| F|  |TAMS 0x0000000092f00000, 0x0000000092f00000| Untracked 
| 304|0x0000000093000000, 0x0000000093000000, 0x0000000093100000|  0%| F|  |TAMS 0x0000000093000000, 0x0000000093000000| Untracked 
| 305|0x0000000093100000, 0x0000000093100000, 0x0000000093200000|  0%| F|  |TAMS 0x0000000093100000, 0x0000000093100000| Untracked 
| 306|0x0000000093200000, 0x0000000093200000, 0x0000000093300000|  0%| F|  |TAMS 0x0000000093200000, 0x0000000093200000| Untracked 
| 307|0x0000000093300000, 0x0000000093300000, 0x0000000093400000|  0%| F|  |TAMS 0x0000000093300000, 0x0000000093300000| Untracked 
| 308|0x0000000093400000, 0x0000000093400000, 0x0000000093500000|  0%| F|  |TAMS 0x0000000093400000, 0x0000000093400000| Untracked 
| 309|0x0000000093500000, 0x0000000093500000, 0x0000000093600000|  0%| F|  |TAMS 0x0000000093500000, 0x0000000093500000| Untracked 
| 310|0x0000000093600000, 0x0000000093600000, 0x0000000093700000|  0%| F|  |TAMS 0x0000000093600000, 0x0000000093600000| Untracked 
| 311|0x0000000093700000, 0x0000000093700000, 0x0000000093800000|  0%| F|  |TAMS 0x0000000093700000, 0x0000000093700000| Untracked 
| 312|0x0000000093800000, 0x0000000093800000, 0x0000000093900000|  0%| F|  |TAMS 0x0000000093800000, 0x0000000093800000| Untracked 
| 313|0x0000000093900000, 0x0000000093900000, 0x0000000093a00000|  0%| F|  |TAMS 0x0000000093900000, 0x0000000093900000| Untracked 
| 314|0x0000000093a00000, 0x0000000093a00000, 0x0000000093b00000|  0%| F|  |TAMS 0x0000000093a00000, 0x0000000093a00000| Untracked 
| 315|0x0000000093b00000, 0x0000000093b00000, 0x0000000093c00000|  0%| F|  |TAMS 0x0000000093b00000, 0x0000000093b00000| Untracked 
| 316|0x0000000093c00000, 0x0000000093c00000, 0x0000000093d00000|  0%| F|  |TAMS 0x0000000093c00000, 0x0000000093c00000| Untracked 
| 317|0x0000000093d00000, 0x0000000093d00000, 0x0000000093e00000|  0%| F|  |TAMS 0x0000000093d00000, 0x0000000093d00000| Untracked 
| 318|0x0000000093e00000, 0x0000000093e00000, 0x0000000093f00000|  0%| F|  |TAMS 0x0000000093e00000, 0x0000000093e00000| Untracked 
| 319|0x0000000093f00000, 0x0000000093f00000, 0x0000000094000000|  0%| F|  |TAMS 0x0000000093f00000, 0x0000000093f00000| Untracked 
| 320|0x0000000094000000, 0x0000000094000000, 0x0000000094100000|  0%| F|  |TAMS 0x0000000094000000, 0x0000000094000000| Untracked 
| 321|0x0000000094100000, 0x0000000094100000, 0x0000000094200000|  0%| F|  |TAMS 0x0000000094100000, 0x0000000094100000| Untracked 
| 322|0x0000000094200000, 0x0000000094200000, 0x0000000094300000|  0%| F|  |TAMS 0x0000000094200000, 0x0000000094200000| Untracked 
| 323|0x0000000094300000, 0x0000000094300000, 0x0000000094400000|  0%| F|  |TAMS 0x0000000094300000, 0x0000000094300000| Untracked 
| 324|0x0000000094400000, 0x0000000094400000, 0x0000000094500000|  0%| F|  |TAMS 0x0000000094400000, 0x0000000094400000| Untracked 
| 325|0x0000000094500000, 0x0000000094500000, 0x0000000094600000|  0%| F|  |TAMS 0x0000000094500000, 0x0000000094500000| Untracked 
| 326|0x0000000094600000, 0x00000000946e0078, 0x0000000094700000| 87%| S|CS|TAMS 0x0000000094600000, 0x0000000094600000| Complete 
| 327|0x0000000094700000, 0x0000000094800000, 0x0000000094800000|100%| S|CS|TAMS 0x0000000094700000, 0x0000000094700000| Complete 
| 328|0x0000000094800000, 0x0000000094800000, 0x0000000094900000|  0%| F|  |TAMS 0x0000000094800000, 0x0000000094800000| Untracked 
| 329|0x0000000094900000, 0x0000000094900000, 0x0000000094a00000|  0%| F|  |TAMS 0x0000000094900000, 0x0000000094900000| Untracked 
| 330|0x0000000094a00000, 0x0000000094a00000, 0x0000000094b00000|  0%| F|  |TAMS 0x0000000094a00000, 0x0000000094a00000| Untracked 
| 331|0x0000000094b00000, 0x0000000094b00000, 0x0000000094c00000|  0%| F|  |TAMS 0x0000000094b00000, 0x0000000094b00000| Untracked 
| 332|0x0000000094c00000, 0x0000000094c00000, 0x0000000094d00000|  0%| F|  |TAMS 0x0000000094c00000, 0x0000000094c00000| Untracked 
| 333|0x0000000094d00000, 0x0000000094d00000, 0x0000000094e00000|  0%| F|  |TAMS 0x0000000094d00000, 0x0000000094d00000| Untracked 
| 334|0x0000000094e00000, 0x0000000094e00000, 0x0000000094f00000|  0%| F|  |TAMS 0x0000000094e00000, 0x0000000094e00000| Untracked 
| 335|0x0000000094f00000, 0x0000000094f00000, 0x0000000095000000|  0%| F|  |TAMS 0x0000000094f00000, 0x0000000094f00000| Untracked 
| 336|0x0000000095000000, 0x0000000095000000, 0x0000000095100000|  0%| F|  |TAMS 0x0000000095000000, 0x0000000095000000| Untracked 
| 337|0x0000000095100000, 0x0000000095100000, 0x0000000095200000|  0%| F|  |TAMS 0x0000000095100000, 0x0000000095100000| Untracked 
| 338|0x0000000095200000, 0x0000000095200000, 0x0000000095300000|  0%| F|  |TAMS 0x0000000095200000, 0x0000000095200000| Untracked 
| 339|0x0000000095300000, 0x0000000095300000, 0x0000000095400000|  0%| F|  |TAMS 0x0000000095300000, 0x0000000095300000| Untracked 

Card table byte_map: [0x000001d5aba70000,0x000001d5abe70000] _byte_map_base: 0x000001d5ab670000

Marking Bits (Prev, Next): (CMBitMap*) 0x000001d59856cdf0, (CMBitMap*) 0x000001d59856cdb8
 Prev Bits: [0x000001d5ae270000, 0x000001d5b0270000)
 Next Bits: [0x000001d5ac270000, 0x000001d5ae270000)

Polling page: 0x000001d598610000

Metaspace:

Usage:
  Non-class:     87.08 MB capacity,    85.36 MB ( 98%) used,     1.38 MB (  2%) free+waste,   346.25 KB ( <1%) overhead. 
      Class:     13.61 MB capacity,    12.57 MB ( 92%) used,   916.09 KB (  7%) free+waste,   152.50 KB (  1%) overhead. 
       Both:    100.69 MB capacity,    97.93 MB ( 97%) used,     2.27 MB (  2%) free+waste,   498.75 KB ( <1%) overhead. 

Virtual space:
  Non-class space:       88.00 MB reserved,      87.17 MB (>99%) committed 
      Class space:        1.00 GB reserved,      13.70 MB (  1%) committed 
             Both:        1.09 GB reserved,     100.87 MB (  9%) committed 

Chunk freelists:
   Non-Class:  28.00 KB
       Class:  46.00 KB
        Both:  74.00 KB

MaxMetaspaceSize: 17179869184.00 GB
CompressedClassSpaceSize: 1.00 GB

CodeHeap 'non-profiled nmethods': size=120064Kb used=10797Kb max_used=10797Kb free=109266Kb
 bounds [0x000001d5a3b00000, 0x000001d5a4590000, 0x000001d5ab040000]
CodeHeap 'profiled nmethods': size=120000Kb used=37141Kb max_used=37141Kb free=82859Kb
 bounds [0x000001d59c5d0000, 0x000001d59ea20000, 0x000001d5a3b00000]
CodeHeap 'non-nmethods': size=5696Kb used=2306Kb max_used=2359Kb free=3389Kb
 bounds [0x000001d59c040000, 0x000001d59c2b0000, 0x000001d59c5d0000]
 total_blobs=17477 nmethods=16565 adapters=821
 compilation: enabled
              stopped_count=0, restarted_count=0
 full_count=0

Compilation events (20 events):
Event: 36.091 Thread 0x000001d5b28fd000 16878       3       com.android.tools.r8.code.F0::hashCode (20 bytes)
Event: 36.092 Thread 0x000001d5b28fd000 nmethod 16878 0x000001d59ea11790 code [0x000001d59ea11940, 0x000001d59ea11b48]
Event: 36.092 Thread 0x000001d5b28fd000 16879       3       com.android.tools.r8.internal.ek::<init> (94 bytes)
Event: 36.093 Thread 0x000001d5b28fd000 nmethod 16879 0x000001d59ea11c10 code [0x000001d59ea11f00, 0x000001d59ea13158]
Event: 36.098 Thread 0x000001d5b28fd000 16880       3       com.android.tools.r8.graph.J::<init> (45 bytes)
Event: 36.098 Thread 0x000001d5b28fd000 nmethod 16880 0x000001d59ea13710 code [0x000001d59ea138e0, 0x000001d59ea13c08]
Event: 36.100 Thread 0x000001d5b28fd000 16881       3       com.android.tools.r8.code.P0::hashCode (29 bytes)
Event: 36.101 Thread 0x000001d5b28fd000 nmethod 16881 0x000001d59ea13d10 code [0x000001d59ea13ec0, 0x000001d59ea140c8]
Event: 36.105 Thread 0x000001d5b28fd000 16882       3       com.android.tools.r8.code.J0::hashCode (21 bytes)
Event: 36.105 Thread 0x000001d5b28fd000 nmethod 16882 0x000001d59ea14190 code [0x000001d59ea14340, 0x000001d59ea14548]
Event: 36.106 Thread 0x000001d5b28fd000 16883       3       java.util.IdentityHashMap$Values::iterator (12 bytes)
Event: 36.107 Thread 0x000001d5b28fd000 nmethod 16883 0x000001d59ea14610 code [0x000001d59ea147e0, 0x000001d59ea14a48]
Event: 36.108 Thread 0x000001d5b28fd000 16884       1       com.android.tools.r8.code.T0::z (2 bytes)
Event: 36.108 Thread 0x000001d5b28fd000 nmethod 16884 0x000001d5a4587f10 code [0x000001d5a45880c0, 0x000001d5a4588178]
Event: 36.108 Thread 0x000001d5b28fd000 16885       3       com.android.tools.r8.code.C3::hashCode (31 bytes)
Event: 36.108 Thread 0x000001d5b28fd000 nmethod 16885 0x000001d59ea14b10 code [0x000001d59ea14ce0, 0x000001d59ea14e78]
Event: 36.109 Thread 0x000001d5b315c000 nmethod 16833 0x000001d5a4588210 code [0x000001d5a4588520, 0x000001d5a458a040]
Event: 36.109 Thread 0x000001d5b315c000 16872 %     4       com.android.tools.r8.internal.ek::a @ 183 (3950 bytes)
Event: 36.137 Thread 0x000001d5b28fd000 16887       3       com.android.tools.r8.code.O0::hashCode (21 bytes)
Event: 36.137 Thread 0x000001d5b28fd000 nmethod 16887 0x000001d59ea14f90 code [0x000001d59ea15140, 0x000001d59ea15348]

GC Heap History (20 events):
Event: 28.924 GC heap after
{Heap after GC invocations=33 (full 0):
 garbage-first heap   total 236544K, used 107008K [0x0000000080000000, 0x0000000100000000)
  region size 1024K, 4 young (4096K), 4 survivors (4096K)
 Metaspace       used 98209K, capacity 100989K, committed 101624K, reserved 1136640K
  class space    used 12660K, capacity 13724K, committed 13900K, reserved 1048576K
}
Event: 28.982 GC heap before
{Heap before GC invocations=33 (full 0):
 garbage-first heap   total 236544K, used 113152K [0x0000000080000000, 0x0000000100000000)
  region size 1024K, 11 young (11264K), 4 survivors (4096K)
 Metaspace       used 98209K, capacity 100989K, committed 101624K, reserved 1136640K
  class space    used 12660K, capacity 13724K, committed 13900K, reserved 1048576K
}
Event: 28.992 GC heap after
{Heap after GC invocations=34 (full 0):
 garbage-first heap   total 236544K, used 106629K [0x0000000080000000, 0x0000000100000000)
  region size 1024K, 2 young (2048K), 2 survivors (2048K)
 Metaspace       used 98209K, capacity 100989K, committed 101624K, reserved 1136640K
  class space    used 12660K, capacity 13724K, committed 13900K, reserved 1048576K
}
Event: 29.644 GC heap before
{Heap before GC invocations=34 (full 0):
 garbage-first heap   total 236544K, used 190597K [0x0000000080000000, 0x0000000100000000)
  region size 1024K, 84 young (86016K), 2 survivors (2048K)
 Metaspace       used 98219K, capacity 100989K, committed 101624K, reserved 1136640K
  class space    used 12660K, capacity 13724K, committed 13900K, reserved 1048576K
}
Event: 29.648 GC heap after
{Heap after GC invocations=35 (full 0):
 garbage-first heap   total 236544K, used 106259K [0x0000000080000000, 0x0000000100000000)
  region size 1024K, 2 young (2048K), 2 survivors (2048K)
 Metaspace       used 98219K, capacity 100989K, committed 101624K, reserved 1136640K
  class space    used 12660K, capacity 13724K, committed 13900K, reserved 1048576K
}
Event: 30.891 GC heap before
{Heap before GC invocations=35 (full 0):
 garbage-first heap   total 236544K, used 194323K [0x0000000080000000, 0x0000000100000000)
  region size 1024K, 87 young (89088K), 2 survivors (2048K)
 Metaspace       used 98763K, capacity 101535K, committed 102008K, reserved 1136640K
  class space    used 12704K, capacity 13768K, committed 14028K, reserved 1048576K
}
Event: 30.896 GC heap after
{Heap after GC invocations=36 (full 0):
 garbage-first heap   total 236544K, used 106264K [0x0000000080000000, 0x0000000100000000)
  region size 1024K, 2 young (2048K), 2 survivors (2048K)
 Metaspace       used 98763K, capacity 101535K, committed 102008K, reserved 1136640K
  class space    used 12704K, capacity 13768K, committed 14028K, reserved 1048576K
}
Event: 30.967 GC heap before
{Heap before GC invocations=36 (full 0):
 garbage-first heap   total 236544K, used 108312K [0x0000000080000000, 0x0000000100000000)
  region size 1024K, 5 young (5120K), 2 survivors (2048K)
 Metaspace       used 98858K, capacity 101623K, committed 102008K, reserved 1136640K
  class space    used 12712K, capacity 13772K, committed 14028K, reserved 1048576K
}
Event: 30.974 GC heap after
{Heap after GC invocations=37 (full 0):
 garbage-first heap   total 236544K, used 106415K [0x0000000080000000, 0x0000000100000000)
  region size 1024K, 2 young (2048K), 2 survivors (2048K)
 Metaspace       used 98858K, capacity 101623K, committed 102008K, reserved 1136640K
  class space    used 12712K, capacity 13772K, committed 14028K, reserved 1048576K
}
Event: 32.651 GC heap before
{Heap before GC invocations=38 (full 0):
 garbage-first heap   total 236544K, used 230319K [0x0000000080000000, 0x0000000100000000)
  region size 1024K, 89 young (91136K), 2 survivors (2048K)
 Metaspace       used 99776K, capacity 102535K, committed 102776K, reserved 1138688K
  class space    used 12808K, capacity 13858K, committed 14028K, reserved 1048576K
}
Event: 32.725 GC heap after
{Heap after GC invocations=39 (full 0):
 garbage-first heap   total 267264K, used 164755K [0x0000000080000000, 0x0000000100000000)
  region size 1024K, 12 young (12288K), 12 survivors (12288K)
 Metaspace       used 99776K, capacity 102535K, committed 102776K, reserved 1138688K
  class space    used 12808K, capacity 13858K, committed 14028K, reserved 1048576K
}
Event: 32.743 GC heap before
{Heap before GC invocations=39 (full 0):
 garbage-first heap   total 267264K, used 165779K [0x0000000080000000, 0x0000000100000000)
  region size 1024K, 13 young (13312K), 12 survivors (12288K)
 Metaspace       used 99776K, capacity 102535K, committed 102776K, reserved 1138688K
  class space    used 12808K, capacity 13858K, committed 14028K, reserved 1048576K
}
Event: 32.775 GC heap after
{Heap after GC invocations=40 (full 0):
 garbage-first heap   total 348160K, used 153394K [0x0000000080000000, 0x0000000100000000)
  region size 1024K, 2 young (2048K), 2 survivors (2048K)
 Metaspace       used 99776K, capacity 102535K, committed 102776K, reserved 1138688K
  class space    used 12808K, capacity 13858K, committed 14028K, reserved 1048576K
}
Event: 33.649 GC heap before
{Heap before GC invocations=40 (full 0):
 garbage-first heap   total 348160K, used 259890K [0x0000000080000000, 0x0000000100000000)
  region size 1024K, 107 young (109568K), 2 survivors (2048K)
 Metaspace       used 100093K, capacity 102931K, committed 103032K, reserved 1138688K
  class space    used 12858K, capacity 13927K, committed 14028K, reserved 1048576K
}
Event: 33.706 GC heap after
{Heap after GC invocations=41 (full 0):
 garbage-first heap   total 348160K, used 198656K [0x0000000080000000, 0x0000000100000000)
  region size 1024K, 14 young (14336K), 14 survivors (14336K)
 Metaspace       used 100093K, capacity 102931K, committed 103032K, reserved 1138688K
  class space    used 12858K, capacity 13927K, committed 14028K, reserved 1048576K
}
Event: 34.293 GC heap before
{Heap before GC invocations=41 (full 0):
 garbage-first heap   total 348160K, used 248832K [0x0000000080000000, 0x0000000100000000)
  region size 1024K, 64 young (65536K), 14 survivors (14336K)
 Metaspace       used 100179K, capacity 103027K, committed 103288K, reserved 1138688K
  class space    used 12864K, capacity 13935K, committed 14028K, reserved 1048576K
}
Event: 34.326 GC heap after
{Heap after GC invocations=42 (full 0):
 garbage-first heap   total 348160K, used 206336K [0x0000000080000000, 0x0000000100000000)
  region size 1024K, 7 young (7168K), 7 survivors (7168K)
 Metaspace       used 100179K, capacity 103027K, committed 103288K, reserved 1138688K
  class space    used 12864K, capacity 13935K, committed 14028K, reserved 1048576K
}
Event: 35.641 GC heap before
{Heap before GC invocations=43 (full 0):
 garbage-first heap   total 348160K, used 265728K [0x0000000080000000, 0x0000000100000000)
  region size 1024K, 67 young (68608K), 7 survivors (7168K)
 Metaspace       used 100197K, capacity 103092K, committed 103288K, reserved 1138688K
  class space    used 12865K, capacity 13935K, committed 14028K, reserved 1048576K
}
Event: 35.670 GC heap after
{Heap after GC invocations=44 (full 0):
 garbage-first heap   total 348160K, used 208128K [0x0000000080000000, 0x0000000100000000)
  region size 1024K, 5 young (5120K), 5 survivors (5120K)
 Metaspace       used 100197K, capacity 103092K, committed 103288K, reserved 1138688K
  class space    used 12865K, capacity 13935K, committed 14028K, reserved 1048576K
}
Event: 36.138 GC heap before
{Heap before GC invocations=44 (full 0):
 garbage-first heap   total 348160K, used 224512K [0x0000000080000000, 0x0000000100000000)
  region size 1024K, 17 young (17408K), 5 survivors (5120K)
 Metaspace       used 100278K, capacity 103106K, committed 103288K, reserved 1138688K
  class space    used 12869K, capacity 13938K, committed 14028K, reserved 1048576K
}

Deoptimization events (20 events):
Event: 35.691 Thread 0x000001d5b8650800 Uncommon trap: trap_request=0xffffffde fr.pc=0x000001d5a455672c relative=0x00000000000000ec
Event: 35.691 Thread 0x000001d5b8650800 Uncommon trap: reason=class_check action=maybe_recompile pc=0x000001d5a455672c method=com.android.tools.r8.internal.k8.a(Lcom/android/tools/r8/graph/c0;Lcom/android/tools/r8/graph/c0;)I @ 5 c2
Event: 35.691 Thread 0x000001d5b8650800 DEOPT PACKING pc=0x000001d5a455672c sp=0x00000060e09fe2f0
Event: 35.691 Thread 0x000001d5b8650800 DEOPT UNPACKING pc=0x000001d59c0678af sp=0x00000060e09fe280 mode 2
Event: 35.691 Thread 0x000001d5b8650800 Uncommon trap: trap_request=0xffffffde fr.pc=0x000001d5a455672c relative=0x00000000000000ec
Event: 35.691 Thread 0x000001d5b8650800 Uncommon trap: reason=class_check action=maybe_recompile pc=0x000001d5a455672c method=com.android.tools.r8.internal.k8.a(Lcom/android/tools/r8/graph/c0;Lcom/android/tools/r8/graph/c0;)I @ 5 c2
Event: 35.691 Thread 0x000001d5b8650800 DEOPT PACKING pc=0x000001d5a455672c sp=0x00000060e09fe2f0
Event: 35.691 Thread 0x000001d5b8650800 DEOPT UNPACKING pc=0x000001d59c0678af sp=0x00000060e09fe280 mode 2
Event: 35.691 Thread 0x000001d5b8650800 Uncommon trap: trap_request=0xffffffde fr.pc=0x000001d5a455672c relative=0x00000000000000ec
Event: 35.691 Thread 0x000001d5b8650800 Uncommon trap: reason=class_check action=maybe_recompile pc=0x000001d5a455672c method=com.android.tools.r8.internal.k8.a(Lcom/android/tools/r8/graph/c0;Lcom/android/tools/r8/graph/c0;)I @ 5 c2
Event: 35.691 Thread 0x000001d5b8650800 DEOPT PACKING pc=0x000001d5a455672c sp=0x00000060e09fe1a0
Event: 35.691 Thread 0x000001d5b8650800 DEOPT UNPACKING pc=0x000001d59c0678af sp=0x00000060e09fe130 mode 2
Event: 35.697 Thread 0x000001d5b8650800 DEOPT PACKING pc=0x000001d59e9d31c8 sp=0x00000060e09fe420
Event: 35.697 Thread 0x000001d5b8650800 DEOPT UNPACKING pc=0x000001d59c0676ce sp=0x00000060e09fd908 mode 0
Event: 35.703 Thread 0x000001d5b8650800 DEOPT PACKING pc=0x000001d59e9d31c8 sp=0x00000060e09fe420
Event: 35.703 Thread 0x000001d5b8650800 DEOPT UNPACKING pc=0x000001d59c0676ce sp=0x00000060e09fd908 mode 0
Event: 35.711 Thread 0x000001d5b8650800 DEOPT PACKING pc=0x000001d59e9d31c8 sp=0x00000060e09fe420
Event: 35.711 Thread 0x000001d5b8650800 DEOPT UNPACKING pc=0x000001d59c0676ce sp=0x00000060e09fd908 mode 0
Event: 36.033 Thread 0x000001d5b8650800 DEOPT PACKING pc=0x000001d59e9d01c9 sp=0x00000060e09fe7b0
Event: 36.033 Thread 0x000001d5b8650800 DEOPT UNPACKING pc=0x000001d59c0676ce sp=0x00000060e09fdcd8 mode 0

Classes redefined (0 events):
No events

Internal exceptions (20 events):
Event: 21.867 Thread 0x000001d5b692a800 Exception <a 'java/lang/NoSuchMethodError'{0x000000008c9fc0d8}: 'int java.lang.invoke.DirectMethodHandle$Holder.invokeSpecial(java.lang.Object, java.lang.Object, java.lang.Object, int, java.lang.Object)'> (0x000000008c9fc0d8) thrown at [./src/hotspot/share/interpreter/linkResolver.cpp, line 773]
Event: 21.884 Thread 0x000001d5b692a800 Exception <a 'java/lang/NoSuchMethodError'{0x000000008c08a738}: 'java.lang.Object java.lang.invoke.DirectMethodHandle$Holder.newInvokeSpecial(java.lang.Object, int)'> (0x000000008c08a738) thrown at [./src/hotspot/share/interpreter/linkResolver.cpp, line 773]
Event: 22.193 Thread 0x000001d5b692a800 Exception <a 'java/lang/NoSuchMethodError'{0x000000008b272d48}: 'java.lang.Object java.lang.invoke.DirectMethodHandle$Holder.invokeInterface(java.lang.Object, java.lang.Object, int)'> (0x000000008b272d48) thrown at [./src/hotspot/share/interpreter/linkResolver.cpp, line 773]
Event: 23.871 Thread 0x000001d5b864f000 Exception <a 'java/lang/NoSuchMethodError'{0x0000000089d8e7f8}: <clinit>> (0x0000000089d8e7f8) thrown at [./src/hotspot/share/prims/jni.cpp, line 1362]
Event: 23.879 Thread 0x000001d5b692a800 Implicit null exception at 0x000001d5a4292db8 to 0x000001d5a4296308
Event: 24.233 Thread 0x000001d5b8642800 Exception <a 'java/lang/NoSuchMethodError'{0x000000008a320528}: 'void java.lang.invoke.DirectMethodHandle$Holder.invokeStatic(java.lang.Object, java.lang.Object, java.lang.Object, java.lang.Object, java.lang.Object, java.lang.Object, java.lang.Object)'> (0x000000008a320528) thrown at [./src/hotspot/share/interpreter/linkResolver.cpp, line 773]
Event: 26.723 Thread 0x000001d5b692a800 Exception <a 'java/lang/NoSuchMethodError'{0x000000008a845ed0}: 'int java.lang.invoke.DirectMethodHandle$Holder.invokeInterface(java.lang.Object, java.lang.Object, int)'> (0x000000008a845ed0) thrown at [./src/hotspot/share/interpreter/linkResolver.cpp, line 773]
Event: 27.096 Thread 0x000001d5b6928000 Exception <a 'java/lang/NoSuchMethodError'{0x000000008ce76840}: 'void java.lang.invoke.DirectMethodHandle$Holder.invokeSpecial(java.lang.Object, java.lang.Object, int, java.lang.Object, java.lang.Object, java.lang.Object, java.lang.Object)'> (0x000000008ce76840) thrown at [./src/hotspot/share/interpreter/linkResolver.cpp, line 773]
Event: 27.097 Thread 0x000001d5b6928000 Exception <a 'java/lang/NoSuchMethodError'{0x000000008ce82440}: 'java.lang.Object java.lang.invoke.Invokers$Holder.linkToTargetMethod(java.lang.Object, int, java.lang.Object, java.lang.Object, java.lang.Object, java.lang.Object)'> (0x000000008ce82440) thrown at [./src/hotspot/share/interpreter/linkResolver.cpp, line 773]
Event: 27.098 Thread 0x000001d5b6928000 Exception <a 'java/lang/NoSuchMethodError'{0x000000008ce868f0}: 'void java.lang.invoke.DirectMethodHandle$Holder.invokeSpecial(java.lang.Object, java.lang.Object, java.lang.Object, java.lang.Object, java.lang.Object, java.lang.Object, java.lang.Object, java.lang.Object, java.lang.Object)'> (0x000000008ce868f0) thrown at [./src/hotspot/share/interpreter/linkResolver.cpp, line 773]
Event: 27.101 Thread 0x000001d5b6928000 Exception <a 'java/lang/NoSuchMethodError'{0x000000008cc92048}: 'void java.lang.invoke.DirectMethodHandle$Holder.invokeStatic(java.lang.Object, java.lang.Object, java.lang.Object, java.lang.Object, java.lang.Object, java.lang.Object, java.lang.Object, java.lang.Object)'> (0x000000008cc92048) thrown at [./src/hotspot/share/interpreter/linkResolver.cpp, line 773]
Event: 27.204 Thread 0x000001d5b6928000 Exception <a 'java/lang/IncompatibleClassChangeError'{0x000000008c086718}: Found class java.lang.Object, but interface was expected> (0x000000008c086718) thrown at [./src/hotspot/share/interpreter/linkResolver.cpp, line 839]
Event: 27.419 Thread 0x000001d5b6928000 Exception <a 'java/lang/NoSuchMethodError'{0x000000008de88f20}: 'void java.lang.invoke.DirectMethodHandle$Holder.invokeVirtual(java.lang.Object, java.lang.Object, int)'> (0x000000008de88f20) thrown at [./src/hotspot/share/interpreter/linkResolver.cpp, line 773]
Event: 27.668 Thread 0x000001d5b6928000 Exception <a 'sun/nio/fs/WindowsException'{0x000000008cfb42a8}> (0x000000008cfb42a8) thrown at [./src/hotspot/share/prims/jni.cpp, line 615]
Event: 30.488 Thread 0x000001d5b692a800 Exception <a 'sun/nio/fs/WindowsException'{0x0000000089ae6b10}> (0x0000000089ae6b10) thrown at [./src/hotspot/share/prims/jni.cpp, line 615]
Event: 30.635 Thread 0x000001d5b864b800 Exception <a 'java/lang/NoSuchMethodError'{0x00000000897b4980}: <clinit>> (0x00000000897b4980) thrown at [./src/hotspot/share/prims/jni.cpp, line 1362]
Event: 31.371 Thread 0x000001d5b8649000 Exception <a 'sun/nio/fs/WindowsException'{0x000000008e6bf9a0}> (0x000000008e6bf9a0) thrown at [./src/hotspot/share/prims/jni.cpp, line 615]
Event: 31.744 Thread 0x000001d5b8649000 Exception <a 'sun/nio/fs/WindowsException'{0x000000008d53f7a0}> (0x000000008d53f7a0) thrown at [./src/hotspot/share/prims/jni.cpp, line 615]
Event: 32.124 Thread 0x000001d5b864e000 Exception <a 'sun/nio/fs/WindowsException'{0x000000008d4b6f98}> (0x000000008d4b6f98) thrown at [./src/hotspot/share/prims/jni.cpp, line 615]
Event: 33.543 Thread 0x000001d5b864e000 Exception <a 'java/lang/IncompatibleClassChangeError'{0x000000008d9f91f8}: Found class java.lang.Object, but interface was expected> (0x000000008d9f91f8) thrown at [./src/hotspot/share/interpreter/linkResolver.cpp, line 839]

Events (20 events):
Event: 36.039 Executing VM operation: BulkRevokeBias done
Event: 36.039 loading class com/android/tools/r8/internal/ek
Event: 36.039 loading class com/android/tools/r8/internal/ek done
Event: 36.041 loading class com/android/tools/r8/code/v1
Event: 36.041 loading class com/android/tools/r8/code/v1 done
Event: 36.041 loading class com/android/tools/r8/code/v1
Event: 36.041 loading class com/android/tools/r8/code/v1 done
Event: 36.041 loading class com/android/tools/r8/code/v1
Event: 36.041 loading class com/android/tools/r8/code/v1 done
Event: 36.041 loading class java/util/IdentityHashMap$EntryIterator
Event: 36.041 loading class java/util/IdentityHashMap$EntryIterator done
Event: 36.042 loading class com/android/tools/r8/internal/ek$b
Event: 36.042 loading class com/android/tools/r8/internal/ek$b done
Event: 36.042 loading class java/util/IdentityHashMap$EntryIterator$Entry
Event: 36.042 loading class java/util/IdentityHashMap$EntryIterator$Entry done
Event: 36.042 loading class com/android/tools/r8/code/v1
Event: 36.042 loading class com/android/tools/r8/code/v1 done
Event: 36.042 loading class com/android/tools/r8/code/v1
Event: 36.042 loading class com/android/tools/r8/code/v1 done
Event: 36.138 Executing VM operation: G1CollectForAllocation


Dynamic libraries:
0x00007ff7bebc0000 - 0x00007ff7bebca000 	C:\Program Files\Android\Android Studio\jre\bin\java.exe
0x00007ffbb4490000 - 0x00007ffbb4685000 	C:\WINDOWS\SYSTEM32\ntdll.dll
0x00007ffbb3ab0000 - 0x00007ffbb3b6e000 	C:\WINDOWS\System32\KERNEL32.DLL
0x00007ffbb1d30000 - 0x00007ffbb1ff8000 	C:\WINDOWS\System32\KERNELBASE.dll
0x00007ffbb1c30000 - 0x00007ffbb1d30000 	C:\WINDOWS\System32\ucrtbase.dll
0x00007ffbac830000 - 0x00007ffbac849000 	C:\Program Files\Android\Android Studio\jre\bin\jli.dll
0x00007ffb92f30000 - 0x00007ffb92f47000 	C:\Program Files\Android\Android Studio\jre\bin\VCRUNTIME140.dll
0x00007ffbb3620000 - 0x00007ffbb37c1000 	C:\WINDOWS\System32\USER32.dll
0x00007ffb9bf30000 - 0x00007ffb9c1ca000 	C:\WINDOWS\WinSxS\amd64_microsoft.windows.common-controls_6595b64144ccf1df_6.0.19041.1110_none_60b5254171f9507e\COMCTL32.dll
0x00007ffbb21a0000 - 0x00007ffbb21c2000 	C:\WINDOWS\System32\win32u.dll
0x00007ffbb3580000 - 0x00007ffbb361e000 	C:\WINDOWS\System32\msvcrt.dll
0x00007ffbb3550000 - 0x00007ffbb357b000 	C:\WINDOWS\System32\GDI32.dll
0x00007ffbb2090000 - 0x00007ffbb219d000 	C:\WINDOWS\System32\gdi32full.dll
0x00007ffbb2330000 - 0x00007ffbb23cd000 	C:\WINDOWS\System32\msvcp_win.dll
0x00007ffbb3980000 - 0x00007ffbb39b0000 	C:\WINDOWS\System32\IMM32.DLL
0x00007ffb5ff90000 - 0x00007ffb6002d000 	C:\Program Files\Android\Android Studio\jre\bin\msvcp140.dll
0x00007ffb40640000 - 0x00007ffb4110f000 	C:\Program Files\Android\Android Studio\jre\bin\server\jvm.dll
0x00007ffbb24d0000 - 0x00007ffbb257c000 	C:\WINDOWS\System32\ADVAPI32.dll
0x00007ffbb3ff0000 - 0x00007ffbb408b000 	C:\WINDOWS\System32\sechost.dll
0x00007ffbb33c0000 - 0x00007ffbb34ea000 	C:\WINDOWS\System32\RPCRT4.dll
0x00007ffbb3aa0000 - 0x00007ffbb3aa8000 	C:\WINDOWS\System32\PSAPI.DLL
0x00007ffb9ae70000 - 0x00007ffb9ae97000 	C:\WINDOWS\SYSTEM32\WINMM.dll
0x00007ffbabce0000 - 0x00007ffbabcea000 	C:\WINDOWS\SYSTEM32\VERSION.dll
0x00007ffbac480000 - 0x00007ffbac489000 	C:\WINDOWS\SYSTEM32\WSOCK32.dll
0x00007ffbb4300000 - 0x00007ffbb436b000 	C:\WINDOWS\System32\WS2_32.dll
0x00007ffbaf9d0000 - 0x00007ffbaf9e2000 	C:\WINDOWS\SYSTEM32\kernel.appcore.dll
0x00007ffba2740000 - 0x00007ffba2751000 	C:\Program Files\Android\Android Studio\jre\bin\verify.dll
0x00007ffba9480000 - 0x00007ffba9664000 	C:\WINDOWS\SYSTEM32\DBGHELP.DLL
0x00007ffb9a320000 - 0x00007ffb9a34c000 	C:\WINDOWS\SYSTEM32\dbgcore.DLL
0x00007ffbb2000000 - 0x00007ffbb2082000 	C:\WINDOWS\System32\bcryptPrimitives.dll
0x00007ffb98aa0000 - 0x00007ffb98ac9000 	C:\Program Files\Android\Android Studio\jre\bin\java.dll
0x00007ffba2810000 - 0x00007ffba281b000 	C:\Program Files\Android\Android Studio\jre\bin\jimage.dll
0x00007ffb9c5a0000 - 0x00007ffb9c5b8000 	C:\Program Files\Android\Android Studio\jre\bin\zip.dll
0x00007ffbb2580000 - 0x00007ffbb2cc4000 	C:\WINDOWS\System32\SHELL32.dll
0x00007ffbafcb0000 - 0x00007ffbb0444000 	C:\WINDOWS\SYSTEM32\windows.storage.dll
0x00007ffbb2e60000 - 0x00007ffbb31b5000 	C:\WINDOWS\System32\combase.dll
0x00007ffbb15f0000 - 0x00007ffbb161e000 	C:\WINDOWS\SYSTEM32\Wldp.dll
0x00007ffbb31c0000 - 0x00007ffbb326d000 	C:\WINDOWS\System32\SHCORE.dll
0x00007ffbb34f0000 - 0x00007ffbb3545000 	C:\WINDOWS\System32\shlwapi.dll
0x00007ffbb1ae0000 - 0x00007ffbb1aff000 	C:\WINDOWS\SYSTEM32\profapi.dll
0x00007ffb98a80000 - 0x00007ffb98a9a000 	C:\Program Files\Android\Android Studio\jre\bin\net.dll
0x00007ffba1d80000 - 0x00007ffba1e8c000 	C:\WINDOWS\SYSTEM32\WINHTTP.dll
0x00007ffbb1350000 - 0x00007ffbb13ba000 	C:\WINDOWS\system32\mswsock.dll
0x00007ffb98a60000 - 0x00007ffb98a74000 	C:\Program Files\Android\Android Studio\jre\bin\nio.dll
0x00007ffb833c0000 - 0x00007ffb833e7000 	C:\Users\Lenovo\.gradle\native\8bec1ad78214c89d9ad589b4d07fe93259594b29d510b10fafb7a158f7737e5d\windows-amd64\native-platform.dll
0x00007ffb56160000 - 0x00007ffb5629d000 	C:\Users\Lenovo\.gradle\native\53dbd7edfb1c66fb8903c78663c9afc45aea4f116125fa6feffd364cf09443e8\windows-amd64\native-platform-file-events.dll
0x00007ffba24e0000 - 0x00007ffba24ea000 	C:\Program Files\Android\Android Studio\jre\bin\management.dll
0x00007ffba2100000 - 0x00007ffba210c000 	C:\Program Files\Android\Android Studio\jre\bin\management_ext.dll
0x00007ffbb1540000 - 0x00007ffbb1558000 	C:\WINDOWS\SYSTEM32\CRYPTSP.dll
0x00007ffbb0c60000 - 0x00007ffbb0c94000 	C:\WINDOWS\system32\rsaenh.dll
0x00007ffbb1c00000 - 0x00007ffbb1c27000 	C:\WINDOWS\System32\bcrypt.dll
0x00007ffbb1aa0000 - 0x00007ffbb1ace000 	C:\WINDOWS\SYSTEM32\USERENV.dll
0x00007ffbb1560000 - 0x00007ffbb156c000 	C:\WINDOWS\SYSTEM32\CRYPTBASE.dll
0x00007ffbb0ff0000 - 0x00007ffbb102b000 	C:\WINDOWS\SYSTEM32\IPHLPAPI.DLL
0x00007ffbb3270000 - 0x00007ffbb3278000 	C:\WINDOWS\System32\NSI.dll
0x00007ffba9270000 - 0x00007ffba9287000 	C:\WINDOWS\SYSTEM32\dhcpcsvc6.DLL
0x00007ffba92b0000 - 0x00007ffba92cd000 	C:\WINDOWS\SYSTEM32\dhcpcsvc.DLL
0x00007ffbb1040000 - 0x00007ffbb110b000 	C:\WINDOWS\SYSTEM32\DNSAPI.dll

dbghelp: loaded successfully - version: 4.0.5 - missing functions: none
symbol engine: initialized successfully - sym options: 0x614 - pdb path: .;C:\Program Files\Android\Android Studio\jre\bin;C:\WINDOWS\SYSTEM32;C:\WINDOWS\WinSxS\amd64_microsoft.windows.common-controls_6595b64144ccf1df_6.0.19041.1110_none_60b5254171f9507e;C:\Program Files\Android\Android Studio\jre\bin\server;C:\Users\Lenovo\.gradle\native\8bec1ad78214c89d9ad589b4d07fe93259594b29d510b10fafb7a158f7737e5d\windows-amd64;C:\Users\Lenovo\.gradle\native\53dbd7edfb1c66fb8903c78663c9afc45aea4f116125fa6feffd364cf09443e8\windows-amd64

VM Arguments:
jvm_args: --add-opens=java.base/java.util=ALL-UNNAMED --add-opens=java.base/java.lang=ALL-UNNAMED --add-opens=java.base/java.lang.invoke=ALL-UNNAMED --add-opens=java.base/java.util=ALL-UNNAMED --add-opens=java.prefs/java.util.prefs=ALL-UNNAMED --add-opens=java.prefs/java.util.prefs=ALL-UNNAMED --add-opens=java.base/java.nio.charset=ALL-UNNAMED --add-opens=java.base/java.net=ALL-UNNAMED --add-opens=java.base/java.util.concurrent.atomic=ALL-UNNAMED -Xmx2048m -Dfile.encoding=UTF-8 -Duser.country=ID -Duser.language=en -Duser.variant 
java_command: org.gradle.launcher.daemon.bootstrap.GradleDaemon 7.0.2
java_class_path (initial): C:\Users\Lenovo\.gradle\wrapper\dists\gradle-7.0.2-bin\857tjihv64xamwrf0h14cai3r\gradle-7.0.2\lib\gradle-launcher-7.0.2.jar
Launcher Type: SUN_STANDARD

[Global flags]
     intx CICompilerCount                          = 3                                         {product} {ergonomic}
     uint ConcGCThreads                            = 1                                         {product} {ergonomic}
     uint G1ConcRefinementThreads                  = 4                                         {product} {ergonomic}
   size_t G1HeapRegionSize                         = 1048576                                   {product} {ergonomic}
    uintx GCDrainStackTargetSize                   = 64                                        {product} {ergonomic}
   size_t InitialHeapSize                          = 201326592                                 {product} {ergonomic}
   size_t MarkStackSize                            = 4194304                                   {product} {ergonomic}
   size_t MaxHeapSize                              = 2147483648                                {product} {command line}
   size_t MaxNewSize                               = 1287651328                                {product} {ergonomic}
   size_t MinHeapDeltaBytes                        = 1048576                                   {product} {ergonomic}
    uintx NonNMethodCodeHeapSize                   = 5830732                                {pd product} {ergonomic}
    uintx NonProfiledCodeHeapSize                  = 122913754                              {pd product} {ergonomic}
    uintx ProfiledCodeHeapSize                     = 122913754                              {pd product} {ergonomic}
    uintx ReservedCodeCacheSize                    = 251658240                              {pd product} {ergonomic}
     bool SegmentedCodeCache                       = true                                      {product} {ergonomic}
     bool UseCompressedClassPointers               = true                                 {lp64_product} {ergonomic}
     bool UseCompressedOops                        = true                                 {lp64_product} {ergonomic}
     bool UseG1GC                                  = true                                      {product} {ergonomic}
     bool UseLargePagesIndividualAllocation        = false                                  {pd product} {ergonomic}

Logging:
Log output configuration:
 #0: stdout all=warning uptime,level,tags
 #1: stderr all=off uptime,level,tags

Environment Variables:
PATH=C:\Program Files (x86)\Common Files\Oracle\Java\javapath;C:\WINDOWS\system32;C:\WINDOWS;C:\WINDOWS\System32\Wbem;C:\WINDOWS\System32\WindowsPowerShell\v1.0\;C:\WINDOWS\System32\OpenSSH\;C:\Users\Lenovo\AppData\Local\Microsoft\WindowsApps;C:\adb;C:\Program Files\PuTTY\;C:\WINDOWS\system32;C:\WINDOWS;C:\WINDOWS\System32\Wbem;C:\WINDOWS\System32\WindowsPowerShell\v1.0\;C:\WINDOWS\System32\OpenSSH\;C:\xampp\php;C:\ProgramData\ComposerSetup\bin;C:\WINDOWS\system32\config\systemprofile\AppData\Roaming\Composer\vendor\bin;C:\Program Files\Apache Software Foundation\apache-ant-1.10.9\bin;C:\Program Files\Git\cmd;C:\Users\Lenovo\AppData\Local\Programs\Python\Python39\Scripts\;C:\Users\Lenovo\AppData\Local\Programs\Python\Python39\;C:\Users\Lenovo\AppData\Local\Microsoft\WindowsApps;C:\Users\Lenovo\AppData\Local\Programs\Microsoft VS Code\bin;C:\Program Files (x86)\Nmap;C:\Users\Lenovo\AppData\Local\GitHubDesktop\bin;C:\Users\Lenovo\AppData\Roaming\Composer\vendor\bin
USERNAME=Lenovo
OS=Windows_NT
PROCESSOR_IDENTIFIER=Intel64 Family 6 Model 158 Stepping 9, GenuineIntel



---------------  S Y S T E M  ---------------

OS: Windows 10 , 64 bit Build 19041 (10.0.19041.1348)
OS uptime: 0 days 8:46 hours

CPU:total 4 (initial active 4) (2 cores per cpu, 2 threads per core) family 6 model 158 stepping 9 microcode 0xb4, cmov, cx8, fxsr, mmx, sse, sse2, sse3, ssse3, sse4.1, sse4.2, popcnt, avx, avx2, aes, clmul, erms, 3dnowpref, lzcnt, ht, tsc, tscinvbit, bmi1, bmi2, adx, fma

Memory: 4k page, system-wide physical 12199M (1441M free)
TotalPageFile size 16295M (AvailPageFile size 53M)
current process WorkingSet (physical memory assigned to process): 644M, peak: 685M
current process commit charge ("private bytes"): 674M, peak: 804M

vm_info: OpenJDK 64-Bit Server VM (11.0.10+0-b96-7249189) for windows-amd64 JRE (11.0.10+0-b96-7249189), built on Mar 31 2021 21:44:00 by "builder" with MS VC++ 14.0 (VS2015)

END.
