#
# There is insufficient memory for the Java Runtime Environment to continue.
# Native memory allocation (mmap) failed to map 59768832 bytes for Failed to commit area from 0x0000000091900000 to 0x0000000095200000 of length 59768832.
# Possible reasons:
#   The system is out of physical RAM or swap space
#   The process is running with CompressedOops enabled, and the Java Heap may be blocking the growth of the native heap
# Possible solutions:
#   Reduce memory load on the system
#   Increase physical memory or swap space
#   Check if swap backing store is full
#   Decrease Java heap size (-Xmx/-Xms)
#   Decrease number of Java threads
#   Decrease Java thread stack sizes (-Xss)
#   Set larger code cache with -XX:ReservedCodeCacheSize=
#   JVM is running with Unscaled Compressed Oops mode in which the Java heap is
#     placed in the first 4GB address space. The Java Heap base address is the
#     maximum limit for the native heap growth. Please use -XX:HeapBaseMinAddress
#     to set the Java Heap base and to place the Java Heap above 4GB virtual address.
# This output file may be truncated or incomplete.
#
#  Out of Memory Error (./src/hotspot/os/windows/os_windows.cpp:3301), pid=6192, tid=11356
#
# JRE version: OpenJDK Runtime Environment (11.0.10) (build 11.0.10+0-b96-7249189)
# Java VM: OpenJDK 64-Bit Server VM (11.0.10+0-b96-7249189, mixed mode, tiered, compressed oops, g1 gc, windows-amd64)
# No core dump will be written. Minidumps are not enabled by default on client versions of Windows
#

---------------  S U M M A R Y ------------

Command Line: --add-opens=java.base/java.util=ALL-UNNAMED --add-opens=java.base/java.lang=ALL-UNNAMED --add-opens=java.base/java.lang.invoke=ALL-UNNAMED --add-opens=java.base/java.util=ALL-UNNAMED --add-opens=java.prefs/java.util.prefs=ALL-UNNAMED --add-opens=java.prefs/java.util.prefs=ALL-UNNAMED --add-opens=java.base/java.nio.charset=ALL-UNNAMED --add-opens=java.base/java.net=ALL-UNNAMED --add-opens=java.base/java.util.concurrent.atomic=ALL-UNNAMED -Xmx2048m -Dfile.encoding=UTF-8 -Duser.country=ID -Duser.language=en -Duser.variant org.gradle.launcher.daemon.bootstrap.GradleDaemon 7.0.2

Host: Intel(R) Core(TM) i3-7100T CPU @ 3.40GHz, 4 cores, 11G,  Windows 10 , 64 bit Build 19041 (10.0.19041.1348)
Time: Wed Jan  5 23:40:56 2022 SE Asia Standard Time elapsed time: 2912.553114 seconds (0d 0h 48m 32s)

---------------  T H R E A D  ---------------

Current thread (0x0000024edd713000):  VMThread "VM Thread" [stack: 0x0000008241900000,0x0000008241a00000] [id=11356]

Stack: [0x0000008241900000,0x0000008241a00000]
[error occurred during error reporting (printing stack bounds), id 0xc0000005, EXCEPTION_ACCESS_VIOLATION (0xc0000005) at pc=0x0000024ec6de0f2d]

Native frames: (J=compiled Java code, j=interpreted, Vv=VM code, C=native code)
V  [jvm.dll+0x5ecfaa]
V  [jvm.dll+0x722bd5]
V  [jvm.dll+0x72412d]
V  [jvm.dll+0x724745]
V  [jvm.dll+0x7246fb]
V  [jvm.dll+0x5ec348]
V  [jvm.dll+0x5ecad8]
C  [ntdll.dll+0xa20cf]
C  [ntdll.dll+0x51454]
C  [ntdll.dll+0xa0bfe]
C  0x0000024ec6de0f2d

VM_Operation (0x00000082444f9330): G1CollectForAllocation, mode: safepoint, requested by thread 0x0000024ee0afd800


---------------  P R O C E S S  ---------------

Threads class SMR info:
_java_thread_list=0x0000024ee3e9a3e0, length=60, elements={
0x0000024ec32ec800, 0x0000024edcef2000, 0x0000024edcf02000, 0x0000024edd761800,
0x0000024edd764000, 0x0000024edd766000, 0x0000024edd768000, 0x0000024edd769800,
0x0000024edd77c000, 0x0000024edd8d9000, 0x0000024edfd91800, 0x0000024edeb90000,
0x0000024ee01bd800, 0x0000024edfd15000, 0x0000024edfd17800, 0x0000024edfd16000,
0x0000024edfd16800, 0x0000024edfd18800, 0x0000024ee1336800, 0x0000024ee133a800,
0x0000024ee1339800, 0x0000024ee133b800, 0x0000024ee1337000, 0x0000024ee1344000,
0x0000024ee1341000, 0x0000024ee133f800, 0x0000024ee0af2000, 0x0000024ee0af7800,
0x0000024ee1342000, 0x0000024ee133d800, 0x0000024ee1339000, 0x0000024ee1343800,
0x0000024ee1342800, 0x0000024ee1345000, 0x0000024ee1340000, 0x0000024ee0af4800,
0x0000024ee0af2800, 0x0000024ee0af5000, 0x0000024ee0af0800, 0x0000024ee0af3800,
0x0000024ee0af6000, 0x0000024ee0af7000, 0x0000024ee0af1000, 0x0000024ee0afa000,
0x0000024ee0afd800, 0x0000024ee0afe000, 0x0000024ee0afb000, 0x0000024ee0afc800,
0x0000024ee0afb800, 0x0000024ee0af8800, 0x0000024ee0aff000, 0x0000024ee0af9800,
0x0000024edfd13800, 0x0000024edfd1a000, 0x0000024edfd14000, 0x0000024edee1d000,
0x0000024edfd19000, 0x0000024ee4989800, 0x0000024ee498b000, 0x0000024ee4987000
}

Java Threads: ( => current thread )
  0x0000024ec32ec800 JavaThread "main" [_thread_blocked, id=6052, stack(0x0000008241300000,0x0000008241400000)]
  0x0000024edcef2000 JavaThread "Reference Handler" daemon [_thread_blocked, id=5500, stack(0x0000008241a00000,0x0000008241b00000)]
  0x0000024edcf02000 JavaThread "Finalizer" daemon [_thread_blocked, id=3672, stack(0x0000008241b00000,0x0000008241c00000)]
  0x0000024edd761800 JavaThread "Signal Dispatcher" daemon [_thread_blocked, id=5948, stack(0x0000008241c00000,0x0000008241d00000)]
  0x0000024edd764000 JavaThread "Attach Listener" daemon [_thread_blocked, id=11588, stack(0x0000008241d00000,0x0000008241e00000)]
  0x0000024edd766000 JavaThread "Service Thread" daemon [_thread_blocked, id=6792, stack(0x0000008241e00000,0x0000008241f00000)]
  0x0000024edd768000 JavaThread "C2 CompilerThread0" daemon [_thread_blocked, id=5004, stack(0x0000008241f00000,0x0000008242000000)]
  0x0000024edd769800 JavaThread "C1 CompilerThread0" daemon [_thread_blocked, id=2768, stack(0x0000008242000000,0x0000008242100000)]
  0x0000024edd77c000 JavaThread "Sweeper thread" daemon [_thread_blocked, id=428, stack(0x0000008242100000,0x0000008242200000)]
  0x0000024edd8d9000 JavaThread "Common-Cleaner" daemon [_thread_blocked, id=7460, stack(0x0000008242200000,0x0000008242300000)]
  0x0000024edfd91800 JavaThread "Daemon health stats" [_thread_blocked, id=12064, stack(0x0000008242800000,0x0000008242900000)]
  0x0000024edeb90000 JavaThread "Incoming local TCP Connector on port 3213" [_thread_in_native, id=10320, stack(0x0000008242400000,0x0000008242500000)]
  0x0000024ee01bd800 JavaThread "Daemon periodic checks" [_thread_blocked, id=9020, stack(0x0000008242900000,0x0000008242a00000)]
  0x0000024edfd15000 JavaThread "Cache worker for file hash cache (C:\Users\Lenovo\.gradle\caches\7.0.2\fileHashes)" [_thread_blocked, id=4232, stack(0x0000008243100000,0x0000008243200000)]
  0x0000024edfd17800 JavaThread "File lock request listener" [_thread_in_native, id=5040, stack(0x0000008243200000,0x0000008243300000)]
  0x0000024edfd16000 JavaThread "Cache worker for journal cache (C:\Users\Lenovo\.gradle\caches\journal-1)" [_thread_blocked, id=6860, stack(0x0000008243300000,0x0000008243400000)]
  0x0000024edfd16800 JavaThread "File watcher server" daemon [_thread_blocked, id=2760, stack(0x0000008243600000,0x0000008243700000)]
  0x0000024edfd18800 JavaThread "File watcher consumer" daemon [_thread_blocked, id=7308, stack(0x0000008243700000,0x0000008243800000)]
  0x0000024ee1336800 JavaThread "Cache worker for execution history cache (C:\Users\Lenovo\.gradle\caches\7.0.2\executionHistory)" [_thread_blocked, id=9976, stack(0x0000008243b00000,0x0000008243c00000)]
  0x0000024ee133a800 JavaThread "jar transforms" [_thread_blocked, id=9028, stack(0x0000008243c00000,0x0000008243d00000)]
  0x0000024ee1339800 JavaThread "jar transforms Thread 2" [_thread_blocked, id=7916, stack(0x0000008243d00000,0x0000008243e00000)]
  0x0000024ee133b800 JavaThread "Cache worker for file content cache (C:\Users\Lenovo\.gradle\caches\7.0.2\fileContent)" [_thread_blocked, id=8588, stack(0x0000008243e00000,0x0000008243f00000)]
  0x0000024ee1337000 JavaThread "jar transforms Thread 3" [_thread_blocked, id=5164, stack(0x0000008244000000,0x0000008244100000)]
  0x0000024ee1344000 JavaThread "jar transforms Thread 4" [_thread_blocked, id=10624, stack(0x0000008243900000,0x0000008243a00000)]
  0x0000024ee1341000 JavaThread "Memory manager" [_thread_blocked, id=5620, stack(0x0000008244700000,0x0000008244800000)]
  0x0000024ee133f800 JavaThread "pool-3-thread-1" [_thread_blocked, id=8912, stack(0x0000008244900000,0x0000008244a00000)]
  0x0000024ee0af2000 JavaThread "Cache worker for Java compile cache (C:\Users\Lenovo\.gradle\caches\7.0.2\javaCompile)" [_thread_blocked, id=1116, stack(0x0000008244f00000,0x0000008245000000)]
  0x0000024ee0af7800 JavaThread "ForkJoinPool.commonPool-worker-3" daemon [_thread_blocked, id=408, stack(0x0000008245300000,0x0000008245400000)]
  0x0000024ee1342000 JavaThread "pool-7-thread-1" [_thread_blocked, id=11944, stack(0x0000008244500000,0x0000008244600000)]
  0x0000024ee133d800 JavaThread "pool-11-thread-1" [_thread_blocked, id=412, stack(0x0000008244600000,0x0000008244700000)]
  0x0000024ee1339000 JavaThread "Daemon Thread 4" [_thread_blocked, id=10740, stack(0x0000008241000000,0x0000008241100000)]
  0x0000024ee1343800 JavaThread "Handler for socket connection from /127.0.0.1:3213 to /127.0.0.1:6159" [_thread_in_native, id=13876, stack(0x0000008242a00000,0x0000008242b00000)]
  0x0000024ee1342800 JavaThread "Cancel handler" [_thread_blocked, id=13196, stack(0x0000008242b00000,0x0000008242c00000)]
  0x0000024ee1345000 JavaThread "Daemon worker Thread 4" [_thread_blocked, id=13752, stack(0x0000008242c00000,0x0000008242d00000)]
  0x0000024ee1340000 JavaThread "Asynchronous log dispatcher for DefaultDaemonConnection: socket connection from /127.0.0.1:3213 to /127.0.0.1:6159" [_thread_blocked, id=688, stack(0x0000008242d00000,0x0000008242e00000)]
  0x0000024ee0af4800 JavaThread "Stdin handler" [_thread_blocked, id=9540, stack(0x0000008242e00000,0x0000008242f00000)]
  0x0000024ee0af2800 JavaThread "Daemon client event forwarder" [_thread_blocked, id=12612, stack(0x0000008242f00000,0x0000008243000000)]
  0x0000024ee0af5000 JavaThread "Cache worker for file hash cache (C:\Users\Lenovo\AndroidStudioProjects\BotNav\.gradle\7.0.2\fileHashes)" [_thread_blocked, id=1268, stack(0x0000008243000000,0x0000008243100000)]
  0x0000024ee0af0800 JavaThread "Cache worker for checksums cache (C:\Users\Lenovo\AndroidStudioProjects\BotNav\.gradle\checksums)" [_thread_blocked, id=14664, stack(0x0000008243400000,0x0000008243500000)]
  0x0000024ee0af3800 JavaThread "Cache worker for cache directory md-supplier (C:\Users\Lenovo\.gradle\caches\7.0.2\md-supplier)" [_thread_blocked, id=15048, stack(0x0000008243500000,0x0000008243600000)]
  0x0000024ee0af6000 JavaThread "Cache worker for cache directory md-rule (C:\Users\Lenovo\.gradle\caches\7.0.2\md-rule)" [_thread_blocked, id=10720, stack(0x0000008243800000,0x0000008243900000)]
  0x0000024ee0af7000 JavaThread "Cache worker for dependencies-accessors (C:\Users\Lenovo\AndroidStudioProjects\BotNav\.gradle\7.0.2\dependencies-accessors)" [_thread_blocked, id=13488, stack(0x0000008243a00000,0x0000008243b00000)]
  0x0000024ee0af1000 JavaThread "Cache worker for Build Output Cleanup Cache (C:\Users\Lenovo\AndroidStudioProjects\BotNav\.gradle\buildOutputCleanup)" [_thread_blocked, id=14668, stack(0x0000008244100000,0x0000008244200000)]
  0x0000024ee0afa000 JavaThread "Build operations" [_thread_blocked, id=12704, stack(0x0000008244300000,0x0000008244400000)]
  0x0000024ee0afd800 JavaThread "Build operations Thread 2" [_thread_blocked, id=7776, stack(0x0000008244400000,0x0000008244500000)]
  0x0000024ee0afe000 JavaThread "Build operations Thread 3" [_thread_blocked, id=14484, stack(0x0000008244800000,0x0000008244900000)]
  0x0000024ee0afb000 JavaThread "Build operations Thread 4" [_thread_blocked, id=5480, stack(0x0000008244a00000,0x0000008244b00000)]
  0x0000024ee0afc800 JavaThread "build event listener" [_thread_blocked, id=15240, stack(0x0000008244b00000,0x0000008244c00000)]
  0x0000024ee0afb800 JavaThread "pool-14-thread-1" [_thread_blocked, id=15212, stack(0x0000008244c00000,0x0000008244d00000)]
  0x0000024ee0af8800 JavaThread "build event listener" [_thread_blocked, id=14104, stack(0x0000008244d00000,0x0000008244e00000)]
  0x0000024ee0aff000 JavaThread "Execution worker for ':'" [_thread_blocked, id=9040, stack(0x0000008244e00000,0x0000008244f00000)]
  0x0000024ee0af9800 JavaThread "Execution worker for ':' Thread 2" [_thread_blocked, id=15244, stack(0x0000008245000000,0x0000008245100000)]
  0x0000024edfd13800 JavaThread "Execution worker for ':' Thread 3" [_thread_blocked, id=6804, stack(0x0000008245100000,0x0000008245200000)]
  0x0000024edfd1a000 JavaThread "Cache worker for execution history cache (C:\Users\Lenovo\AndroidStudioProjects\BotNav\.gradle\7.0.2\executionHistory)" [_thread_blocked, id=2992, stack(0x0000008245200000,0x0000008245300000)]
  0x0000024edfd14000 JavaThread "Cache worker for Java compile cache (C:\Users\Lenovo\AndroidStudioProjects\BotNav\.gradle\7.0.2\javaCompile)" [_thread_blocked, id=12332, stack(0x0000008245400000,0x0000008245500000)]
  0x0000024edee1d000 JavaThread "C2 CompilerThread1" daemon [_thread_blocked, id=14332, stack(0x0000008244200000,0x0000008244300000)]
  0x0000024edfd19000 JavaThread "WorkerExecutor Queue" [_thread_blocked, id=12428, stack(0x0000008245500000,0x0000008245600000)]
  0x0000024ee4989800 JavaThread "WorkerExecutor Queue Thread 2" [_thread_blocked, id=12864, stack(0x0000008245600000,0x0000008245700000)]
  0x0000024ee498b000 JavaThread "WorkerExecutor Queue Thread 3" [_thread_blocked, id=14196, stack(0x0000008245700000,0x0000008245800000)]
  0x0000024ee4987000 JavaThread "WorkerExecutor Queue Thread 5" [_thread_blocked, id=12660, stack(0x0000008245900000,0x0000008245a00000)]

Other Threads:
=>0x0000024edd713000 VMThread "VM Thread" [stack: 0x0000008241900000,0x0000008241a00000] [id=11356]
  0x0000024edd8dd000 WatcherThread [stack: 0x0000008242300000,0x0000008242400000] [id=9408]
  0x0000024ec3305800 GCTaskThread "GC Thread#0" [stack: 0x0000008241400000,0x0000008241500000] [id=10816]
  0x0000024ede22a000 GCTaskThread "GC Thread#1" [stack: 0x0000008242500000,0x0000008242600000] [id=10876]
  0x0000024ede233000 GCTaskThread "GC Thread#2" [stack: 0x0000008242600000,0x0000008242700000] [id=12284]
  0x0000024ede7cd800 GCTaskThread "GC Thread#3" [stack: 0x0000008242700000,0x0000008242800000] [id=7988]
  0x0000024ec3338000 ConcurrentGCThread "G1 Main Marker" [stack: 0x0000008241500000,0x0000008241600000] [id=5104]
  0x0000024ec3339000 ConcurrentGCThread "G1 Conc#0" [stack: 0x0000008241600000,0x0000008241700000] [id=7704]
  0x0000024ec33cd800 ConcurrentGCThread "G1 Refine#0" [stack: 0x0000008241700000,0x0000008241800000] [id=9400]
  0x0000024ee33c6800 ConcurrentGCThread "G1 Refine#1" [stack: 0x0000008243f00000,0x0000008244000000] [id=14724]
  0x0000024edcd40800 ConcurrentGCThread "G1 Young RemSet Sampling" [stack: 0x0000008241800000,0x0000008241900000] [id=10552]

Threads with active compile tasks:
C2 CompilerThread02912588 23527 %     4       com.android.tools.r8.ir.regalloc.a::a @ 2157 (3985 bytes)
C1 CompilerThread02912588 23701       3       com.android.tools.r8.internal.F7::o (704 bytes)
C2 CompilerThread12912588 23683       4       com.android.tools.r8.internal.X4::b (169 bytes)

VM state:at safepoint (normal execution)

VM Mutex/Monitor currently owned by a thread:  ([mutex/lock_event])
[0x0000024ec32e9430] Threads_lock - owner thread: 0x0000024edd713000
[0x0000024ec32e94c0] Heap_lock - owner thread: 0x0000024ee0afd800

Heap address: 0x0000000080000000, size: 2048 MB, Compressed Oops mode: 32-bit
Narrow klass base: 0x0000000000000000, Narrow klass shift: 3
Compressed class space size: 1073741824 Address: 0x0000000100000000

Heap:
 garbage-first heap   total 346112K, used 158262K [0x0000000080000000, 0x0000000100000000)
  region size 1024K, 5 young (5120K), 5 survivors (5120K)
 Metaspace       used 143981K, capacity 148043K, committed 148188K, reserved 1177600K
  class space    used 17936K, capacity 19408K, committed 19504K, reserved 1048576K
Heap Regions: E=young(eden), S=young(survivor), O=old, HS=humongous(starts), HC=humongous(continues), CS=collection set, F=free, A=archive, TAMS=top-at-mark-start (previous, next)
|   0|0x0000000080000000, 0x0000000080100000, 0x0000000080100000|100%| O|  |TAMS 0x0000000080100000, 0x0000000080000000| Untracked 
|   1|0x0000000080100000, 0x0000000080200000, 0x0000000080200000|100%| O|  |TAMS 0x0000000080200000, 0x0000000080100000| Untracked 
|   2|0x0000000080200000, 0x0000000080300000, 0x0000000080300000|100%| O|  |TAMS 0x0000000080300000, 0x0000000080200000| Untracked 
|   3|0x0000000080300000, 0x0000000080400000, 0x0000000080400000|100%|HS|  |TAMS 0x0000000080400000, 0x0000000080300000| Complete 
|   4|0x0000000080400000, 0x0000000080500000, 0x0000000080500000|100%|HC|  |TAMS 0x0000000080500000, 0x0000000080400000| Complete 
|   5|0x0000000080500000, 0x0000000080600000, 0x0000000080600000|100%|HC|  |TAMS 0x0000000080600000, 0x0000000080500000| Complete 
|   6|0x0000000080600000, 0x0000000080700000, 0x0000000080700000|100%| O|  |TAMS 0x0000000080700000, 0x0000000080600000| Untracked 
|   7|0x0000000080700000, 0x0000000080800000, 0x0000000080800000|100%| O|  |TAMS 0x0000000080800000, 0x0000000080700000| Untracked 
|   8|0x0000000080800000, 0x0000000080900000, 0x0000000080900000|100%| O|  |TAMS 0x0000000080900000, 0x0000000080800000| Untracked 
|   9|0x0000000080900000, 0x0000000080a00000, 0x0000000080a00000|100%| O|  |TAMS 0x0000000080a00000, 0x0000000080900000| Untracked 
|  10|0x0000000080a00000, 0x0000000080b00000, 0x0000000080b00000|100%| O|  |TAMS 0x0000000080b00000, 0x0000000080a00000| Untracked 
|  11|0x0000000080b00000, 0x0000000080c00000, 0x0000000080c00000|100%| O|  |TAMS 0x0000000080c00000, 0x0000000080b00000| Untracked 
|  12|0x0000000080c00000, 0x0000000080d00000, 0x0000000080d00000|100%| O|  |TAMS 0x0000000080d00000, 0x0000000080c00000| Untracked 
|  13|0x0000000080d00000, 0x0000000080e00000, 0x0000000080e00000|100%| O|  |TAMS 0x0000000080e00000, 0x0000000080d00000| Untracked 
|  14|0x0000000080e00000, 0x0000000080f00000, 0x0000000080f00000|100%| O|  |TAMS 0x0000000080f00000, 0x0000000080e00000| Untracked 
|  15|0x0000000080f00000, 0x0000000081000000, 0x0000000081000000|100%| O|  |TAMS 0x0000000081000000, 0x0000000080f00000| Untracked 
|  16|0x0000000081000000, 0x0000000081100000, 0x0000000081100000|100%|HS|  |TAMS 0x0000000081100000, 0x0000000081000000| Complete 
|  17|0x0000000081100000, 0x0000000081200000, 0x0000000081200000|100%|HS|  |TAMS 0x0000000081200000, 0x0000000081100000| Complete 
|  18|0x0000000081200000, 0x0000000081300000, 0x0000000081300000|100%| O|  |TAMS 0x0000000081300000, 0x0000000081200000| Untracked 
|  19|0x0000000081300000, 0x0000000081400000, 0x0000000081400000|100%| O|  |TAMS 0x0000000081400000, 0x0000000081300000| Untracked 
|  20|0x0000000081400000, 0x0000000081500000, 0x0000000081500000|100%|HS|  |TAMS 0x0000000081500000, 0x0000000081400000| Complete 
|  21|0x0000000081500000, 0x0000000081600000, 0x0000000081600000|100%|HC|  |TAMS 0x0000000081600000, 0x0000000081500000| Complete 
|  22|0x0000000081600000, 0x0000000081700000, 0x0000000081700000|100%| O|  |TAMS 0x0000000081700000, 0x0000000081600000| Untracked 
|  23|0x0000000081700000, 0x0000000081800000, 0x0000000081800000|100%| O|  |TAMS 0x0000000081800000, 0x0000000081700000| Untracked 
|  24|0x0000000081800000, 0x0000000081900000, 0x0000000081900000|100%| O|  |TAMS 0x0000000081900000, 0x0000000081800000| Untracked 
|  25|0x0000000081900000, 0x0000000081a00000, 0x0000000081a00000|100%| O|  |TAMS 0x0000000081a00000, 0x0000000081900000| Untracked 
|  26|0x0000000081a00000, 0x0000000081b00000, 0x0000000081b00000|100%| O|  |TAMS 0x0000000081b00000, 0x0000000081a00000| Untracked 
|  27|0x0000000081b00000, 0x0000000081c00000, 0x0000000081c00000|100%| O|  |TAMS 0x0000000081c00000, 0x0000000081b00000| Untracked 
|  28|0x0000000081c00000, 0x0000000081d00000, 0x0000000081d00000|100%| O|  |TAMS 0x0000000081d00000, 0x0000000081c00000| Untracked 
|  29|0x0000000081d00000, 0x0000000081e00000, 0x0000000081e00000|100%| O|  |TAMS 0x0000000081e00000, 0x0000000081d00000| Untracked 
|  30|0x0000000081e00000, 0x0000000081f00000, 0x0000000081f00000|100%| O|  |TAMS 0x0000000081f00000, 0x0000000081e00000| Untracked 
|  31|0x0000000081f00000, 0x0000000082000000, 0x0000000082000000|100%| O|  |TAMS 0x0000000082000000, 0x0000000081f00000| Untracked 
|  32|0x0000000082000000, 0x0000000082100000, 0x0000000082100000|100%| O|  |TAMS 0x0000000082100000, 0x0000000082000000| Untracked 
|  33|0x0000000082100000, 0x0000000082200000, 0x0000000082200000|100%| O|  |TAMS 0x0000000082200000, 0x0000000082100000| Untracked 
|  34|0x0000000082200000, 0x0000000082300000, 0x0000000082300000|100%| O|  |TAMS 0x0000000082300000, 0x0000000082200000| Untracked 
|  35|0x0000000082300000, 0x0000000082400000, 0x0000000082400000|100%| O|  |TAMS 0x0000000082400000, 0x0000000082300000| Untracked 
|  36|0x0000000082400000, 0x0000000082500000, 0x0000000082500000|100%| O|  |TAMS 0x0000000082500000, 0x0000000082400000| Untracked 
|  37|0x0000000082500000, 0x0000000082600000, 0x0000000082600000|100%| O|  |TAMS 0x0000000082600000, 0x0000000082500000| Untracked 
|  38|0x0000000082600000, 0x0000000082700000, 0x0000000082700000|100%| O|  |TAMS 0x0000000082700000, 0x0000000082600000| Untracked 
|  39|0x0000000082700000, 0x0000000082800000, 0x0000000082800000|100%| O|  |TAMS 0x0000000082700000, 0x0000000082700000| Untracked 
|  40|0x0000000082800000, 0x0000000082900000, 0x0000000082900000|100%| O|  |TAMS 0x0000000082900000, 0x0000000082800000| Untracked 
|  41|0x0000000082900000, 0x0000000082a00000, 0x0000000082a00000|100%| O|  |TAMS 0x0000000082a00000, 0x0000000082900000| Untracked 
|  42|0x0000000082a00000, 0x0000000082b00000, 0x0000000082b00000|100%| O|  |TAMS 0x0000000082b00000, 0x0000000082a00000| Untracked 
|  43|0x0000000082b00000, 0x0000000082c00000, 0x0000000082c00000|100%| O|  |TAMS 0x0000000082c00000, 0x0000000082b00000| Untracked 
|  44|0x0000000082c00000, 0x0000000082d00000, 0x0000000082d00000|100%| O|  |TAMS 0x0000000082d00000, 0x0000000082c00000| Untracked 
|  45|0x0000000082d00000, 0x0000000082e00000, 0x0000000082e00000|100%| O|  |TAMS 0x0000000082e00000, 0x0000000082d00000| Untracked 
|  46|0x0000000082e00000, 0x0000000082f00000, 0x0000000082f00000|100%|HS|  |TAMS 0x0000000082f00000, 0x0000000082e00000| Complete 
|  47|0x0000000082f00000, 0x0000000083000000, 0x0000000083000000|100%|HC|  |TAMS 0x0000000083000000, 0x0000000082f00000| Complete 
|  48|0x0000000083000000, 0x0000000083100000, 0x0000000083100000|100%| O|  |TAMS 0x0000000083100000, 0x0000000083000000| Untracked 
|  49|0x0000000083100000, 0x0000000083200000, 0x0000000083200000|100%| O|  |TAMS 0x0000000083200000, 0x0000000083100000| Untracked 
|  50|0x0000000083200000, 0x0000000083300000, 0x0000000083300000|100%| O|  |TAMS 0x0000000083300000, 0x0000000083200000| Untracked 
|  51|0x0000000083300000, 0x0000000083400000, 0x0000000083400000|100%| O|  |TAMS 0x0000000083400000, 0x0000000083300000| Untracked 
|  52|0x0000000083400000, 0x0000000083500000, 0x0000000083500000|100%| O|  |TAMS 0x0000000083500000, 0x0000000083400000| Untracked 
|  53|0x0000000083500000, 0x0000000083600000, 0x0000000083600000|100%| O|  |TAMS 0x0000000083600000, 0x0000000083500000| Untracked 
|  54|0x0000000083600000, 0x0000000083700000, 0x0000000083700000|100%| O|  |TAMS 0x0000000083700000, 0x0000000083600000| Untracked 
|  55|0x0000000083700000, 0x0000000083800000, 0x0000000083800000|100%| O|  |TAMS 0x0000000083800000, 0x0000000083700000| Untracked 
|  56|0x0000000083800000, 0x0000000083900000, 0x0000000083900000|100%| O|  |TAMS 0x0000000083900000, 0x0000000083800000| Untracked 
|  57|0x0000000083900000, 0x0000000083a00000, 0x0000000083a00000|100%| O|  |TAMS 0x0000000083a00000, 0x0000000083900000| Untracked 
|  58|0x0000000083a00000, 0x0000000083b00000, 0x0000000083b00000|100%| O|  |TAMS 0x0000000083b00000, 0x0000000083a00000| Untracked 
|  59|0x0000000083b00000, 0x0000000083c00000, 0x0000000083c00000|100%| O|  |TAMS 0x0000000083b00000, 0x0000000083b00000| Untracked 
|  60|0x0000000083c00000, 0x0000000083d00000, 0x0000000083d00000|100%| O|  |TAMS 0x0000000083d00000, 0x0000000083c00000| Untracked 
|  61|0x0000000083d00000, 0x0000000083e00000, 0x0000000083e00000|100%| O|  |TAMS 0x0000000083e00000, 0x0000000083d00000| Untracked 
|  62|0x0000000083e00000, 0x0000000083e8d800, 0x0000000083f00000| 55%| O|  |TAMS 0x0000000083e00000, 0x0000000083e00000| Untracked 
|  63|0x0000000083f00000, 0x0000000084000000, 0x0000000084000000|100%| O|  |TAMS 0x0000000084000000, 0x0000000083f00000| Untracked 
|  64|0x0000000084000000, 0x0000000084100000, 0x0000000084100000|100%| O|  |TAMS 0x0000000084100000, 0x0000000084000000| Untracked 
|  65|0x0000000084100000, 0x0000000084200000, 0x0000000084200000|100%| O|  |TAMS 0x0000000084200000, 0x0000000084100000| Untracked 
|  66|0x0000000084200000, 0x0000000084300000, 0x0000000084300000|100%| O|  |TAMS 0x0000000084300000, 0x0000000084200000| Untracked 
|  67|0x0000000084300000, 0x0000000084400000, 0x0000000084400000|100%| O|  |TAMS 0x0000000084400000, 0x0000000084300000| Untracked 
|  68|0x0000000084400000, 0x0000000084500000, 0x0000000084500000|100%| O|  |TAMS 0x0000000084500000, 0x0000000084400000| Untracked 
|  69|0x0000000084500000, 0x0000000084600000, 0x0000000084600000|100%| O|  |TAMS 0x0000000084600000, 0x0000000084500000| Untracked 
|  70|0x0000000084600000, 0x0000000084600000, 0x0000000084700000|  0%| F|  |TAMS 0x0000000084600000, 0x0000000084600000| Untracked 
|  71|0x0000000084700000, 0x0000000084800000, 0x0000000084800000|100%| O|  |TAMS 0x0000000084800000, 0x0000000084700000| Untracked 
|  72|0x0000000084800000, 0x0000000084900000, 0x0000000084900000|100%| O|  |TAMS 0x0000000084900000, 0x0000000084800000| Untracked 
|  73|0x0000000084900000, 0x0000000084a00000, 0x0000000084a00000|100%| O|  |TAMS 0x0000000084a00000, 0x0000000084900000| Untracked 
|  74|0x0000000084a00000, 0x0000000084b00000, 0x0000000084b00000|100%| O|  |TAMS 0x0000000084b00000, 0x0000000084a00000| Untracked 
|  75|0x0000000084b00000, 0x0000000084c00000, 0x0000000084c00000|100%| O|  |TAMS 0x0000000084c00000, 0x0000000084b00000| Untracked 
|  76|0x0000000084c00000, 0x0000000084d00000, 0x0000000084d00000|100%| O|  |TAMS 0x0000000084d00000, 0x0000000084c00000| Untracked 
|  77|0x0000000084d00000, 0x0000000084e00000, 0x0000000084e00000|100%| O|  |TAMS 0x0000000084e00000, 0x0000000084d00000| Untracked 
|  78|0x0000000084e00000, 0x0000000084f00000, 0x0000000084f00000|100%|HS|  |TAMS 0x0000000084f00000, 0x0000000084e00000| Complete 
|  79|0x0000000084f00000, 0x0000000085000000, 0x0000000085000000|100%|HC|  |TAMS 0x0000000085000000, 0x0000000084f00000| Complete 
|  80|0x0000000085000000, 0x0000000085100000, 0x0000000085100000|100%| O|  |TAMS 0x0000000085100000, 0x0000000085000000| Untracked 
|  81|0x0000000085100000, 0x0000000085200000, 0x0000000085200000|100%| O|  |TAMS 0x0000000085200000, 0x0000000085100000| Untracked 
|  82|0x0000000085200000, 0x0000000085300000, 0x0000000085300000|100%| O|  |TAMS 0x0000000085300000, 0x0000000085200000| Untracked 
|  83|0x0000000085300000, 0x0000000085300000, 0x0000000085400000|  0%| F|  |TAMS 0x0000000085300000, 0x0000000085300000| Untracked 
|  84|0x0000000085400000, 0x0000000085400000, 0x0000000085500000|  0%| F|  |TAMS 0x0000000085400000, 0x0000000085400000| Untracked 
|  85|0x0000000085500000, 0x0000000085500000, 0x0000000085600000|  0%| F|  |TAMS 0x0000000085500000, 0x0000000085500000| Untracked 
|  86|0x0000000085600000, 0x0000000085700000, 0x0000000085700000|100%| O|  |TAMS 0x0000000085700000, 0x0000000085600000| Untracked 
|  87|0x0000000085700000, 0x0000000085800000, 0x0000000085800000|100%| O|  |TAMS 0x00000000857a9e00, 0x0000000085700000| Untracked 
|  88|0x0000000085800000, 0x0000000085900000, 0x0000000085900000|100%| O|  |TAMS 0x0000000085800000, 0x0000000085800000| Untracked 
|  89|0x0000000085900000, 0x0000000085a00000, 0x0000000085a00000|100%| O|  |TAMS 0x0000000085a00000, 0x0000000085900000| Untracked 
|  90|0x0000000085a00000, 0x0000000085b00000, 0x0000000085b00000|100%| O|  |TAMS 0x0000000085b00000, 0x0000000085a00000| Untracked 
|  91|0x0000000085b00000, 0x0000000085c00000, 0x0000000085c00000|100%| O|  |TAMS 0x0000000085c00000, 0x0000000085b00000| Untracked 
|  92|0x0000000085c00000, 0x0000000085d00000, 0x0000000085d00000|100%| O|  |TAMS 0x0000000085d00000, 0x0000000085c00000| Untracked 
|  93|0x0000000085d00000, 0x0000000085e00000, 0x0000000085e00000|100%|HS|  |TAMS 0x0000000085e00000, 0x0000000085d00000| Complete 
|  94|0x0000000085e00000, 0x0000000085f00000, 0x0000000085f00000|100%|HC|  |TAMS 0x0000000085f00000, 0x0000000085e00000| Complete 
|  95|0x0000000085f00000, 0x0000000086000000, 0x0000000086000000|100%|HC|  |TAMS 0x0000000086000000, 0x0000000085f00000| Complete 
|  96|0x0000000086000000, 0x0000000086100000, 0x0000000086100000|100%|HS|  |TAMS 0x0000000086100000, 0x0000000086000000| Complete 
|  97|0x0000000086100000, 0x0000000086200000, 0x0000000086200000|100%|HC|  |TAMS 0x0000000086200000, 0x0000000086100000| Complete 
|  98|0x0000000086200000, 0x0000000086300000, 0x0000000086300000|100%|HC|  |TAMS 0x0000000086300000, 0x0000000086200000| Complete 
|  99|0x0000000086300000, 0x0000000086400000, 0x0000000086400000|100%|HC|  |TAMS 0x0000000086400000, 0x0000000086300000| Complete 
| 100|0x0000000086400000, 0x0000000086500000, 0x0000000086500000|100%|HC|  |TAMS 0x0000000086500000, 0x0000000086400000| Complete 
| 101|0x0000000086500000, 0x0000000086600000, 0x0000000086600000|100%|HS|  |TAMS 0x0000000086600000, 0x0000000086500000| Complete 
| 102|0x0000000086600000, 0x0000000086700000, 0x0000000086700000|100%|HC|  |TAMS 0x0000000086700000, 0x0000000086600000| Complete 
| 103|0x0000000086700000, 0x0000000086800000, 0x0000000086800000|100%|HC|  |TAMS 0x0000000086800000, 0x0000000086700000| Complete 
| 104|0x0000000086800000, 0x0000000086900000, 0x0000000086900000|100%|HC|  |TAMS 0x0000000086900000, 0x0000000086800000| Complete 
| 105|0x0000000086900000, 0x0000000086a00000, 0x0000000086a00000|100%|HC|  |TAMS 0x0000000086a00000, 0x0000000086900000| Complete 
| 106|0x0000000086a00000, 0x0000000086b00000, 0x0000000086b00000|100%|HS|  |TAMS 0x0000000086b00000, 0x0000000086a00000| Complete 
| 107|0x0000000086b00000, 0x0000000086c00000, 0x0000000086c00000|100%|HC|  |TAMS 0x0000000086c00000, 0x0000000086b00000| Complete 
| 108|0x0000000086c00000, 0x0000000086d00000, 0x0000000086d00000|100%|HC|  |TAMS 0x0000000086d00000, 0x0000000086c00000| Complete 
| 109|0x0000000086d00000, 0x0000000086e00000, 0x0000000086e00000|100%| O|  |TAMS 0x0000000086e00000, 0x0000000086d00000| Untracked 
| 110|0x0000000086e00000, 0x0000000086f00000, 0x0000000086f00000|100%| O|  |TAMS 0x0000000086f00000, 0x0000000086e00000| Untracked 
| 111|0x0000000086f00000, 0x0000000087000000, 0x0000000087000000|100%| O|  |TAMS 0x0000000087000000, 0x0000000086f00000| Untracked 
| 112|0x0000000087000000, 0x0000000087100000, 0x0000000087100000|100%| O|  |TAMS 0x0000000087100000, 0x0000000087000000| Untracked 
| 113|0x0000000087100000, 0x0000000087200000, 0x0000000087200000|100%| O|  |TAMS 0x0000000087200000, 0x0000000087100000| Untracked 
| 114|0x0000000087200000, 0x0000000087300000, 0x0000000087300000|100%| O|  |TAMS 0x0000000087300000, 0x0000000087200000| Untracked 
| 115|0x0000000087300000, 0x0000000087400000, 0x0000000087400000|100%| O|  |TAMS 0x0000000087400000, 0x0000000087300000| Untracked 
| 116|0x0000000087400000, 0x0000000087500000, 0x0000000087500000|100%| O|  |TAMS 0x0000000087500000, 0x0000000087400000| Untracked 
| 117|0x0000000087500000, 0x0000000087600000, 0x0000000087600000|100%| O|  |TAMS 0x0000000087600000, 0x0000000087500000| Untracked 
| 118|0x0000000087600000, 0x0000000087700000, 0x0000000087700000|100%| O|  |TAMS 0x0000000087700000, 0x0000000087600000| Untracked 
| 119|0x0000000087700000, 0x0000000087800000, 0x0000000087800000|100%| O|  |TAMS 0x0000000087800000, 0x0000000087700000| Untracked 
| 120|0x0000000087800000, 0x0000000087900000, 0x0000000087900000|100%| O|  |TAMS 0x0000000087900000, 0x0000000087800000| Untracked 
| 121|0x0000000087900000, 0x0000000087a00000, 0x0000000087a00000|100%| O|  |TAMS 0x0000000087a00000, 0x0000000087900000| Untracked 
| 122|0x0000000087a00000, 0x0000000087b00000, 0x0000000087b00000|100%| O|  |TAMS 0x0000000087a00000, 0x0000000087a00000| Untracked 
| 123|0x0000000087b00000, 0x0000000087c00000, 0x0000000087c00000|100%| O|  |TAMS 0x0000000087c00000, 0x0000000087b00000| Untracked 
| 124|0x0000000087c00000, 0x0000000087d00000, 0x0000000087d00000|100%| O|  |TAMS 0x0000000087d00000, 0x0000000087c00000| Untracked 
| 125|0x0000000087d00000, 0x0000000087e00000, 0x0000000087e00000|100%| O|  |TAMS 0x0000000087e00000, 0x0000000087d00000| Untracked 
| 126|0x0000000087e00000, 0x0000000087f00000, 0x0000000087f00000|100%| O|  |TAMS 0x0000000087f00000, 0x0000000087e00000| Untracked 
| 127|0x0000000087f00000, 0x0000000088000000, 0x0000000088000000|100%| O|  |TAMS 0x0000000088000000, 0x0000000087f00000| Untracked 
| 128|0x0000000088000000, 0x0000000088100000, 0x0000000088100000|100%| O|  |TAMS 0x0000000088100000, 0x0000000088000000| Untracked 
| 129|0x0000000088100000, 0x0000000088200000, 0x0000000088200000|100%| O|  |TAMS 0x0000000088200000, 0x0000000088100000| Untracked 
| 130|0x0000000088200000, 0x0000000088300000, 0x0000000088300000|100%| O|  |TAMS 0x0000000088300000, 0x0000000088200000| Untracked 
| 131|0x0000000088300000, 0x0000000088400000, 0x0000000088400000|100%| O|  |TAMS 0x0000000088400000, 0x0000000088300000| Untracked 
| 132|0x0000000088400000, 0x0000000088500000, 0x0000000088500000|100%| O|  |TAMS 0x0000000088500000, 0x0000000088400000| Untracked 
| 133|0x0000000088500000, 0x0000000088600000, 0x0000000088600000|100%| O|  |TAMS 0x0000000088600000, 0x0000000088500000| Untracked 
| 134|0x0000000088600000, 0x0000000088700000, 0x0000000088700000|100%| O|  |TAMS 0x0000000088600000, 0x0000000088600000| Untracked 
| 135|0x0000000088700000, 0x0000000088800000, 0x0000000088800000|100%| O|  |TAMS 0x0000000088800000, 0x0000000088700000| Untracked 
| 136|0x0000000088800000, 0x0000000088900000, 0x0000000088900000|100%| O|  |TAMS 0x0000000088900000, 0x0000000088800000| Untracked 
| 137|0x0000000088900000, 0x0000000088a00000, 0x0000000088a00000|100%| O|  |TAMS 0x0000000088a00000, 0x0000000088900000| Untracked 
| 138|0x0000000088a00000, 0x0000000088b00000, 0x0000000088b00000|100%| O|  |TAMS 0x0000000088b00000, 0x0000000088a00000| Untracked 
| 139|0x0000000088b00000, 0x0000000088c00000, 0x0000000088c00000|100%| O|  |TAMS 0x0000000088c00000, 0x0000000088b00000| Untracked 
| 140|0x0000000088c00000, 0x0000000088c00000, 0x0000000088d00000|  0%| F|  |TAMS 0x0000000088c00000, 0x0000000088c00000| Untracked 
| 141|0x0000000088d00000, 0x0000000088d00000, 0x0000000088e00000|  0%| F|  |TAMS 0x0000000088d00000, 0x0000000088d00000| Untracked 
| 142|0x0000000088e00000, 0x0000000088e00000, 0x0000000088f00000|  0%| F|  |TAMS 0x0000000088e00000, 0x0000000088e00000| Untracked 
| 143|0x0000000088f00000, 0x0000000088f00000, 0x0000000089000000|  0%| F|  |TAMS 0x0000000088f00000, 0x0000000088f00000| Untracked 
| 144|0x0000000089000000, 0x0000000089100000, 0x0000000089100000|100%| O|  |TAMS 0x0000000089100000, 0x0000000089000000| Untracked 
| 145|0x0000000089100000, 0x0000000089200000, 0x0000000089200000|100%| O|  |TAMS 0x0000000089200000, 0x0000000089100000| Untracked 
| 146|0x0000000089200000, 0x0000000089300000, 0x0000000089300000|100%| O|  |TAMS 0x0000000089300000, 0x0000000089200000| Untracked 
| 147|0x0000000089300000, 0x0000000089400000, 0x0000000089400000|100%| O|  |TAMS 0x0000000089400000, 0x0000000089300000| Untracked 
| 148|0x0000000089400000, 0x0000000089500000, 0x0000000089500000|100%| O|  |TAMS 0x0000000089500000, 0x0000000089400000| Untracked 
| 149|0x0000000089500000, 0x0000000089600000, 0x0000000089600000|100%| O|  |TAMS 0x0000000089600000, 0x0000000089500000| Untracked 
| 150|0x0000000089600000, 0x0000000089700000, 0x0000000089700000|100%| O|  |TAMS 0x0000000089700000, 0x0000000089600000| Untracked 
| 151|0x0000000089700000, 0x0000000089800000, 0x0000000089800000|100%| O|  |TAMS 0x0000000089800000, 0x0000000089700000| Untracked 
| 152|0x0000000089800000, 0x0000000089900000, 0x0000000089900000|100%| O|  |TAMS 0x0000000089900000, 0x0000000089800000| Untracked 
| 153|0x0000000089900000, 0x0000000089a00000, 0x0000000089a00000|100%| O|  |TAMS 0x0000000089a00000, 0x0000000089900000| Untracked 
| 154|0x0000000089a00000, 0x0000000089b00000, 0x0000000089b00000|100%| O|  |TAMS 0x0000000089b00000, 0x0000000089a00000| Untracked 
| 155|0x0000000089b00000, 0x0000000089b00000, 0x0000000089c00000|  0%| F|  |TAMS 0x0000000089b00000, 0x0000000089b00000| Untracked 
| 156|0x0000000089c00000, 0x0000000089d00000, 0x0000000089d00000|100%| O|  |TAMS 0x0000000089c00000, 0x0000000089c00000| Untracked 
| 157|0x0000000089d00000, 0x0000000089e00000, 0x0000000089e00000|100%| O|  |TAMS 0x0000000089d00000, 0x0000000089d00000| Untracked 
| 158|0x0000000089e00000, 0x0000000089f00000, 0x0000000089f00000|100%| O|  |TAMS 0x0000000089e00000, 0x0000000089e00000| Untracked 
| 159|0x0000000089f00000, 0x0000000089f00000, 0x000000008a000000|  0%| F|  |TAMS 0x0000000089f00000, 0x0000000089f00000| Untracked 
| 160|0x000000008a000000, 0x000000008a000000, 0x000000008a100000|  0%| F|  |TAMS 0x000000008a000000, 0x000000008a000000| Untracked 
| 161|0x000000008a100000, 0x000000008a100000, 0x000000008a200000|  0%| F|  |TAMS 0x000000008a100000, 0x000000008a100000| Untracked 
| 162|0x000000008a200000, 0x000000008a200000, 0x000000008a300000|  0%| F|  |TAMS 0x000000008a200000, 0x000000008a200000| Untracked 
| 163|0x000000008a300000, 0x000000008a300000, 0x000000008a400000|  0%| F|  |TAMS 0x000000008a300000, 0x000000008a300000| Untracked 
| 164|0x000000008a400000, 0x000000008a400000, 0x000000008a500000|  0%| F|  |TAMS 0x000000008a400000, 0x000000008a400000| Untracked 
| 165|0x000000008a500000, 0x000000008a500000, 0x000000008a600000|  0%| F|  |TAMS 0x000000008a500000, 0x000000008a500000| Untracked 
| 166|0x000000008a600000, 0x000000008a600000, 0x000000008a700000|  0%| F|  |TAMS 0x000000008a600000, 0x000000008a600000| Untracked 
| 167|0x000000008a700000, 0x000000008a700000, 0x000000008a800000|  0%| F|  |TAMS 0x000000008a700000, 0x000000008a700000| Untracked 
| 168|0x000000008a800000, 0x000000008a800000, 0x000000008a900000|  0%| F|  |TAMS 0x000000008a800000, 0x000000008a800000| Untracked 
| 169|0x000000008a900000, 0x000000008a900000, 0x000000008aa00000|  0%| F|  |TAMS 0x000000008a900000, 0x000000008a900000| Untracked 
| 170|0x000000008aa00000, 0x000000008aa00000, 0x000000008ab00000|  0%| F|  |TAMS 0x000000008aa00000, 0x000000008aa00000| Untracked 
| 171|0x000000008ab00000, 0x000000008ab00000, 0x000000008ac00000|  0%| F|  |TAMS 0x000000008ab00000, 0x000000008ab00000| Untracked 
| 172|0x000000008ac00000, 0x000000008ac00000, 0x000000008ad00000|  0%| F|  |TAMS 0x000000008ac00000, 0x000000008ac00000| Untracked 
| 173|0x000000008ad00000, 0x000000008ad00000, 0x000000008ae00000|  0%| F|  |TAMS 0x000000008ad00000, 0x000000008ad00000| Untracked 
| 174|0x000000008ae00000, 0x000000008ae00000, 0x000000008af00000|  0%| F|  |TAMS 0x000000008ae00000, 0x000000008ae00000| Untracked 
| 175|0x000000008af00000, 0x000000008af00000, 0x000000008b000000|  0%| F|  |TAMS 0x000000008af00000, 0x000000008af00000| Untracked 
| 176|0x000000008b000000, 0x000000008b000000, 0x000000008b100000|  0%| F|  |TAMS 0x000000008b000000, 0x000000008b000000| Untracked 
| 177|0x000000008b100000, 0x000000008b100000, 0x000000008b200000|  0%| F|  |TAMS 0x000000008b100000, 0x000000008b100000| Untracked 
| 178|0x000000008b200000, 0x000000008b200000, 0x000000008b300000|  0%| F|  |TAMS 0x000000008b200000, 0x000000008b200000| Untracked 
| 179|0x000000008b300000, 0x000000008b300000, 0x000000008b400000|  0%| F|  |TAMS 0x000000008b300000, 0x000000008b300000| Untracked 
| 180|0x000000008b400000, 0x000000008b400000, 0x000000008b500000|  0%| F|  |TAMS 0x000000008b400000, 0x000000008b400000| Untracked 
| 181|0x000000008b500000, 0x000000008b500000, 0x000000008b600000|  0%| F|  |TAMS 0x000000008b500000, 0x000000008b500000| Untracked 
| 182|0x000000008b600000, 0x000000008b600000, 0x000000008b700000|  0%| F|  |TAMS 0x000000008b600000, 0x000000008b600000| Untracked 
| 183|0x000000008b700000, 0x000000008b700000, 0x000000008b800000|  0%| F|  |TAMS 0x000000008b700000, 0x000000008b700000| Untracked 
| 184|0x000000008b800000, 0x000000008b800000, 0x000000008b900000|  0%| F|  |TAMS 0x000000008b800000, 0x000000008b800000| Untracked 
| 185|0x000000008b900000, 0x000000008b900000, 0x000000008ba00000|  0%| F|  |TAMS 0x000000008b900000, 0x000000008b900000| Untracked 
| 186|0x000000008ba00000, 0x000000008ba00000, 0x000000008bb00000|  0%| F|  |TAMS 0x000000008ba00000, 0x000000008ba00000| Untracked 
| 187|0x000000008bb00000, 0x000000008bb00000, 0x000000008bc00000|  0%| F|  |TAMS 0x000000008bb00000, 0x000000008bb00000| Untracked 
| 188|0x000000008bc00000, 0x000000008bc00000, 0x000000008bd00000|  0%| F|  |TAMS 0x000000008bc00000, 0x000000008bc00000| Untracked 
| 189|0x000000008bd00000, 0x000000008bd00000, 0x000000008be00000|  0%| F|  |TAMS 0x000000008bd00000, 0x000000008bd00000| Untracked 
| 190|0x000000008be00000, 0x000000008be00000, 0x000000008bf00000|  0%| F|  |TAMS 0x000000008be00000, 0x000000008be00000| Untracked 
| 191|0x000000008bf00000, 0x000000008bf00000, 0x000000008c000000|  0%| F|  |TAMS 0x000000008bf00000, 0x000000008bf00000| Untracked 
| 192|0x000000008c000000, 0x000000008c000000, 0x000000008c100000|  0%| F|  |TAMS 0x000000008c000000, 0x000000008c000000| Untracked 
| 193|0x000000008c100000, 0x000000008c100000, 0x000000008c200000|  0%| F|  |TAMS 0x000000008c100000, 0x000000008c100000| Untracked 
| 194|0x000000008c200000, 0x000000008c200000, 0x000000008c300000|  0%| F|  |TAMS 0x000000008c200000, 0x000000008c200000| Untracked 
| 195|0x000000008c300000, 0x000000008c300000, 0x000000008c400000|  0%| F|  |TAMS 0x000000008c300000, 0x000000008c300000| Untracked 
| 196|0x000000008c400000, 0x000000008c400000, 0x000000008c500000|  0%| F|  |TAMS 0x000000008c400000, 0x000000008c400000| Untracked 
| 197|0x000000008c500000, 0x000000008c600000, 0x000000008c600000|100%| S|CS|TAMS 0x000000008c500000, 0x000000008c500000| Complete 
| 198|0x000000008c600000, 0x000000008c700000, 0x000000008c700000|100%| S|CS|TAMS 0x000000008c600000, 0x000000008c600000| Complete 
| 199|0x000000008c700000, 0x000000008c700000, 0x000000008c800000|  0%| F|  |TAMS 0x000000008c700000, 0x000000008c700000| Untracked 
| 200|0x000000008c800000, 0x000000008c800000, 0x000000008c900000|  0%| F|  |TAMS 0x000000008c800000, 0x000000008c800000| Untracked 
| 201|0x000000008c900000, 0x000000008c900000, 0x000000008ca00000|  0%| F|  |TAMS 0x000000008c900000, 0x000000008c900000| Untracked 
| 202|0x000000008ca00000, 0x000000008cb00000, 0x000000008cb00000|100%| S|CS|TAMS 0x000000008ca00000, 0x000000008ca00000| Complete 
| 203|0x000000008cb00000, 0x000000008cc00000, 0x000000008cc00000|100%| S|CS|TAMS 0x000000008cb00000, 0x000000008cb00000| Complete 
| 204|0x000000008cc00000, 0x000000008cd00000, 0x000000008cd00000|100%| S|CS|TAMS 0x000000008cc00000, 0x000000008cc00000| Complete 
| 205|0x000000008cd00000, 0x000000008cd00000, 0x000000008ce00000|  0%| F|  |TAMS 0x000000008cd00000, 0x000000008cd00000| Untracked 
| 206|0x000000008ce00000, 0x000000008ce00000, 0x000000008cf00000|  0%| F|  |TAMS 0x000000008ce00000, 0x000000008ce00000| Untracked 
| 207|0x000000008cf00000, 0x000000008cf00000, 0x000000008d000000|  0%| F|  |TAMS 0x000000008cf00000, 0x000000008cf00000| Untracked 
| 208|0x000000008d000000, 0x000000008d000000, 0x000000008d100000|  0%| F|  |TAMS 0x000000008d000000, 0x000000008d000000| Untracked 
| 209|0x000000008d100000, 0x000000008d100000, 0x000000008d200000|  0%| F|  |TAMS 0x000000008d100000, 0x000000008d100000| Untracked 
| 210|0x000000008d200000, 0x000000008d200000, 0x000000008d300000|  0%| F|  |TAMS 0x000000008d200000, 0x000000008d200000| Untracked 
| 211|0x000000008d300000, 0x000000008d300000, 0x000000008d400000|  0%| F|  |TAMS 0x000000008d300000, 0x000000008d300000| Untracked 
| 212|0x000000008d400000, 0x000000008d400000, 0x000000008d500000|  0%| F|  |TAMS 0x000000008d400000, 0x000000008d400000| Untracked 
| 213|0x000000008d500000, 0x000000008d500000, 0x000000008d600000|  0%| F|  |TAMS 0x000000008d500000, 0x000000008d500000| Untracked 
| 214|0x000000008d600000, 0x000000008d600000, 0x000000008d700000|  0%| F|  |TAMS 0x000000008d600000, 0x000000008d600000| Untracked 
| 215|0x000000008d700000, 0x000000008d700000, 0x000000008d800000|  0%| F|  |TAMS 0x000000008d700000, 0x000000008d700000| Untracked 
| 216|0x000000008d800000, 0x000000008d800000, 0x000000008d900000|  0%| F|  |TAMS 0x000000008d800000, 0x000000008d800000| Untracked 
| 217|0x000000008d900000, 0x000000008d900000, 0x000000008da00000|  0%| F|  |TAMS 0x000000008d900000, 0x000000008d900000| Untracked 
| 218|0x000000008da00000, 0x000000008da00000, 0x000000008db00000|  0%| F|  |TAMS 0x000000008da00000, 0x000000008da00000| Untracked 
| 219|0x000000008db00000, 0x000000008db00000, 0x000000008dc00000|  0%| F|  |TAMS 0x000000008db00000, 0x000000008db00000| Untracked 
| 220|0x000000008dc00000, 0x000000008dc00000, 0x000000008dd00000|  0%| F|  |TAMS 0x000000008dc00000, 0x000000008dc00000| Untracked 
| 221|0x000000008dd00000, 0x000000008dd00000, 0x000000008de00000|  0%| F|  |TAMS 0x000000008dd00000, 0x000000008dd00000| Untracked 
| 222|0x000000008de00000, 0x000000008de00000, 0x000000008df00000|  0%| F|  |TAMS 0x000000008de00000, 0x000000008de00000| Untracked 
| 223|0x000000008df00000, 0x000000008df00000, 0x000000008e000000|  0%| F|  |TAMS 0x000000008df00000, 0x000000008df00000| Untracked 
| 224|0x000000008e000000, 0x000000008e000000, 0x000000008e100000|  0%| F|  |TAMS 0x000000008e000000, 0x000000008e000000| Untracked 
| 225|0x000000008e100000, 0x000000008e100000, 0x000000008e200000|  0%| F|  |TAMS 0x000000008e100000, 0x000000008e100000| Untracked 
| 226|0x000000008e200000, 0x000000008e200000, 0x000000008e300000|  0%| F|  |TAMS 0x000000008e200000, 0x000000008e200000| Untracked 
| 227|0x000000008e300000, 0x000000008e300000, 0x000000008e400000|  0%| F|  |TAMS 0x000000008e300000, 0x000000008e300000| Untracked 
| 228|0x000000008e400000, 0x000000008e400000, 0x000000008e500000|  0%| F|  |TAMS 0x000000008e400000, 0x000000008e400000| Untracked 
| 229|0x000000008e500000, 0x000000008e500000, 0x000000008e600000|  0%| F|  |TAMS 0x000000008e500000, 0x000000008e500000| Untracked 
| 230|0x000000008e600000, 0x000000008e600000, 0x000000008e700000|  0%| F|  |TAMS 0x000000008e600000, 0x000000008e600000| Untracked 
| 231|0x000000008e700000, 0x000000008e700000, 0x000000008e800000|  0%| F|  |TAMS 0x000000008e700000, 0x000000008e700000| Untracked 
| 232|0x000000008e800000, 0x000000008e800000, 0x000000008e900000|  0%| F|  |TAMS 0x000000008e800000, 0x000000008e800000| Untracked 
| 233|0x000000008e900000, 0x000000008e900000, 0x000000008ea00000|  0%| F|  |TAMS 0x000000008e900000, 0x000000008e900000| Untracked 
| 234|0x000000008ea00000, 0x000000008ea00000, 0x000000008eb00000|  0%| F|  |TAMS 0x000000008ea00000, 0x000000008ea00000| Untracked 
| 235|0x000000008eb00000, 0x000000008eb00000, 0x000000008ec00000|  0%| F|  |TAMS 0x000000008eb00000, 0x000000008eb00000| Untracked 
| 236|0x000000008ec00000, 0x000000008ec00000, 0x000000008ed00000|  0%| F|  |TAMS 0x000000008ec00000, 0x000000008ec00000| Untracked 
| 237|0x000000008ed00000, 0x000000008ed00000, 0x000000008ee00000|  0%| F|  |TAMS 0x000000008ed00000, 0x000000008ed00000| Untracked 
| 238|0x000000008ee00000, 0x000000008ee00000, 0x000000008ef00000|  0%| F|  |TAMS 0x000000008ee00000, 0x000000008ee00000| Untracked 
| 239|0x000000008ef00000, 0x000000008ef00000, 0x000000008f000000|  0%| F|  |TAMS 0x000000008ef00000, 0x000000008ef00000| Untracked 
| 240|0x000000008f000000, 0x000000008f000000, 0x000000008f100000|  0%| F|  |TAMS 0x000000008f000000, 0x000000008f000000| Untracked 
| 241|0x000000008f100000, 0x000000008f100000, 0x000000008f200000|  0%| F|  |TAMS 0x000000008f100000, 0x000000008f100000| Untracked 
| 242|0x000000008f200000, 0x000000008f200000, 0x000000008f300000|  0%| F|  |TAMS 0x000000008f200000, 0x000000008f200000| Untracked 
| 243|0x000000008f300000, 0x000000008f300000, 0x000000008f400000|  0%| F|  |TAMS 0x000000008f300000, 0x000000008f300000| Untracked 
| 244|0x000000008f400000, 0x000000008f400000, 0x000000008f500000|  0%| F|  |TAMS 0x000000008f400000, 0x000000008f400000| Untracked 
| 245|0x000000008f500000, 0x000000008f500000, 0x000000008f600000|  0%| F|  |TAMS 0x000000008f500000, 0x000000008f500000| Untracked 
| 246|0x000000008f600000, 0x000000008f600000, 0x000000008f700000|  0%| F|  |TAMS 0x000000008f600000, 0x000000008f600000| Untracked 
| 247|0x000000008f700000, 0x000000008f700000, 0x000000008f800000|  0%| F|  |TAMS 0x000000008f700000, 0x000000008f700000| Untracked 
| 248|0x000000008f800000, 0x000000008f800000, 0x000000008f900000|  0%| F|  |TAMS 0x000000008f800000, 0x000000008f800000| Untracked 
| 249|0x000000008f900000, 0x000000008f900000, 0x000000008fa00000|  0%| F|  |TAMS 0x000000008f900000, 0x000000008f900000| Untracked 
| 250|0x000000008fa00000, 0x000000008fa00000, 0x000000008fb00000|  0%| F|  |TAMS 0x000000008fa00000, 0x000000008fa00000| Untracked 
| 251|0x000000008fb00000, 0x000000008fb00000, 0x000000008fc00000|  0%| F|  |TAMS 0x000000008fb00000, 0x000000008fb00000| Untracked 
| 252|0x000000008fc00000, 0x000000008fc00000, 0x000000008fd00000|  0%| F|  |TAMS 0x000000008fc00000, 0x000000008fc00000| Untracked 
| 253|0x000000008fd00000, 0x000000008fd00000, 0x000000008fe00000|  0%| F|  |TAMS 0x000000008fd00000, 0x000000008fd00000| Untracked 
| 254|0x000000008fe00000, 0x000000008fe00000, 0x000000008ff00000|  0%| F|  |TAMS 0x000000008fe00000, 0x000000008fe00000| Untracked 
| 255|0x000000008ff00000, 0x000000008ff00000, 0x0000000090000000|  0%| F|  |TAMS 0x000000008ff00000, 0x000000008ff00000| Untracked 
| 256|0x0000000090000000, 0x0000000090000000, 0x0000000090100000|  0%| F|  |TAMS 0x0000000090000000, 0x0000000090000000| Untracked 
| 257|0x0000000090100000, 0x0000000090100000, 0x0000000090200000|  0%| F|  |TAMS 0x0000000090100000, 0x0000000090100000| Untracked 
| 258|0x0000000090200000, 0x0000000090200000, 0x0000000090300000|  0%| F|  |TAMS 0x0000000090200000, 0x0000000090200000| Untracked 
| 259|0x0000000090300000, 0x0000000090300000, 0x0000000090400000|  0%| F|  |TAMS 0x0000000090300000, 0x0000000090300000| Untracked 
| 260|0x0000000090400000, 0x0000000090400000, 0x0000000090500000|  0%| F|  |TAMS 0x0000000090400000, 0x0000000090400000| Untracked 
| 261|0x0000000090500000, 0x0000000090500000, 0x0000000090600000|  0%| F|  |TAMS 0x0000000090500000, 0x0000000090500000| Untracked 
| 262|0x0000000090600000, 0x0000000090600000, 0x0000000090700000|  0%| F|  |TAMS 0x0000000090600000, 0x0000000090600000| Untracked 
| 263|0x0000000090700000, 0x0000000090700000, 0x0000000090800000|  0%| F|  |TAMS 0x0000000090700000, 0x0000000090700000| Untracked 
| 264|0x0000000090800000, 0x0000000090800000, 0x0000000090900000|  0%| F|  |TAMS 0x0000000090800000, 0x0000000090800000| Untracked 
| 265|0x0000000090900000, 0x0000000090900000, 0x0000000090a00000|  0%| F|  |TAMS 0x0000000090900000, 0x0000000090900000| Untracked 
| 266|0x0000000090a00000, 0x0000000090a00000, 0x0000000090b00000|  0%| F|  |TAMS 0x0000000090a00000, 0x0000000090a00000| Untracked 
| 267|0x0000000090b00000, 0x0000000090b00000, 0x0000000090c00000|  0%| F|  |TAMS 0x0000000090b00000, 0x0000000090b00000| Untracked 
| 268|0x0000000090c00000, 0x0000000090c00000, 0x0000000090d00000|  0%| F|  |TAMS 0x0000000090c00000, 0x0000000090c00000| Untracked 
| 269|0x0000000090d00000, 0x0000000090d00000, 0x0000000090e00000|  0%| F|  |TAMS 0x0000000090d00000, 0x0000000090d00000| Untracked 
| 270|0x0000000090e00000, 0x0000000090e00000, 0x0000000090f00000|  0%| F|  |TAMS 0x0000000090e00000, 0x0000000090e00000| Untracked 
| 271|0x0000000090f00000, 0x0000000090f00000, 0x0000000091000000|  0%| F|  |TAMS 0x0000000090f00000, 0x0000000090f00000| Untracked 
| 272|0x0000000091000000, 0x0000000091000000, 0x0000000091100000|  0%| F|  |TAMS 0x0000000091000000, 0x0000000091000000| Untracked 
| 273|0x0000000091100000, 0x0000000091100000, 0x0000000091200000|  0%| F|  |TAMS 0x0000000091100000, 0x0000000091100000| Untracked 
| 274|0x0000000091200000, 0x0000000091200000, 0x0000000091300000|  0%| F|  |TAMS 0x0000000091200000, 0x0000000091200000| Untracked 
| 275|0x0000000091300000, 0x0000000091300000, 0x0000000091400000|  0%| F|  |TAMS 0x0000000091300000, 0x0000000091300000| Untracked 
| 276|0x0000000091400000, 0x0000000091400000, 0x0000000091500000|  0%| F|  |TAMS 0x0000000091400000, 0x0000000091400000| Untracked 
| 277|0x0000000091500000, 0x0000000091500000, 0x0000000091600000|  0%| F|  |TAMS 0x0000000091500000, 0x0000000091500000| Untracked 
| 278|0x0000000091600000, 0x0000000091600000, 0x0000000091700000|  0%| F|  |TAMS 0x0000000091600000, 0x0000000091600000| Untracked 
| 279|0x0000000091700000, 0x0000000091700000, 0x0000000091800000|  0%| F|  |TAMS 0x0000000091700000, 0x0000000091700000| Untracked 
| 280|0x0000000091800000, 0x0000000091800000, 0x0000000091900000|  0%| F|  |TAMS 0x0000000091800000, 0x0000000091800000| Untracked 

Card table byte_map: [0x0000024ed61e0000,0x0000024ed65e0000] _byte_map_base: 0x0000024ed5de0000

Marking Bits (Prev, Next): (CMBitMap*) 0x0000024ec332f5c8, (CMBitMap*) 0x0000024ec332f600
 Prev Bits: [0x0000024ed69e0000, 0x0000024ed89e0000)
 Next Bits: [0x0000024ed89e0000, 0x0000024eda9e0000)

Polling page: 0x0000024ec2ad0000

Metaspace:

Usage:
  Non-class:    125.62 MB capacity,   123.09 MB ( 98%) used,     2.07 MB (  2%) free+waste,   468.81 KB ( <1%) overhead. 
      Class:     18.95 MB capacity,    17.52 MB ( 92%) used,     1.24 MB (  7%) free+waste,   206.75 KB (  1%) overhead. 
       Both:    144.57 MB capacity,   140.61 MB ( 97%) used,     3.31 MB (  2%) free+waste,   675.56 KB ( <1%) overhead. 

Virtual space:
  Non-class space:      126.00 MB reserved,     125.67 MB (>99%) committed 
      Class space:        1.00 GB reserved,      19.05 MB (  2%) committed 
             Both:        1.12 GB reserved,     144.71 MB ( 13%) committed 

Chunk freelists:
   Non-Class:  49.00 KB
       Class:  0 bytes
        Both:  49.00 KB

MaxMetaspaceSize: 17179869184.00 GB
CompressedClassSpaceSize: 1.00 GB

CodeHeap 'non-profiled nmethods': size=120064Kb used=14546Kb max_used=14546Kb free=105518Kb
 bounds [0x0000024ece8a0000, 0x0000024ecf6e0000, 0x0000024ed5de0000]
CodeHeap 'profiled nmethods': size=120000Kb used=53389Kb max_used=53389Kb free=66611Kb
 bounds [0x0000024ec7370000, 0x0000024eca7b0000, 0x0000024ece8a0000]
CodeHeap 'non-nmethods': size=5696Kb used=2391Kb max_used=2454Kb free=3304Kb
 bounds [0x0000024ec6de0000, 0x0000024ec7050000, 0x0000024ec7370000]
 total_blobs=22795 nmethods=21772 adapters=932
 compilation: enabled
              stopped_count=0, restarted_count=0
 full_count=0

Compilation events (20 events):
Event: 2912.333 Thread 0x0000024edd769800 nmethod 23690 0x0000024eca7a6010 code [0x0000024eca7a6220, 0x0000024eca7a6628]
Event: 2912.333 Thread 0x0000024edd769800 23689       2       com.android.tools.r8.internal.Qr::c (14 bytes)
Event: 2912.333 Thread 0x0000024edd769800 nmethod 23689 0x0000024eca7a6810 code [0x0000024eca7a69c0, 0x0000024eca7a6b28]
Event: 2912.378 Thread 0x0000024edd769800 23691 %     3       com.android.tools.r8.internal.Ne::H @ 21 (251 bytes)
Event: 2912.380 Thread 0x0000024edd769800 nmethod 23691% 0x0000024eca7a6c10 code [0x0000024eca7a7020, 0x0000024eca7a8848]
Event: 2912.386 Thread 0x0000024edd769800 23692       1       com.android.tools.r8.internal.Wr::f2 (2 bytes)
Event: 2912.386 Thread 0x0000024edd769800 nmethod 23692 0x0000024ecf6d7910 code [0x0000024ecf6d7ac0, 0x0000024ecf6d7b78]
Event: 2912.413 Thread 0x0000024edd769800 23694       2       com.android.tools.r8.internal.p4::a (58 bytes)
Event: 2912.413 Thread 0x0000024edd769800 nmethod 23694 0x0000024eca7a9290 code [0x0000024eca7a94c0, 0x0000024eca7a9b08]
Event: 2912.416 Thread 0x0000024edd769800 23695       2       com.android.tools.r8.internal.QG::a (19 bytes)
Event: 2912.417 Thread 0x0000024edd769800 nmethod 23695 0x0000024eca7a9f10 code [0x0000024eca7aa100, 0x0000024eca7aa4d8]
Event: 2912.417 Thread 0x0000024edd769800 23696       2       com.android.tools.r8.internal.QG$$Lambda$1572/0x0000000100b0a040::get$Lambda (9 bytes)
Event: 2912.417 Thread 0x0000024edd769800 nmethod 23696 0x0000024eca7aa690 code [0x0000024eca7aa840, 0x0000024eca7aa9b8]
Event: 2912.417 Thread 0x0000024edd769800 23697       2       com.android.tools.r8.internal.QG$$Lambda$1572/0x0000000100b0a040::<init> (10 bytes)
Event: 2912.417 Thread 0x0000024edd769800 nmethod 23697 0x0000024eca7aaa90 code [0x0000024eca7aac40, 0x0000024eca7aad78]
Event: 2912.420 Thread 0x0000024edd769800 23698       2       com.android.tools.r8.internal.qf::g (15 bytes)
Event: 2912.420 Thread 0x0000024edd769800 nmethod 23698 0x0000024eca7aae10 code [0x0000024eca7aafe0, 0x0000024eca7ab238]
Event: 2912.420 Thread 0x0000024edd769800 23699       2       com.android.tools.r8.internal.pf::<init> (12 bytes)
Event: 2912.421 Thread 0x0000024edd769800 nmethod 23699 0x0000024eca7ab390 code [0x0000024eca7ab560, 0x0000024eca7ab7d8]
Event: 2912.470 Thread 0x0000024edd769800 23701       3       com.android.tools.r8.internal.F7::o (704 bytes)

GC Heap History (20 events):
Event: 2909.003 GC heap after
{Heap after GC invocations=70 (full 0):
 garbage-first heap   total 236544K, used 152114K [0x0000000080000000, 0x0000000100000000)
  region size 1024K, 1 young (1024K), 1 survivors (1024K)
 Metaspace       used 142780K, capacity 146773K, committed 147036K, reserved 1177600K
  class space    used 17870K, capacity 19316K, committed 19376K, reserved 1048576K
}
Event: 2909.275 GC heap before
{Heap before GC invocations=70 (full 0):
 garbage-first heap   total 236544K, used 179762K [0x0000000080000000, 0x0000000100000000)
  region size 1024K, 28 young (28672K), 1 survivors (1024K)
 Metaspace       used 142945K, capacity 146905K, committed 147036K, reserved 1177600K
  class space    used 17872K, capacity 19317K, committed 19376K, reserved 1048576K
}
Event: 2909.280 GC heap after
{Heap after GC invocations=71 (full 0):
 garbage-first heap   total 236544K, used 152746K [0x0000000080000000, 0x0000000100000000)
  region size 1024K, 2 young (2048K), 2 survivors (2048K)
 Metaspace       used 142945K, capacity 146905K, committed 147036K, reserved 1177600K
  class space    used 17872K, capacity 19317K, committed 19376K, reserved 1048576K
}
Event: 2909.596 GC heap before
{Heap before GC invocations=71 (full 0):
 garbage-first heap   total 236544K, used 182442K [0x0000000080000000, 0x0000000100000000)
  region size 1024K, 31 young (31744K), 2 survivors (2048K)
 Metaspace       used 143058K, capacity 147048K, committed 147292K, reserved 1177600K
  class space    used 17874K, capacity 19321K, committed 19376K, reserved 1048576K
}
Event: 2909.601 GC heap after
{Heap after GC invocations=72 (full 0):
 garbage-first heap   total 287744K, used 153287K [0x0000000080000000, 0x0000000100000000)
  region size 1024K, 2 young (2048K), 2 survivors (2048K)
 Metaspace       used 143058K, capacity 147048K, committed 147292K, reserved 1177600K
  class space    used 17874K, capacity 19321K, committed 19376K, reserved 1048576K
}
Event: 2910.130 GC heap before
{Heap before GC invocations=72 (full 0):
 garbage-first heap   total 287744K, used 205511K [0x0000000080000000, 0x0000000100000000)
  region size 1024K, 53 young (54272K), 2 survivors (2048K)
 Metaspace       used 143310K, capacity 147306K, committed 147548K, reserved 1177600K
  class space    used 17885K, capacity 19340K, committed 19376K, reserved 1048576K
}
Event: 2910.133 GC heap after
{Heap after GC invocations=73 (full 0):
 garbage-first heap   total 287744K, used 153427K [0x0000000080000000, 0x0000000100000000)
  region size 1024K, 2 young (2048K), 2 survivors (2048K)
 Metaspace       used 143310K, capacity 147306K, committed 147548K, reserved 1177600K
  class space    used 17885K, capacity 19340K, committed 19376K, reserved 1048576K
}
Event: 2910.430 GC heap before
{Heap before GC invocations=73 (full 0):
 garbage-first heap   total 287744K, used 210771K [0x0000000080000000, 0x0000000100000000)
  region size 1024K, 58 young (59392K), 2 survivors (2048K)
 Metaspace       used 143378K, capacity 147384K, committed 147548K, reserved 1177600K
  class space    used 17887K, capacity 19343K, committed 19376K, reserved 1048576K
}
Event: 2910.437 GC heap after
{Heap after GC invocations=74 (full 0):
 garbage-first heap   total 287744K, used 155967K [0x0000000080000000, 0x0000000100000000)
  region size 1024K, 5 young (5120K), 5 survivors (5120K)
 Metaspace       used 143378K, capacity 147384K, committed 147548K, reserved 1177600K
  class space    used 17887K, capacity 19343K, committed 19376K, reserved 1048576K
}
Event: 2910.811 GC heap before
{Heap before GC invocations=74 (full 0):
 garbage-first heap   total 287744K, used 215359K [0x0000000080000000, 0x0000000100000000)
  region size 1024K, 63 young (64512K), 5 survivors (5120K)
 Metaspace       used 143513K, capacity 147468K, committed 147548K, reserved 1177600K
  class space    used 17889K, capacity 19347K, committed 19376K, reserved 1048576K
}
Event: 2910.816 GC heap after
{Heap after GC invocations=75 (full 0):
 garbage-first heap   total 287744K, used 154869K [0x0000000080000000, 0x0000000100000000)
  region size 1024K, 3 young (3072K), 3 survivors (3072K)
 Metaspace       used 143513K, capacity 147468K, committed 147548K, reserved 1177600K
  class space    used 17889K, capacity 19347K, committed 19376K, reserved 1048576K
}
Event: 2911.180 GC heap before
{Heap before GC invocations=75 (full 0):
 garbage-first heap   total 287744K, used 218357K [0x0000000080000000, 0x0000000100000000)
  region size 1024K, 65 young (66560K), 3 survivors (3072K)
 Metaspace       used 143601K, capacity 147599K, committed 147804K, reserved 1177600K
  class space    used 17889K, capacity 19347K, committed 19376K, reserved 1048576K
}
Event: 2911.186 GC heap after
{Heap after GC invocations=76 (full 0):
 garbage-first heap   total 287744K, used 156616K [0x0000000080000000, 0x0000000100000000)
  region size 1024K, 4 young (4096K), 4 survivors (4096K)
 Metaspace       used 143601K, capacity 147599K, committed 147804K, reserved 1177600K
  class space    used 17889K, capacity 19347K, committed 19376K, reserved 1048576K
}
Event: 2911.500 GC heap before
{Heap before GC invocations=76 (full 0):
 garbage-first heap   total 287744K, used 224200K [0x0000000080000000, 0x0000000100000000)
  region size 1024K, 70 young (71680K), 4 survivors (4096K)
 Metaspace       used 143856K, capacity 147881K, committed 148188K, reserved 1177600K
  class space    used 17929K, capacity 19397K, committed 19504K, reserved 1048576K
}
Event: 2911.508 GC heap after
{Heap after GC invocations=77 (full 0):
 garbage-first heap   total 287744K, used 157389K [0x0000000080000000, 0x0000000100000000)
  region size 1024K, 5 young (5120K), 5 survivors (5120K)
 Metaspace       used 143856K, capacity 147881K, committed 148188K, reserved 1177600K
  class space    used 17929K, capacity 19397K, committed 19504K, reserved 1048576K
}
Event: 2911.830 GC heap before
{Heap before GC invocations=77 (full 0):
 garbage-first heap   total 287744K, used 227021K [0x0000000080000000, 0x0000000100000000)
  region size 1024K, 73 young (74752K), 5 survivors (5120K)
 Metaspace       used 143917K, capacity 147959K, committed 148188K, reserved 1177600K
  class space    used 17932K, capacity 19402K, committed 19504K, reserved 1048576K
}
Event: 2911.838 GC heap after
{Heap after GC invocations=78 (full 0):
 garbage-first heap   total 287744K, used 157969K [0x0000000080000000, 0x0000000100000000)
  region size 1024K, 6 young (6144K), 6 survivors (6144K)
 Metaspace       used 143917K, capacity 147959K, committed 148188K, reserved 1177600K
  class space    used 17932K, capacity 19402K, committed 19504K, reserved 1048576K
}
Event: 2912.144 GC heap before
{Heap before GC invocations=78 (full 0):
 garbage-first heap   total 287744K, used 229649K [0x0000000080000000, 0x0000000100000000)
  region size 1024K, 76 young (77824K), 6 survivors (6144K)
 Metaspace       used 143947K, capacity 147969K, committed 148188K, reserved 1177600K
  class space    used 17934K, capacity 19405K, committed 19504K, reserved 1048576K
}
Event: 2912.153 GC heap after
{Heap after GC invocations=79 (full 0):
 garbage-first heap   total 287744K, used 158708K [0x0000000080000000, 0x0000000100000000)
  region size 1024K, 6 young (6144K), 6 survivors (6144K)
 Metaspace       used 143947K, capacity 147969K, committed 148188K, reserved 1177600K
  class space    used 17934K, capacity 19405K, committed 19504K, reserved 1048576K
}
Event: 2912.470 GC heap before
{Heap before GC invocations=79 (full 0):
 garbage-first heap   total 287744K, used 233460K [0x0000000080000000, 0x0000000100000000)
  region size 1024K, 79 young (80896K), 6 survivors (6144K)
 Metaspace       used 143981K, capacity 148043K, committed 148188K, reserved 1177600K
  class space    used 17936K, capacity 19408K, committed 19504K, reserved 1048576K
}

Deoptimization events (20 events):
Event: 2911.820 Thread 0x0000024ee1345000 DEOPT PACKING pc=0x0000024eceeacc84 sp=0x0000008242cf3790
Event: 2911.820 Thread 0x0000024ee1345000 DEOPT UNPACKING pc=0x0000024ec6e078af sp=0x0000008242cf3768 mode 2
Event: 2911.822 Thread 0x0000024ee1345000 Uncommon trap: trap_request=0xffffff4d fr.pc=0x0000024ecf6a65b4 relative=0x0000000000000f34
Event: 2911.822 Thread 0x0000024ee1345000 Uncommon trap: reason=unstable_if action=reinterpret pc=0x0000024ecf6a65b4 method=com.android.tools.r8.internal.XC.b(Lcom/android/tools/r8/internal/Gg;)V @ 150 c2
Event: 2911.822 Thread 0x0000024ee1345000 DEOPT PACKING pc=0x0000024ecf6a65b4 sp=0x0000008242cf3d90
Event: 2911.822 Thread 0x0000024ee1345000 DEOPT UNPACKING pc=0x0000024ec6e078af sp=0x0000008242cf3dc0 mode 2
Event: 2911.962 Thread 0x0000024ee1345000 DEOPT PACKING pc=0x0000024ec8157359 sp=0x0000008242cf3960
Event: 2911.962 Thread 0x0000024ee1345000 DEOPT UNPACKING pc=0x0000024ec6e076ce sp=0x0000008242cf2ef0 mode 0
Event: 2911.997 Thread 0x0000024ee0afd800 DEOPT PACKING pc=0x0000024eca7643d8 sp=0x00000082444f91a0
Event: 2911.997 Thread 0x0000024ee0afd800 DEOPT UNPACKING pc=0x0000024ec6e076ce sp=0x00000082444f8680 mode 0
Event: 2912.032 Thread 0x0000024ee1345000 DEOPT PACKING pc=0x0000024ec79870e1 sp=0x0000008242cf3930
Event: 2912.032 Thread 0x0000024ee1345000 DEOPT UNPACKING pc=0x0000024ec6e076ce sp=0x0000008242cf2e38 mode 0
Event: 2912.075 Thread 0x0000024ee1345000 DEOPT PACKING pc=0x0000024ec7a03643 sp=0x0000008242cf3d10
Event: 2912.075 Thread 0x0000024ee1345000 DEOPT UNPACKING pc=0x0000024ec6e076ce sp=0x0000008242cf31b0 mode 0
Event: 2912.096 Thread 0x0000024ee1345000 DEOPT PACKING pc=0x0000024eca7643d8 sp=0x0000008242cf3750
Event: 2912.096 Thread 0x0000024ee1345000 DEOPT UNPACKING pc=0x0000024ec6e076ce sp=0x0000008242cf2c30 mode 0
Event: 2912.275 Thread 0x0000024ee1345000 DEOPT PACKING pc=0x0000024eca2df996 sp=0x0000008242cf3d10
Event: 2912.275 Thread 0x0000024ee1345000 DEOPT UNPACKING pc=0x0000024ec6e076ce sp=0x0000008242cf3408 mode 0
Event: 2912.470 Thread 0x0000024ee0afd800 DEOPT PACKING pc=0x0000024ec81ae7e7 sp=0x00000082444f9a10
Event: 2912.470 Thread 0x0000024ee0afd800 DEOPT UNPACKING pc=0x0000024ec6e076ce sp=0x00000082444f9020 mode 0

Classes redefined (0 events):
No events

Internal exceptions (20 events):
Event: 2906.129 Thread 0x0000024ee0af9800 Exception <a 'sun/nio/fs/WindowsException'{0x000000008b62cc88}> (0x000000008b62cc88) thrown at [./src/hotspot/share/prims/jni.cpp, line 615]
Event: 2906.139 Thread 0x0000024ee0af9800 Exception <a 'sun/nio/fs/WindowsException'{0x000000008b6581a8}> (0x000000008b6581a8) thrown at [./src/hotspot/share/prims/jni.cpp, line 615]
Event: 2906.147 Thread 0x0000024ee0af9800 Exception <a 'sun/nio/fs/WindowsException'{0x000000008b6676a0}> (0x000000008b6676a0) thrown at [./src/hotspot/share/prims/jni.cpp, line 615]
Event: 2906.171 Thread 0x0000024ee0af9800 Exception <a 'sun/nio/fs/WindowsException'{0x000000008b6837f8}> (0x000000008b6837f8) thrown at [./src/hotspot/share/prims/jni.cpp, line 615]
Event: 2906.238 Thread 0x0000024ee0af2800 Exception <a 'java/lang/NoSuchMethodError'{0x000000008b45c260}: <clinit>> (0x000000008b45c260) thrown at [./src/hotspot/share/prims/jni.cpp, line 1362]
Event: 2906.241 Thread 0x0000024ee0af2800 Exception <a 'java/lang/NoSuchMethodError'{0x000000008b49a1c8}: <clinit>> (0x000000008b49a1c8) thrown at [./src/hotspot/share/prims/jni.cpp, line 1362]
Event: 2906.566 Thread 0x0000024ee0afb000 Exception <a 'sun/nio/fs/WindowsException'{0x000000008b57b3a8}> (0x000000008b57b3a8) thrown at [./src/hotspot/share/prims/jni.cpp, line 615]
Event: 2906.576 Thread 0x0000024ee1345000 Exception <a 'sun/nio/fs/WindowsException'{0x000000008b55c740}> (0x000000008b55c740) thrown at [./src/hotspot/share/prims/jni.cpp, line 615]
Event: 2906.859 Thread 0x0000024edfd13800 Exception <a 'java/lang/NoSuchMethodError'{0x000000008ae69580}: <clinit>> (0x000000008ae69580) thrown at [./src/hotspot/share/prims/jni.cpp, line 1362]
Event: 2906.889 Thread 0x0000024ee4987000 Exception <a 'sun/nio/fs/WindowsException'{0x000000008bf75698}> (0x000000008bf75698) thrown at [./src/hotspot/share/prims/jni.cpp, line 615]
Event: 2906.889 Thread 0x0000024ee498b000 Exception <a 'sun/nio/fs/WindowsException'{0x000000008bf83928}> (0x000000008bf83928) thrown at [./src/hotspot/share/prims/jni.cpp, line 615]
Event: 2906.931 Thread 0x0000024ee498b000 Exception <a 'sun/nio/fs/WindowsException'{0x000000008bdd0c18}> (0x000000008bdd0c18) thrown at [./src/hotspot/share/prims/jni.cpp, line 615]
Event: 2907.052 Thread 0x0000024ee498b000 Exception <a 'sun/nio/fs/WindowsException'{0x000000008bc28e28}> (0x000000008bc28e28) thrown at [./src/hotspot/share/prims/jni.cpp, line 615]
Event: 2907.100 Thread 0x0000024ee4987000 Exception <a 'sun/nio/fs/WindowsException'{0x000000008b988d80}> (0x000000008b988d80) thrown at [./src/hotspot/share/prims/jni.cpp, line 615]
Event: 2907.122 Thread 0x0000024ee4987000 Exception <a 'sun/nio/fs/WindowsException'{0x000000008bf27c18}> (0x000000008bf27c18) thrown at [./src/hotspot/share/prims/jni.cpp, line 615]
Event: 2907.154 Thread 0x0000024ee4987000 Exception <a 'sun/nio/fs/WindowsException'{0x000000008bf2f4b8}> (0x000000008bf2f4b8) thrown at [./src/hotspot/share/prims/jni.cpp, line 615]
Event: 2907.515 Thread 0x0000024ee0afd800 Exception <a 'sun/nio/fs/WindowsException'{0x000000008a904d30}> (0x000000008a904d30) thrown at [./src/hotspot/share/prims/jni.cpp, line 615]
Event: 2907.554 Thread 0x0000024ee1345000 Exception <a 'sun/nio/fs/WindowsException'{0x000000008b9ca5b8}> (0x000000008b9ca5b8) thrown at [./src/hotspot/share/prims/jni.cpp, line 615]
Event: 2909.699 Thread 0x0000024ee1345000 Implicit null exception at 0x0000024ecf649c7f to 0x0000024ecf64fa9c
Event: 2910.428 Thread 0x0000024ee1345000 Implicit null exception at 0x0000024ecf66d09b to 0x0000024ecf670024

Events (20 events):
Event: 2911.952 loading class com/android/tools/r8/code/I0 done
Event: 2911.952 loading class com/android/tools/r8/code/I0
Event: 2911.952 loading class com/android/tools/r8/code/I0 done
Event: 2912.144 Executing VM operation: G1CollectForAllocation
Event: 2912.153 Executing VM operation: G1CollectForAllocation done
Event: 2912.165 loading class com/android/tools/r8/internal/GE
Event: 2912.165 loading class com/android/tools/r8/internal/GE done
Event: 2912.165 loading class com/android/tools/r8/internal/GE
Event: 2912.165 loading class com/android/tools/r8/internal/GE done
Event: 2912.165 loading class com/android/tools/r8/internal/FE
Event: 2912.165 loading class com/android/tools/r8/internal/FE done
Event: 2912.166 loading class com/android/tools/r8/code/S0
Event: 2912.166 loading class com/android/tools/r8/code/S0 done
Event: 2912.166 loading class com/android/tools/r8/code/S0
Event: 2912.166 loading class com/android/tools/r8/code/S0 done
Event: 2912.166 loading class com/android/tools/r8/code/S0
Event: 2912.166 loading class com/android/tools/r8/code/S0 done
Event: 2912.238 loading class com/android/tools/r8/internal/a5
Event: 2912.238 loading class com/android/tools/r8/internal/a5 done
Event: 2912.470 Executing VM operation: G1CollectForAllocation


Dynamic libraries:
0x00007ff7bebc0000 - 0x00007ff7bebca000 	C:\Program Files\Android\Android Studio\jre\bin\java.exe
0x00007ffbb4490000 - 0x00007ffbb4685000 	C:\WINDOWS\SYSTEM32\ntdll.dll
0x00007ffbb3ab0000 - 0x00007ffbb3b6e000 	C:\WINDOWS\System32\KERNEL32.DLL
0x00007ffbb1d30000 - 0x00007ffbb1ff8000 	C:\WINDOWS\System32\KERNELBASE.dll
0x00007ffbb1c30000 - 0x00007ffbb1d30000 	C:\WINDOWS\System32\ucrtbase.dll
0x00007ffb92f30000 - 0x00007ffb92f47000 	C:\Program Files\Android\Android Studio\jre\bin\VCRUNTIME140.dll
0x00007ffb8e390000 - 0x00007ffb8e3a9000 	C:\Program Files\Android\Android Studio\jre\bin\jli.dll
0x00007ffbb3620000 - 0x00007ffbb37c1000 	C:\WINDOWS\System32\USER32.dll
0x00007ffbb21a0000 - 0x00007ffbb21c2000 	C:\WINDOWS\System32\win32u.dll
0x00007ffb9bf30000 - 0x00007ffb9c1ca000 	C:\WINDOWS\WinSxS\amd64_microsoft.windows.common-controls_6595b64144ccf1df_6.0.19041.1110_none_60b5254171f9507e\COMCTL32.dll
0x00007ffbb3550000 - 0x00007ffbb357b000 	C:\WINDOWS\System32\GDI32.dll
0x00007ffbb3580000 - 0x00007ffbb361e000 	C:\WINDOWS\System32\msvcrt.dll
0x00007ffbb2090000 - 0x00007ffbb219d000 	C:\WINDOWS\System32\gdi32full.dll
0x00007ffbb2330000 - 0x00007ffbb23cd000 	C:\WINDOWS\System32\msvcp_win.dll
0x00007ffbb3980000 - 0x00007ffbb39b0000 	C:\WINDOWS\System32\IMM32.DLL
0x00007ffb560c0000 - 0x00007ffb5615d000 	C:\Program Files\Android\Android Studio\jre\bin\msvcp140.dll
0x00007ffb40640000 - 0x00007ffb4110f000 	C:\Program Files\Android\Android Studio\jre\bin\server\jvm.dll
0x00007ffbb24d0000 - 0x00007ffbb257c000 	C:\WINDOWS\System32\ADVAPI32.dll
0x00007ffbb3ff0000 - 0x00007ffbb408b000 	C:\WINDOWS\System32\sechost.dll
0x00007ffbb33c0000 - 0x00007ffbb34ea000 	C:\WINDOWS\System32\RPCRT4.dll
0x00007ffbb3aa0000 - 0x00007ffbb3aa8000 	C:\WINDOWS\System32\PSAPI.DLL
0x00007ffb9ae70000 - 0x00007ffb9ae97000 	C:\WINDOWS\SYSTEM32\WINMM.dll
0x00007ffbac480000 - 0x00007ffbac489000 	C:\WINDOWS\SYSTEM32\WSOCK32.dll
0x00007ffbabce0000 - 0x00007ffbabcea000 	C:\WINDOWS\SYSTEM32\VERSION.dll
0x00007ffbb4300000 - 0x00007ffbb436b000 	C:\WINDOWS\System32\WS2_32.dll
0x00007ffbaf9d0000 - 0x00007ffbaf9e2000 	C:\WINDOWS\SYSTEM32\kernel.appcore.dll
0x00007ffba2740000 - 0x00007ffba2751000 	C:\Program Files\Android\Android Studio\jre\bin\verify.dll
0x00007ffba9480000 - 0x00007ffba9664000 	C:\WINDOWS\SYSTEM32\DBGHELP.DLL
0x00007ffb9a320000 - 0x00007ffb9a34c000 	C:\WINDOWS\SYSTEM32\dbgcore.DLL
0x00007ffbb2000000 - 0x00007ffbb2082000 	C:\WINDOWS\System32\bcryptPrimitives.dll
0x00007ffb98aa0000 - 0x00007ffb98ac9000 	C:\Program Files\Android\Android Studio\jre\bin\java.dll
0x00007ffba2810000 - 0x00007ffba281b000 	C:\Program Files\Android\Android Studio\jre\bin\jimage.dll
0x00007ffb9c5a0000 - 0x00007ffb9c5b8000 	C:\Program Files\Android\Android Studio\jre\bin\zip.dll
0x00007ffbb2580000 - 0x00007ffbb2cc4000 	C:\WINDOWS\System32\SHELL32.dll
0x00007ffbafcb0000 - 0x00007ffbb0444000 	C:\WINDOWS\SYSTEM32\windows.storage.dll
0x00007ffbb2e60000 - 0x00007ffbb31b5000 	C:\WINDOWS\System32\combase.dll
0x00007ffbb15f0000 - 0x00007ffbb161e000 	C:\WINDOWS\SYSTEM32\Wldp.dll
0x00007ffbb31c0000 - 0x00007ffbb326d000 	C:\WINDOWS\System32\SHCORE.dll
0x00007ffbb34f0000 - 0x00007ffbb3545000 	C:\WINDOWS\System32\shlwapi.dll
0x00007ffbb1ae0000 - 0x00007ffbb1aff000 	C:\WINDOWS\SYSTEM32\profapi.dll
0x00007ffb98a80000 - 0x00007ffb98a9a000 	C:\Program Files\Android\Android Studio\jre\bin\net.dll
0x00007ffba1d80000 - 0x00007ffba1e8c000 	C:\WINDOWS\SYSTEM32\WINHTTP.dll
0x00007ffbb1350000 - 0x00007ffbb13ba000 	C:\WINDOWS\system32\mswsock.dll
0x00007ffb98a60000 - 0x00007ffb98a74000 	C:\Program Files\Android\Android Studio\jre\bin\nio.dll
0x00007ffb833c0000 - 0x00007ffb833e7000 	C:\Users\Lenovo\.gradle\native\8bec1ad78214c89d9ad589b4d07fe93259594b29d510b10fafb7a158f7737e5d\windows-amd64\native-platform.dll
0x00007ffb56160000 - 0x00007ffb5629d000 	C:\Users\Lenovo\.gradle\native\53dbd7edfb1c66fb8903c78663c9afc45aea4f116125fa6feffd364cf09443e8\windows-amd64\native-platform-file-events.dll
0x00007ffba24e0000 - 0x00007ffba24ea000 	C:\Program Files\Android\Android Studio\jre\bin\management.dll
0x00007ffba2100000 - 0x00007ffba210c000 	C:\Program Files\Android\Android Studio\jre\bin\management_ext.dll
0x00007ffbb1540000 - 0x00007ffbb1558000 	C:\WINDOWS\SYSTEM32\CRYPTSP.dll
0x00007ffbb0c60000 - 0x00007ffbb0c94000 	C:\WINDOWS\system32\rsaenh.dll
0x00007ffbb1c00000 - 0x00007ffbb1c27000 	C:\WINDOWS\System32\bcrypt.dll
0x00007ffbb1aa0000 - 0x00007ffbb1ace000 	C:\WINDOWS\SYSTEM32\USERENV.dll
0x00007ffbb1560000 - 0x00007ffbb156c000 	C:\WINDOWS\SYSTEM32\CRYPTBASE.dll
0x00007ffbb0ff0000 - 0x00007ffbb102b000 	C:\WINDOWS\SYSTEM32\IPHLPAPI.DLL
0x00007ffbb3270000 - 0x00007ffbb3278000 	C:\WINDOWS\System32\NSI.dll
0x00007ffba9270000 - 0x00007ffba9287000 	C:\WINDOWS\SYSTEM32\dhcpcsvc6.DLL
0x00007ffba92b0000 - 0x00007ffba92cd000 	C:\WINDOWS\SYSTEM32\dhcpcsvc.DLL
0x00007ffbb1040000 - 0x00007ffbb110b000 	C:\WINDOWS\SYSTEM32\DNSAPI.dll
0x00007ffbad020000 - 0x00007ffbad047000 	C:\Program Files\Android\Android Studio\jre\bin\sunec.dll
0x00007ffba15d0000 - 0x00007ffba15da000 	C:\Windows\System32\rasadhlp.dll
0x00007ffba2010000 - 0x00007ffba208f000 	C:\WINDOWS\System32\fwpuclnt.dll
0x00007ffbb0890000 - 0x00007ffbb08c3000 	C:\WINDOWS\SYSTEM32\ntmarta.dll

dbghelp: loaded successfully - version: 4.0.5 - missing functions: none
symbol engine: initialized successfully - sym options: 0x614 - pdb path: .;C:\Program Files\Android\Android Studio\jre\bin;C:\WINDOWS\SYSTEM32;C:\WINDOWS\WinSxS\amd64_microsoft.windows.common-controls_6595b64144ccf1df_6.0.19041.1110_none_60b5254171f9507e;C:\Program Files\Android\Android Studio\jre\bin\server;C:\Users\Lenovo\.gradle\native\8bec1ad78214c89d9ad589b4d07fe93259594b29d510b10fafb7a158f7737e5d\windows-amd64;C:\Users\Lenovo\.gradle\native\53dbd7edfb1c66fb8903c78663c9afc45aea4f116125fa6feffd364cf09443e8\windows-amd64

VM Arguments:
jvm_args: --add-opens=java.base/java.util=ALL-UNNAMED --add-opens=java.base/java.lang=ALL-UNNAMED --add-opens=java.base/java.lang.invoke=ALL-UNNAMED --add-opens=java.base/java.util=ALL-UNNAMED --add-opens=java.prefs/java.util.prefs=ALL-UNNAMED --add-opens=java.prefs/java.util.prefs=ALL-UNNAMED --add-opens=java.base/java.nio.charset=ALL-UNNAMED --add-opens=java.base/java.net=ALL-UNNAMED --add-opens=java.base/java.util.concurrent.atomic=ALL-UNNAMED -Xmx2048m -Dfile.encoding=UTF-8 -Duser.country=ID -Duser.language=en -Duser.variant 
java_command: org.gradle.launcher.daemon.bootstrap.GradleDaemon 7.0.2
java_class_path (initial): C:\Users\Lenovo\.gradle\wrapper\dists\gradle-7.0.2-bin\857tjihv64xamwrf0h14cai3r\gradle-7.0.2\lib\gradle-launcher-7.0.2.jar
Launcher Type: SUN_STANDARD

[Global flags]
     intx CICompilerCount                          = 3                                         {product} {ergonomic}
     uint ConcGCThreads                            = 1                                         {product} {ergonomic}
     uint G1ConcRefinementThreads                  = 4                                         {product} {ergonomic}
   size_t G1HeapRegionSize                         = 1048576                                   {product} {ergonomic}
    uintx GCDrainStackTargetSize                   = 64                                        {product} {ergonomic}
   size_t InitialHeapSize                          = 201326592                                 {product} {ergonomic}
   size_t MarkStackSize                            = 4194304                                   {product} {ergonomic}
   size_t MaxHeapSize                              = 2147483648                                {product} {command line}
   size_t MaxNewSize                               = 1287651328                                {product} {ergonomic}
   size_t MinHeapDeltaBytes                        = 1048576                                   {product} {ergonomic}
    uintx NonNMethodCodeHeapSize                   = 5830732                                {pd product} {ergonomic}
    uintx NonProfiledCodeHeapSize                  = 122913754                              {pd product} {ergonomic}
    uintx ProfiledCodeHeapSize                     = 122913754                              {pd product} {ergonomic}
    uintx ReservedCodeCacheSize                    = 251658240                              {pd product} {ergonomic}
     bool SegmentedCodeCache                       = true                                      {product} {ergonomic}
     bool UseCompressedClassPointers               = true                                 {lp64_product} {ergonomic}
     bool UseCompressedOops                        = true                                 {lp64_product} {ergonomic}
     bool UseG1GC                                  = true                                      {product} {ergonomic}
     bool UseLargePagesIndividualAllocation        = false                                  {pd product} {ergonomic}

Logging:
Log output configuration:
 #0: stdout all=warning uptime,level,tags
 #1: stderr all=off uptime,level,tags

Environment Variables:
PATH=C:\Program Files (x86)\Common Files\Oracle\Java\javapath;C:\WINDOWS\system32;C:\WINDOWS;C:\WINDOWS\System32\Wbem;C:\WINDOWS\System32\WindowsPowerShell\v1.0\;C:\WINDOWS\System32\OpenSSH\;C:\Users\Lenovo\AppData\Local\Microsoft\WindowsApps;C:\adb;C:\Program Files\PuTTY\;C:\WINDOWS\system32;C:\WINDOWS;C:\WINDOWS\System32\Wbem;C:\WINDOWS\System32\WindowsPowerShell\v1.0\;C:\WINDOWS\System32\OpenSSH\;C:\xampp\php;C:\ProgramData\ComposerSetup\bin;C:\WINDOWS\system32\config\systemprofile\AppData\Roaming\Composer\vendor\bin;C:\Program Files\Apache Software Foundation\apache-ant-1.10.9\bin;C:\Program Files\Git\cmd;C:\Users\Lenovo\AppData\Local\Programs\Python\Python39\Scripts\;C:\Users\Lenovo\AppData\Local\Programs\Python\Python39\;C:\Users\Lenovo\AppData\Local\Microsoft\WindowsApps;C:\Users\Lenovo\AppData\Local\Programs\Microsoft VS Code\bin;C:\Program Files (x86)\Nmap;C:\Users\Lenovo\AppData\Local\GitHubDesktop\bin;C:\Users\Lenovo\AppData\Roaming\Composer\vendor\bin
USERNAME=Lenovo
OS=Windows_NT
PROCESSOR_IDENTIFIER=Intel64 Family 6 Model 158 Stepping 9, GenuineIntel



---------------  S Y S T E M  ---------------

OS: Windows 10 , 64 bit Build 19041 (10.0.19041.1348)
OS uptime: 0 days 8:45 hours

CPU:total 4 (initial active 4) (2 cores per cpu, 2 threads per core) family 6 model 158 stepping 9 microcode 0xb4, cmov, cx8, fxsr, mmx, sse, sse2, sse3, ssse3, sse4.1, sse4.2, popcnt, avx, avx2, aes, clmul, erms, 3dnowpref, lzcnt, ht, tsc, tscinvbit, bmi1, bmi2, adx, fma

Memory: 4k page, system-wide physical 12199M (1419M free)
TotalPageFile size 16295M (AvailPageFile size 14M)
current process WorkingSet (physical memory assigned to process): 643M, peak: 643M
current process commit charge ("private bytes"): 714M, peak: 771M

vm_info: OpenJDK 64-Bit Server VM (11.0.10+0-b96-7249189) for windows-amd64 JRE (11.0.10+0-b96-7249189), built on Mar 31 2021 21:44:00 by "builder" with MS VC++ 14.0 (VS2015)

END.
